<?xml version="1.0" encoding="utf-8"?><testsuites name="pytest tests"><testsuite name="pytest" errors="0" failures="0" skipped="0" tests="103" time="11.165" timestamp="2026-09-10T19:25:47.594661+03:00" hostname="MacBook-Air-VseInstrumenty.local"><testcase classname="tests.test_mssql_native_partition_switch" name="test_authored_window_authorizes_partition_even_with_empty_input[0]" time="3.496" /><testcase classname="tests.test_mssql_native_partition_switch" name="test_authored_window_authorizes_partition_even_with_empty_input[3]" time="0.002" /><testcase classname="tests.test_mssql_native_partition_switch" name="test_rejects_non_exact_interval[None-end0]" time="0.002" /><testcase classname="tests.test_mssql_native_partition_switch" name="test_rejects_non_exact_interval[start1-end1]" time="0.001" /><testcase classname="tests.test_mssql_native_partition_switch" name="test_rejects_non_exact_interval[start2-None]" time="0.001" /><testcase classname="tests.test_mssql_native_partition_switch" name="test_rejects_non_exact_interval[start3-end3]" time="0.000" /><testcase classname="tests.test_mssql_native_partition_switch" name="test_rejects_unsafe_content[switch_out_rows-1-switch_out_not_empty]" time="0.001" /><testcase classname="tests.test_mssql_native_partition_switch" name="test_rejects_unsafe_content[prepared_outside_rows-1-prepared_rows_outside_interval]" time="0.001" /><testcase classname="tests.test_mssql_native_partition_switch" name="test_rejects_unsafe_content[prepared_rows--1-metadata_unknown]" time="0.002" /><testcase classname="tests.test_mssql_native_partition_switch" name="test_rejects_ineligible_table[owner_tag-foreign-owner_binding_mismatch]" time="0.004" /><testcase classname="tests.test_mssql_native_partition_switch" name="test_rejects_ineligible_table[layout_digest-different-layout_mismatch]" time="0.001" /><testcase classname="tests.test_mssql_native_partition_switch" name="test_rejects_ineligible_table[range_right-False-unsupported_partition_layout]" time="0.001" /><testcase classname="tests.test_mssql_native_partition_switch" name="test_rejects_ineligible_table[issues-value3-unsupported_dependency]" time="0.001" /><testcase classname="tests.test_mssql_native_partition_switch_catalog" name="test_adapter_fingerprints_distinguish_layout_from_object_identity" time="0.007" /><testcase classname="tests.test_mssql_native_partition_switch_catalog" name="test_missing_metadata_never_defaults_to_compatible[columns]" time="0.001" /><testcase classname="tests.test_mssql_native_partition_switch_catalog" name="test_missing_metadata_never_defaults_to_compatible[indexes]" time="0.001" /><testcase classname="tests.test_mssql_native_partition_switch_catalog" name="test_missing_metadata_never_defaults_to_compatible[functions]" time="0.001" /><testcase classname="tests.test_mssql_native_partition_switch_catalog" name="test_missing_metadata_never_defaults_to_compatible[partitions]" time="0.010" /><testcase classname="tests.test_mssql_native_partition_switch_catalog" name="test_missing_metadata_never_defaults_to_compatible[owner_tag]" time="0.006" /><testcase classname="tests.test_mssql_native_partition_switch_catalog" name="test_missing_metadata_never_defaults_to_compatible[is_tracked_by_cdc]" time="0.002" /><testcase classname="tests.test_mssql_native_partition_switch_catalog" name="test_missing_metadata_never_defaults_to_compatible[incoming_fks]" time="0.005" /><testcase classname="tests.test_mssql_native_partition_switch_catalog" name="test_unsupported_table_dependencies[temporal_type]" time="0.011" /><testcase classname="tests.test_mssql_native_partition_switch_catalog" name="test_unsupported_table_dependencies[is_tracked_by_cdc]" time="0.144" /><testcase classname="tests.test_mssql_native_partition_switch_catalog" name="test_unsupported_table_dependencies[is_replicated]" time="0.014" /><testcase classname="tests.test_mssql_native_partition_switch_catalog" name="test_unsupported_table_dependencies[ledger_type]" time="0.001" /><testcase classname="tests.test_mssql_native_partition_switch_catalog" name="test_unsupported_table_dependencies[is_external]" time="0.001" /><testcase classname="tests.test_mssql_native_partition_switch_catalog" name="test_unsupported_table_dependencies[is_memory_optimized]" time="0.002" /><testcase classname="tests.test_mssql_native_partition_switch_catalog" name="test_unsupported_external_dependencies[incoming_fks]" time="0.003" /><testcase classname="tests.test_mssql_native_partition_switch_catalog" name="test_unsupported_external_dependencies[bound_dependencies]" time="0.003" /><testcase classname="tests.test_mssql_native_partition_switch_catalog" name="test_unsupported_external_dependencies[security_predicates]" time="0.003" /><testcase classname="tests.test_mssql_native_partition_switch_catalog" name="test_unsupported_external_dependencies[change_tracking]" time="0.006" /><testcase classname="tests.test_mssql_native_partition_switch_catalog" name="test_server_visibility_and_database_are_required_before_table_reads[major-17-unsupported_server]" time="0.001" /><testcase classname="tests.test_mssql_native_partition_switch_catalog" name="test_server_visibility_and_database_are_required_before_table_reads[visible-None-metadata_visibility_required]" time="0.003" /><testcase classname="tests.test_mssql_native_partition_switch_catalog" name="test_server_visibility_and_database_are_required_before_table_reads[name-other-database_binding_mismatch]" time="0.001" /><testcase classname="tests.test_mssql_native_partition_switch_catalog" name="test_malformed_catalog[None]" time="0.000" /><testcase classname="tests.test_mssql_native_partition_switch_catalog" name="test_malformed_catalog[{}]" time="0.001" /><testcase classname="tests.test_mssql_native_partition_switch_catalog" name="test_malformed_catalog[[]]" time="0.001" /><testcase classname="tests.test_mssql_native_partition_switch_catalog" name="test_malformed_catalog[[{},{}]]" time="0.001" /><testcase classname="tests.test_mssql_native_partition_switch_catalog" name="test_malformed_catalog[null]" time="0.000" /><testcase classname="tests.test_mssql_native_partition_switch_catalog" name="test_malformed_catalog[broken]" time="0.001" /><testcase classname="tests.test_mssql_native_partition_switch_catalog" name="test_every_physical_shape_difference_fails_closed[columns-is_nullable-True]" time="0.003" /><testcase classname="tests.test_mssql_native_partition_switch_catalog" name="test_every_physical_shape_difference_fails_closed[columns-scale-7]" time="0.002" /><testcase classname="tests.test_mssql_native_partition_switch_catalog" name="test_every_physical_shape_difference_fails_closed[columns-collation_name-changed]" time="0.002" /><testcase classname="tests.test_mssql_native_partition_switch_catalog" name="test_every_physical_shape_difference_fails_closed[columns-max_length-4]" time="0.002" /><testcase classname="tests.test_mssql_native_partition_switch_catalog" name="test_every_physical_shape_difference_fails_closed[columns-type_name-xml]" time="0.001" /><testcase classname="tests.test_mssql_native_partition_switch_catalog" name="test_every_physical_shape_difference_fails_closed[indexes-is_disabled-True]" time="0.001" /><testcase classname="tests.test_mssql_native_partition_switch_catalog" name="test_every_physical_shape_difference_fails_closed[indexes-data_space_id-6]" time="0.001" /><testcase classname="tests.test_mssql_native_partition_switch_catalog" name="test_every_physical_shape_difference_fails_closed[indexes-is_unique-True]" time="0.002" /><testcase classname="tests.test_mssql_native_partition_switch_catalog" name="test_every_physical_shape_difference_fails_closed[indexes-type-5]" time="0.001" /><testcase classname="tests.test_mssql_native_partition_switch_catalog" name="test_every_physical_shape_difference_fails_closed[partitions-filegroup_id-8]" time="0.002" /><testcase classname="tests.test_mssql_native_partition_switch_catalog" name="test_every_physical_shape_difference_fails_closed[partitions-data_compression-2]" time="0.002" /><testcase classname="tests.test_mssql_native_partition_switch_catalog" name="test_every_physical_shape_difference_fails_closed[partitions-xml_compression-1]" time="0.002" /><testcase classname="tests.test_mssql_native_partition_switch_catalog" name="test_every_physical_shape_difference_fails_closed[functions-range_right-False]" time="0.002" /><testcase classname="tests.test_mssql_native_partition_switch_catalog" name="test_object_and_invocation_binding_precede_data_reads[object_id-999]" time="0.090" /><testcase classname="tests.test_mssql_native_partition_switch_catalog" name="test_object_and_invocation_binding_precede_data_reads[created_at-recreated]" time="0.075" /><testcase classname="tests.test_mssql_native_partition_switch_catalog" name="test_object_and_invocation_binding_precede_data_reads[owner_tag-foreign]" time="0.004" /><testcase classname="tests.test_mssql_native_partition_switch_catalog" name="test_drift_under_transaction_rejects_before_switch[catalog]" time="0.003" /><testcase classname="tests.test_mssql_native_partition_switch_catalog" name="test_drift_under_transaction_rejects_before_switch[owner]" time="0.002" /><testcase classname="tests.test_mssql_native_partition_switch_catalog" name="test_drift_under_transaction_rejects_before_switch[boundary]" time="0.004" /><testcase classname="tests.test_mssql_native_partition_switch_catalog" name="test_drift_under_transaction_rejects_before_switch[nonempty]" time="0.004" /><testcase classname="tests.test_mssql_native_partition_switch_catalog" name="test_drift_under_transaction_rejects_before_switch[outside]" time="0.008" /><testcase classname="tests.test_mssql_native_partition_switch_catalog" name="test_drift_under_transaction_rejects_before_switch[prepared_count]" time="0.003" /><testcase classname="tests.test_mssql_native_partition_switch_catalog" name="test_forged_partition_number_cannot_change_mutation_scope" time="0.003" /><testcase classname="tests.test_mssql_native_partition_switch_catalog" name="test_snapshot_is_detached_from_mutable_driver_records" time="0.002" /><testcase classname="tests.test_mssql_native_partition_switch_catalog" name="test_ddl_trigger_visibility_and_exclusion_before_any_table_read[server_visible-None-metadata_visibility_required]" time="0.001" /><testcase classname="tests.test_mssql_native_partition_switch_catalog" name="test_ddl_trigger_visibility_and_exclusion_before_any_table_read[database_triggers-1-unsupported_dependency]" time="0.001" /><testcase classname="tests.test_mssql_native_partition_switch_catalog" name="test_ddl_trigger_visibility_and_exclusion_before_any_table_read[server_triggers-1-unsupported_dependency]" time="0.001" /><testcase classname="tests.test_mssql_native_partition_switch_catalog" name="test_ddl_trigger_visibility_and_exclusion_before_any_table_read[server_triggers-None-metadata_unknown]" time="0.001" /><testcase classname="tests.test_mssql_native_partition_switch_catalog" name="test_standalone_bound_rules_and_defaults_are_not_hidden_by_empty_children[default_object_id]" time="0.002" /><testcase classname="tests.test_mssql_native_partition_switch_catalog" name="test_standalone_bound_rules_and_defaults_are_not_hidden_by_empty_children[rule_object_id]" time="0.002" /><testcase classname="tests.test_mssql_native_partition_switch_catalog" name="test_fulltext_index_is_explicitly_excluded" time="0.002" /><testcase classname="tests.test_mssql_native_partition_switch_catalog" name="test_aligned_clustered_rowstore_index_names_may_differ" time="0.082" /><testcase classname="tests.test_mssql_native_partition_switch_catalog" name="test_datetime2_utc_precision_preserves_exact_boundary" time="0.002" /><testcase classname="tests.test_mssql_native_partition_switch_catalog" name="test_boundary_unknown_never_converts_to_valid_partition[None]" time="0.001" /><testcase classname="tests.test_mssql_native_partition_switch_catalog" name="test_boundary_unknown_never_converts_to_valid_partition[not-a-date]" time="0.001" /><testcase classname="tests.test_mssql_native_partition_switch_catalog" name="test_boundary_unknown_never_converts_to_valid_partition[2026-01-01T00:00:00Z]" time="0.001" /><testcase classname="tests.test_mssql_native_partition_switch_recovery" name="test_two_switches_preserve_outside_rows_and_count_replaced_rows[False]" time="0.006" /><testcase classname="tests.test_mssql_native_partition_switch_recovery" name="test_two_switches_preserve_outside_rows_and_count_replaced_rows[True]" time="0.005" /><testcase classname="tests.test_mssql_native_partition_switch_recovery" name="test_transaction_rejection_precedes_locks_and_mutation[state-0]" time="0.002" /><testcase classname="tests.test_mssql_native_partition_switch_recovery" name="test_transaction_rejection_precedes_locks_and_mutation[state--1]" time="0.004" /><testcase classname="tests.test_mssql_native_partition_switch_recovery" name="test_transaction_rejection_precedes_locks_and_mutation[depth-2]" time="0.002" /><testcase classname="tests.test_mssql_native_partition_switch_recovery" name="test_transaction_rejection_precedes_locks_and_mutation[database_id-9]" time="0.002" /><testcase classname="tests.test_mssql_native_partition_switch_recovery" name="test_transaction_rejection_precedes_locks_and_mutation[xact_abort-0]" time="0.003" /><testcase classname="tests.test_mssql_native_partition_switch_recovery" name="test_transaction_rejection_precedes_locks_and_mutation[isolation-2]" time="0.002" /><testcase classname="tests.test_mssql_native_partition_switch_recovery" name="test_transaction_rejection_precedes_locks_and_mutation[session_id-None]" time="0.002" /><testcase classname="tests.test_mssql_native_partition_switch_recovery" name="test_owner_authority_is_mandatory" time="0.001" /><testcase classname="tests.test_mssql_native_partition_switch_recovery" name="test_original_failure_propagates_for_complete_caller_rollback[1]" time="0.112" /><testcase classname="tests.test_mssql_native_partition_switch_recovery" name="test_original_failure_propagates_for_complete_caller_rollback[2]" time="0.015" /><testcase classname="tests.test_mssql_native_partition_switch_recovery" name="test_existing_finalizer_settles_switch_handler_commit_without_replay[False-False]" time="0.005" /><testcase classname="tests.test_mssql_native_partition_switch_recovery" name="test_existing_finalizer_settles_switch_handler_commit_without_replay[True-True]" time="0.004" /><testcase classname="tests.test_mssql_native_partition_switch_recovery" name="test_existing_finalizer_settles_switch_handler_commit_without_replay[True-False]" time="0.003" /><testcase classname="tests.test_mssql_native_partition_switch_recovery" name="test_existing_finalizer_rolls_back_if_second_switch_fails" time="0.009" /><testcase classname="tests.test_mssql_native_partition_switch_recovery" name="test_receipt_first_resume_after_switch_emptied_prepared[False]" time="0.002" /><testcase classname="tests.test_mssql_native_partition_switch_recovery" name="test_receipt_first_resume_after_switch_emptied_prepared[True]" time="0.002" /><testcase classname="tests.test_mssql_native_partition_switch_recovery" name="test_same_count_value_tampering_is_reverified_under_held_locks" time="0.005" /><testcase classname="tests.test_mssql_native_partition_switch_recovery" name="test_prepared_null_and_outside_boundaries_rejected_with_real_row_double[None]" time="0.029" /><testcase classname="tests.test_mssql_native_partition_switch_recovery" name="test_prepared_null_and_outside_boundaries_rejected_with_real_row_double[day1]" time="0.003" /><testcase classname="tests.test_mssql_native_partition_switch_recovery" name="test_prepared_null_and_outside_boundaries_rejected_with_real_row_double[day2]" time="0.002" /><testcase classname="tests.test_runtime_partition_replace_native_contracts" name="test_mssql_explicit_fallback_skips_native_metadata_and_warning" time="0.001" /><testcase classname="tests.test_runtime_partition_replace_native_contracts" name="test_mssql_partition_replace_rejects_uncertified_native_switch_before_io" time="0.000" /><testcase classname="tests.test_runtime_partition_replace_native_contracts" name="test_postgres_partition_replace_uses_declarative_detach_attach_when_bounds_resolve" time="0.001" /><testcase classname="tests.test_runtime_partition_replace_native_contracts" name="test_bigquery_partition_replace_uses_partition_decorator_write_truncate" time="0.002" /><testcase classname="tests.test_runtime_partition_replace_native_contracts" name="test_bigquery_partition_replace_falls_back_for_ingestion_time_partitioning" time="0.001" /></testsuite></testsuites>