<?xml version="1.0" encoding="utf-8"?><testsuites name="pytest tests"><testsuite name="pytest" errors="0" failures="0" skipped="0" tests="296" time="6.213" timestamp="2026-09-10T20:46:56.870354+03:00" hostname="MacBook-Air-VseInstrumenty.local"><testcase classname="tests.test_mssql_schema_preplan" name="test_plan_only_add_column_blocks_before_source_rows" time="0.946" /><testcase classname="tests.test_mssql_schema_preplan" name="test_disabled_schema_evolution_rejects_drift_before_source_rows" time="0.002" /><testcase classname="tests.test_mssql_schema_preplan" name="test_disabled_schema_evolution_still_binds_exact_noop_catalog" time="0.001" /><testcase classname="tests.test_mssql_schema_preplan" name="test_explicitly_accepts_existing_nullable_target_without_schema_mutation" time="0.001" /><testcase classname="tests.test_mssql_schema_preplan" name="test_clickhouse_bounded_text_key_override_is_applied_before_existing_target_preflight" time="0.005" /><testcase classname="tests.test_mssql_schema_preplan" name="test_clickhouse_lossy_physical_override_is_rejected_before_existing_target_preflight" time="0.001" /><testcase classname="tests.test_mssql_schema_preplan" name="test_disabled_schema_evolution_accepts_fixed_framework_char_storage" time="0.007" /><testcase classname="tests.test_mssql_schema_preplan" name="test_xmin_initial_preflight_accepts_shared_snapshot_target_before_source_rows" time="0.003" /><testcase classname="tests.test_mssql_schema_preplan" name="test_existing_target_rejects_descending_unique_key_before_source_rows" time="0.003" /><testcase classname="tests.test_mssql_schema_preplan" name="test_external_physical_contract_is_verified_and_fingerprinted_before_source_rows" time="0.001" /><testcase classname="tests.test_mssql_schema_preplan" name="test_external_physical_drift_fails_before_source_rows" time="0.002" /><testcase classname="tests.test_mssql_schema_preplan" name="test_disabled_schema_evolution_still_rejects_business_char_varchar_drift" time="0.002" /><testcase classname="tests.test_mssql_schema_preplan" name="test_disabled_schema_evolution_revalidates_frozen_source_projection_after_extract" time="0.004" /><testcase classname="tests.test_mssql_schema_preplan" name="test_apply_add_column_freezes_catalog_expectation_and_ordered_ddl" time="0.009" /><testcase classname="tests.test_mssql_schema_preplan" name="test_missing_target_create_is_fully_planned_with_lineage_before_source" time="0.002" /><testcase classname="tests.test_mssql_schema_preplan" name="test_missing_target_preplan_keeps_transfer_partitioning_outside_physical_design" time="0.001" /><testcase classname="tests.test_mssql_schema_preplan" name="test_missing_target_after_image_matches_sql_server_disk_table_durability" time="0.002" /><testcase classname="tests.test_mssql_schema_preplan" name="test_missing_partition_target_uses_same_bin2_equality_collation_as_native_staging" time="0.003" /><testcase classname="tests.test_mssql_schema_preplan" name="test_target_projection_rejects_missing_partition_equality_key" time="0.001" /><testcase classname="tests.test_mssql_schema_preplan" name="test_fresh_float_physical_after_image_matches_vendor_catalog_precision" time="0.001" /><testcase classname="tests.test_mssql_schema_preplan" name="test_clickhouse_uint8_is_projected_once_to_tinyint_in_fresh_target_ddl" time="0.003" /><testcase classname="tests.test_mssql_schema_preplan" name="test_missing_scd2_target_create_binds_filtered_unique_and_strategy_columns" time="0.003" /><testcase classname="tests.test_mssql_schema_preplan" name="test_missing_target_primary_key_is_the_only_unique_authority" time="0.006" /><testcase classname="tests.test_mssql_schema_preplan" name="test_missing_target_resolves_filegroup_placement_from_exact_catalog_authority" time="0.001" /><testcase classname="tests.test_mssql_schema_preplan" name="test_filegroup_authority_preserves_case_distinct_catalog_names" time="0.002" /><testcase classname="tests.test_mssql_schema_preplan" name="test_filegroup_authority_does_not_emulate_database_collation_with_casefold" time="0.002" /><testcase classname="tests.test_mssql_schema_preplan" name="test_missing_target_rejects_unavailable_filegroup_before_create_plan[filegroup]" time="0.001" /><testcase classname="tests.test_mssql_schema_preplan" name="test_missing_target_rejects_unavailable_filegroup_before_create_plan[textimage_filegroup]" time="0.001" /><testcase classname="tests.test_mssql_schema_preplan" name="test_missing_target_clustered_columnstore_has_exact_catalog_after_image" time="0.009" /><testcase classname="tests.test_mssql_schema_preplan" name="test_missing_target_physical_plan_only_blocks_before_create_plan" time="0.002" /><testcase classname="tests.test_mssql_schema_preplan" name="test_existing_physical_drift_blocks_before_source_rows" time="0.005" /><testcase classname="tests.test_mssql_schema_preplan" name="test_existing_physical_safe_window_is_frozen_before_source_rows" time="0.005" /><testcase classname="tests.test_mssql_schema_preplan" name="test_payload_lifecycle_reuses_pre_source_physical_plan_without_reinspection" time="0.002" /><testcase classname="tests.test_mssql_schema_preplan" name="test_opaque_source_schema_capability_blocks_before_any_row_access" time="0.001" /><testcase classname="tests.test_mssql_schema_preplan" name="test_absent_target_schema_is_a_preprovisioning_blocker" time="0.001" /><testcase classname="tests.test_mssql_schema_preplan" name="test_catalog_reader_normalizes_odbc_empty_identity_variants_for_nonidentity_column" time="0.001" /><testcase classname="tests.test_mssql_schema_preplan" name="test_catalog_reader_binds_exact_writable_rows_filegroup_authority" time="0.001" /><testcase classname="tests.test_mssql_schema_preplan" name="test_catalog_reader_requires_complete_identity_metadata" time="0.002" /><testcase classname="tests.test_mssql_schema_preplan" name="test_catalog_reader_canonicalizes_complete_identity_metadata" time="0.001" /><testcase classname="tests.test_mssql_schema_preplan" name="test_sql_server_2019_catalog_projects_impossible_ledger_as_zero" time="0.001" /><testcase classname="tests.test_mssql_schema_preplan" name="test_sql_server_2022_catalog_reads_real_ledger_metadata" time="0.001" /><testcase classname="tests.test_mssql_schema_preplan" name="test_unsupported_target_behavior_blocks_before_source_rows[behavior0]" time="0.002" /><testcase classname="tests.test_mssql_schema_preplan" name="test_unsupported_target_behavior_blocks_before_source_rows[behavior1]" time="0.001" /><testcase classname="tests.test_mssql_schema_preplan" name="test_unsupported_target_behavior_blocks_before_source_rows[behavior2]" time="0.001" /><testcase classname="tests.test_mssql_schema_preplan" name="test_unsupported_target_behavior_blocks_before_source_rows[behavior3]" time="0.002" /><testcase classname="tests.test_mssql_schema_preplan" name="test_unsupported_target_behavior_blocks_before_source_rows[behavior4]" time="0.002" /><testcase classname="tests.test_mssql_schema_preplan" name="test_unsupported_target_behavior_blocks_before_source_rows[behavior5]" time="0.001" /><testcase classname="tests.test_mssql_schema_preplan" name="test_enabled_dml_trigger_blocks_before_source_rows" time="0.001" /><testcase classname="tests.test_mssql_schema_preplan" name="test_full_refresh_inbound_foreign_key_policy_is_catalog_first[CASCADE-inbound_cascading_foreign_key]" time="0.002" /><testcase classname="tests.test_mssql_schema_preplan" name="test_full_refresh_inbound_foreign_key_policy_is_catalog_first[SET_NULL-inbound_cascading_foreign_key]" time="0.008" /><testcase classname="tests.test_mssql_schema_preplan" name="test_full_refresh_inbound_foreign_key_policy_is_catalog_first[NO_ACTION-inbound_foreign_key_destructive_strategy]" time="0.003" /><testcase classname="tests.test_mssql_schema_preplan" name="test_incremental_append_allows_enabled_no_action_inbound_foreign_key" time="0.003" /><testcase classname="tests.test_mssql_schema_preplan" name="test_enabled_cascading_inbound_foreign_key_blocks_regardless_of_trust[False]" time="0.004" /><testcase classname="tests.test_mssql_schema_preplan" name="test_enabled_cascading_inbound_foreign_key_blocks_regardless_of_trust[True]" time="0.002" /><testcase classname="tests.test_mssql_schema_preplan" name="test_disabled_inbound_foreign_key_is_catalog_bound_but_non_blocking" time="0.001" /><testcase classname="tests.test_mssql_schema_preplan" name="test_self_referencing_cascade_is_treated_as_inbound_behavior" time="0.007" /><testcase classname="tests.test_mssql_schema_preplan" name="test_foreign_key_catalog_model_rejects_non_finite_identity[direction-sideways-direction_invalid]" time="0.011" /><testcase classname="tests.test_mssql_schema_preplan" name="test_foreign_key_catalog_model_rejects_non_finite_identity[delete_action-RESTRICT-action_invalid]" time="0.001" /><testcase classname="tests.test_mssql_schema_preplan" name="test_foreign_key_catalog_model_rejects_non_finite_identity[parent_columns-value2-columns_invalid]" time="0.001" /><testcase classname="tests.test_mssql_schema_preplan" name="test_temporal_catalog_projection_matches_sql_server_scale_metadata[time(0)-0-8-3]" time="0.001" /><testcase classname="tests.test_mssql_schema_preplan" name="test_temporal_catalog_projection_matches_sql_server_scale_metadata[time(1)-1-10-3]" time="0.000" /><testcase classname="tests.test_mssql_schema_preplan" name="test_temporal_catalog_projection_matches_sql_server_scale_metadata[time(2)-2-11-3]" time="0.000" /><testcase classname="tests.test_mssql_schema_preplan" name="test_temporal_catalog_projection_matches_sql_server_scale_metadata[time(3)-3-12-4]" time="0.000" /><testcase classname="tests.test_mssql_schema_preplan" name="test_temporal_catalog_projection_matches_sql_server_scale_metadata[time(4)-4-13-4]" time="0.001" /><testcase classname="tests.test_mssql_schema_preplan" name="test_temporal_catalog_projection_matches_sql_server_scale_metadata[time(5)-5-14-5]" time="0.001" /><testcase classname="tests.test_mssql_schema_preplan" name="test_temporal_catalog_projection_matches_sql_server_scale_metadata[time(6)-6-15-5]" time="0.001" /><testcase classname="tests.test_mssql_schema_preplan" name="test_temporal_catalog_projection_matches_sql_server_scale_metadata[time(7)-7-16-5]" time="0.001" /><testcase classname="tests.test_mssql_schema_preplan" name="test_temporal_catalog_projection_matches_sql_server_scale_metadata[datetime2(0)-0-19-6]" time="0.001" /><testcase classname="tests.test_mssql_schema_preplan" name="test_temporal_catalog_projection_matches_sql_server_scale_metadata[datetime2(1)-1-21-6]" time="0.001" /><testcase classname="tests.test_mssql_schema_preplan" name="test_temporal_catalog_projection_matches_sql_server_scale_metadata[datetime2(2)-2-22-6]" time="0.000" /><testcase classname="tests.test_mssql_schema_preplan" name="test_temporal_catalog_projection_matches_sql_server_scale_metadata[datetime2(3)-3-23-7]" time="0.000" /><testcase classname="tests.test_mssql_schema_preplan" name="test_temporal_catalog_projection_matches_sql_server_scale_metadata[datetime2(4)-4-24-7]" time="0.001" /><testcase classname="tests.test_mssql_schema_preplan" name="test_temporal_catalog_projection_matches_sql_server_scale_metadata[datetime2(5)-5-25-8]" time="0.001" /><testcase classname="tests.test_mssql_schema_preplan" name="test_temporal_catalog_projection_matches_sql_server_scale_metadata[datetime2(6)-6-26-8]" time="0.001" /><testcase classname="tests.test_mssql_schema_preplan" name="test_temporal_catalog_projection_matches_sql_server_scale_metadata[datetime2(7)-7-27-8]" time="0.001" /><testcase classname="tests.test_mssql_schema_preplan" name="test_temporal_catalog_projection_matches_sql_server_scale_metadata[datetimeoffset(0)-0-26-8]" time="0.001" /><testcase classname="tests.test_mssql_schema_preplan" name="test_temporal_catalog_projection_matches_sql_server_scale_metadata[datetimeoffset(1)-1-28-8]" time="0.001" /><testcase classname="tests.test_mssql_schema_preplan" name="test_temporal_catalog_projection_matches_sql_server_scale_metadata[datetimeoffset(2)-2-29-8]" time="0.003" /><testcase classname="tests.test_mssql_schema_preplan" name="test_temporal_catalog_projection_matches_sql_server_scale_metadata[datetimeoffset(3)-3-30-9]" time="0.001" /><testcase classname="tests.test_mssql_schema_preplan" name="test_temporal_catalog_projection_matches_sql_server_scale_metadata[datetimeoffset(4)-4-31-9]" time="0.001" /><testcase classname="tests.test_mssql_schema_preplan" name="test_temporal_catalog_projection_matches_sql_server_scale_metadata[datetimeoffset(5)-5-32-10]" time="0.001" /><testcase classname="tests.test_mssql_schema_preplan" name="test_temporal_catalog_projection_matches_sql_server_scale_metadata[datetimeoffset(6)-6-33-10]" time="0.001" /><testcase classname="tests.test_mssql_schema_preplan" name="test_temporal_catalog_projection_matches_sql_server_scale_metadata[datetimeoffset(7)-7-34-10]" time="0.001" /><testcase classname="tests.test_mssql_schema_preplan" name="test_schema_catalog_partition_is_stable_across_authorized_compression_rebuild" time="0.001" /><testcase classname="tests.test_mssql_schema_preplan" name="test_schema_catalog_digest_binds_writable_rows_filegroup_authority" time="0.001" /><testcase classname="tests.test_mssql_generic_transaction_governance" name="test_invocation_attempt_is_retry_stable_but_load_id_is_not_identity" time="0.001" /><testcase classname="tests.test_mssql_generic_transaction_governance" name="test_distinct_scheduler_invocation_allows_distinct_operation" time="0.001" /><testcase classname="tests.test_mssql_generic_transaction_governance" name="test_runtime_proven_backfill_invocation_is_stable_across_scheduler_reruns" time="0.005" /><testcase classname="tests.test_mssql_generic_transaction_governance" name="test_parent_process_lane_rebinds_portable_scope_once_and_rejects_other_chunk" time="0.019" /><testcase classname="tests.test_mssql_generic_transaction_governance" name="test_parent_process_lane_preserves_clickhouse_relation_without_relation_identity" time="0.003" /><testcase classname="tests.test_mssql_generic_transaction_governance" name="test_v1_compatible_attempt_key_keeps_physical_target_identity" time="0.001" /><testcase classname="tests.test_mssql_generic_transaction_governance" name="test_distinct_task_partition_is_the_multi_target_attempt_discriminator" time="0.000" /><testcase classname="tests.test_mssql_generic_transaction_governance" name="test_same_invocation_rotated_target_row_is_an_identity_collision" time="0.001" /><testcase classname="tests.test_mssql_generic_transaction_governance" name="test_operation_owner_reacquire_keeps_scope_and_changes_owner" time="0.001" /><testcase classname="tests.test_mssql_generic_transaction_governance" name="test_operation_lease_requires_timezone" time="0.001" /><testcase classname="tests.test_mssql_generic_transaction_governance" name="test_sqlserver_operation_lease_readback_is_normalized_to_aware_utc[True]" time="0.002" /><testcase classname="tests.test_mssql_generic_transaction_governance" name="test_sqlserver_operation_lease_readback_is_normalized_to_aware_utc[False]" time="0.004" /><testcase classname="tests.test_mssql_generic_transaction_governance" name="test_sqlserver_operation_lease_readback_rejects_non_datetime" time="0.001" /><testcase classname="tests.test_mssql_generic_transaction_governance" name="test_operation_applock_accepts_nonnegative_sql_scalar[0]" time="0.001" /><testcase classname="tests.test_mssql_generic_transaction_governance" name="test_operation_applock_accepts_nonnegative_sql_scalar[1]" time="0.002" /><testcase classname="tests.test_mssql_generic_transaction_governance" name="test_operation_applock_rejects_negative_sql_scalar[-3]" time="0.001" /><testcase classname="tests.test_mssql_generic_transaction_governance" name="test_operation_applock_rejects_negative_sql_scalar[-2]" time="0.000" /><testcase classname="tests.test_mssql_generic_transaction_governance" name="test_operation_applock_rejects_negative_sql_scalar[-1]" time="0.001" /><testcase classname="tests.test_mssql_generic_transaction_governance" name="test_operation_applock_rejects_missing_or_malformed_scalar[rows0]" time="0.001" /><testcase classname="tests.test_mssql_generic_transaction_governance" name="test_operation_applock_rejects_missing_or_malformed_scalar[rows1]" time="0.001" /><testcase classname="tests.test_mssql_generic_transaction_governance" name="test_operation_applock_rejects_missing_or_malformed_scalar[rows2]" time="0.001" /><testcase classname="tests.test_mssql_generic_transaction_governance" name="test_operation_applock_rejects_missing_or_malformed_scalar[rows3]" time="0.001" /><testcase classname="tests.test_mssql_generic_transaction_governance" name="test_operation_applock_rejects_missing_or_malformed_scalar[rows4]" time="0.001" /><testcase classname="tests.test_mssql_generic_transaction_governance" name="test_target_lock_resource_is_bound_to_exact_immutable_target_identity" time="0.001" /><testcase classname="tests.test_mssql_generic_transaction_governance" name="test_target_applock_uses_transaction_owner_and_exact_database_namespace" time="0.003" /><testcase classname="tests.test_mssql_generic_transaction_governance" name="test_generic_finalizer_lock_contract_is_strictly_target_then_operation" time="0.000" /><testcase classname="tests.test_mssql_generic_transaction_governance" name="test_route_fingerprint_excludes_chunk_scope_but_operation_key_does_not" time="0.003" /><testcase classname="tests.test_mssql_generic_transaction_governance" name="test_route_fingerprint_distinguishes_same_endpoint_config_on_another_cluster" time="0.001" /><testcase classname="tests.test_mssql_generic_transaction_governance" name="test_postgres_source_identity_uses_only_the_bound_signed_authority" time="0.000" /><testcase classname="tests.test_mssql_generic_transaction_governance" name="test_postgres_source_identity_without_bound_verifier_fails_before_source_io" time="0.001" /><testcase classname="tests.test_mssql_generic_transaction_governance" name="test_postgres_route_without_physical_identity_capability_fails_closed" time="0.000" /><testcase classname="tests.test_mssql_generic_transaction_governance" name="test_postgres_route_rejects_legacy_unsigned_physical_identity" time="0.001" /><testcase classname="tests.test_mssql_generic_transaction_governance" name="test_postgres_route_accepts_catalog_authority_identity" time="0.001" /><testcase classname="tests.test_mssql_generic_transaction_governance" name="test_postgres_route_rejects_runtime_authority_digest_mismatch" time="0.001" /><testcase classname="tests.test_mssql_generic_transaction_governance" name="test_unknown_or_overlapping_backfill_scope_fails_closed" time="0.001" /><testcase classname="tests.test_mssql_generic_transaction_governance" name="test_external_ddl_has_four_exact_objects_and_owner_epoch_receipt_binding" time="0.001" /><testcase classname="tests.test_mssql_generic_transaction_governance" name="test_allocation_and_operation_claim_are_serializable_and_monotonic" time="0.001" /><testcase classname="tests.test_mssql_generic_transaction_governance" name="test_receipt_probe_uses_read_committed_under_operation_applock" time="0.001" /><testcase classname="tests.test_mssql_generic_transaction_governance" name="test_operation_claim_rejection_allowlist_matches_every_authored_throw_token" time="0.001" /><testcase classname="tests.test_mssql_generic_transaction_governance" name="test_operation_claim_rolls_back_and_normalizes_exact_catalog_rejections[DPONE_LOAD_OPERATION_LEASE_EXPIRED_OWNER_REACQUIRE_REQUIRED-mssql_transaction.operation_lease_expired_owner_reacquire_required]" time="0.001" /><testcase classname="tests.test_mssql_generic_transaction_governance" name="test_operation_claim_rolls_back_and_normalizes_exact_catalog_rejections[DPONE_LOAD_OPERATION_STALE_ATTEMPT_GENERATION-mssql_transaction.operation_stale_attempt_generation]" time="0.001" /><testcase classname="tests.test_mssql_generic_transaction_governance" name="test_operation_claim_rolls_back_and_normalizes_exact_catalog_rejections[DPONE_LOAD_OPERATION_IDENTITY_COLLISION-mssql_transaction.operation_identity_collision]" time="0.004" /><testcase classname="tests.test_mssql_generic_transaction_governance" name="test_operation_claim_rolls_back_and_normalizes_exact_catalog_rejections[DPONE_LOAD_OPERATION_LEASE_MODE_MISMATCH-mssql_transaction.operation_lease_mode_mismatch]" time="0.002" /><testcase classname="tests.test_mssql_generic_transaction_governance" name="test_operation_claim_rolls_back_and_normalizes_exact_catalog_rejections[DPONE_LOAD_OPERATION_LEASE_EXPIRED-mssql_transaction.operation_lease_expired]" time="0.001" /><testcase classname="tests.test_mssql_generic_transaction_governance" name="test_operation_claim_rolls_back_and_normalizes_exact_catalog_rejections[DPONE_LOAD_OPERATION_ALREADY_OWNED-mssql_transaction.operation_already_owned]" time="0.002" /><testcase classname="tests.test_mssql_generic_transaction_governance" name="test_operation_claim_rolls_back_and_normalizes_exact_catalog_rejections[DPONE_LOAD_OPERATION_EPOCH_INVALID-mssql_transaction.operation_epoch_invalid]" time="0.001" /><testcase classname="tests.test_mssql_generic_transaction_governance" name="test_operation_claim_rolls_back_and_normalizes_exact_catalog_rejections[DPONE_LOAD_OPERATION_IMMUTABLE-mssql_transaction.operation_immutable]" time="0.001" /><testcase classname="tests.test_mssql_generic_transaction_governance" name="test_operation_claim_preserves_non_exact_driver_error_after_rollback[08S01 transport failure]" time="0.001" /><testcase classname="tests.test_mssql_generic_transaction_governance" name="test_operation_claim_preserves_non_exact_driver_error_after_rollback[XDPONE_LOAD_OPERATION_LEASE_EXPIRED]" time="0.001" /><testcase classname="tests.test_mssql_generic_transaction_governance" name="test_operation_claim_preserves_non_exact_driver_error_after_rollback[DPONE_LOAD_OPERATION_LEASE_EXPIRED_UNKNOWN]" time="0.001" /><testcase classname="tests.test_mssql_generic_transaction_governance" name="test_operation_claim_preserves_non_exact_driver_error_after_rollback[DPONE_LOAD_OPERATION_LEASE_EXPIRED DPONE_LOAD_OPERATION_ALREADY_OWNED]" time="0.001" /><testcase classname="tests.test_mssql_generic_transaction_governance" name="test_operation_claim_preserves_non_exact_driver_error_after_rollback[DPONE_LOAD_OPERATION_LEASE_EXPIRED DPONE_LOAD_OPERATION_LEASE_EXPIRED]" time="0.001" /><testcase classname="tests.test_mssql_generic_transaction_governance" name="test_operation_claim_never_normalizes_commit_ack_ambiguity" time="0.004" /><testcase classname="tests.test_mssql_generic_transaction_governance" name="test_allocation_ack_loss_uses_fresh_probe_then_distinct_claim_session" time="0.002" /><testcase classname="tests.test_mssql_generic_transaction_governance" name="test_allocation_ack_loss_probe_observes_newer_fence_before_source" time="0.007" /><testcase classname="tests.test_mssql_generic_transaction_governance" name="test_stale_existing_attempt_blocks_before_operation_claim_without_receipt" time="0.002" /><testcase classname="tests.test_mssql_generic_transaction_governance" name="test_stale_existing_attempt_allows_only_exact_committed_replay" time="0.002" /><testcase classname="tests.test_mssql_generic_transaction_governance" name="test_receipt_probe_replays_without_attempt_allocation_or_operation_claim" time="0.001" /><testcase classname="tests.test_mssql_generic_transaction_governance" name="test_admission_service_uses_run_context_not_new_load_id" time="0.002" /><testcase classname="tests.test_mssql_generic_transaction_governance" name="test_admission_uses_injected_operation_lease_controller_for_finite_backfill_scope" time="0.007" /><testcase classname="tests.test_mssql_generic_transaction_governance" name="test_process_admission_and_processor_handoff_start_one_controller_lifecycle" time="0.007" /><testcase classname="tests.test_mssql_generic_transaction_governance" name="test_process_admission_starts_lease_before_preplan_and_stops_it_on_failure" time="0.003" /><testcase classname="tests.test_mssql_generic_transaction_governance" name="test_shadow_admission_derives_identity_from_live_binding_but_mutates_shadow" time="0.003" /><testcase classname="tests.test_mssql_generic_transaction_governance" name="test_source_rr_boundary_opens_only_after_operation_admission_and_feeds_preplan" time="0.004" /><testcase classname="tests.test_mssql_generic_transaction_governance" name="test_committed_replay_never_opens_prepared_source_boundary" time="0.002" /><testcase classname="tests.test_mssql_generic_transaction_governance" name="test_backfill_receipt_replay_precedes_postgres_catalog_binding" time="0.002" /><testcase classname="tests.test_mssql_generic_transaction_governance" name="test_parent_receipt_authority_mismatch_blocks_admit_and_business_catalogs[target]" time="0.003" /><testcase classname="tests.test_mssql_generic_transaction_governance" name="test_parent_receipt_authority_mismatch_blocks_admit_and_business_catalogs[source]" time="0.003" /><testcase classname="tests.test_mssql_generic_transaction_governance" name="test_parent_receipt_authority_mismatch_blocks_admit_and_business_catalogs[route]" time="0.003" /><testcase classname="tests.test_mssql_generic_transaction_governance" name="test_persisted_binding_receipt_miss_reuses_schema_preplan_catalogs_once" time="0.005" /><testcase classname="tests.test_mssql_generic_transaction_governance" name="test_persisted_binding_receipt_miss_rejects_catalog_drift_before_payload" time="0.003" /><testcase classname="tests.test_mssql_generic_transaction_governance" name="test_admission_service_fails_without_scheduler_stable_run_id" time="0.001" /><testcase classname="tests.test_mssql_generic_transaction_governance" name="test_governed_mssql_rejects_mutating_post_hook_before_target_or_source[none]" time="0.001" /><testcase classname="tests.test_mssql_generic_transaction_governance" name="test_governed_mssql_rejects_mutating_post_hook_before_target_or_source[default]" time="0.001" /><testcase classname="tests.test_mssql_generic_transaction_governance" name="test_governed_mssql_rejects_mutating_post_hook_before_target_or_source[idempotent]" time="0.002" /><testcase classname="tests.test_mssql_generic_transaction_governance" name="test_governed_mssql_rejects_author_declared_read_only_post_hook" time="0.027" /><testcase classname="tests.test_mssql_generic_transaction_governance" name="test_governed_mssql_rejects_pre_hook_before_catalog_preplan" time="0.001" /><testcase classname="tests.test_mssql_generic_transaction_governance" name="test_snapshot_envelope_mssql_rejects_inline_hook_before_route_branch" time="0.001" /><testcase classname="tests.test_mssql_generic_transaction_governance" name="test_resolved_hook_sql_bytes_are_bound_not_only_sql_file_path" time="0.011" /><testcase classname="tests.test_mssql_generic_transaction_governance" name="test_post_hook_graph_is_bound_into_invocation_route_fingerprint" time="0.001" /><testcase classname="tests.test_mssql_generic_transaction_governance" name="test_every_generic_mssql_strategy_requires_and_receives_admission[LoadStrategy.FULL_REFRESH]" time="0.003" /><testcase classname="tests.test_mssql_generic_transaction_governance" name="test_every_generic_mssql_strategy_requires_and_receives_admission[LoadStrategy.INCREMENTAL_APPEND]" time="0.002" /><testcase classname="tests.test_mssql_generic_transaction_governance" name="test_every_generic_mssql_strategy_requires_and_receives_admission[LoadStrategy.INCREMENTAL_MERGE]" time="0.002" /><testcase classname="tests.test_mssql_generic_transaction_governance" name="test_every_generic_mssql_strategy_requires_and_receives_admission[LoadStrategy.REPLACE]" time="0.001" /><testcase classname="tests.test_mssql_generic_transaction_governance" name="test_every_generic_mssql_strategy_requires_and_receives_admission[LoadStrategy.PARTITION_REPLACE]" time="0.003" /><testcase classname="tests.test_mssql_generic_transaction_governance" name="test_every_generic_mssql_strategy_requires_and_receives_admission[LoadStrategy.SNAPSHOT_DIFF]" time="0.003" /><testcase classname="tests.test_mssql_generic_transaction_governance" name="test_every_generic_mssql_strategy_requires_and_receives_admission[LoadStrategy.SCD2]" time="0.013" /><testcase classname="tests.test_mssql_generic_transaction_governance" name="test_every_generic_mssql_strategy_requires_and_receives_admission[LoadStrategy.BACKFILL]" time="0.014" /><testcase classname="tests.test_mssql_generic_transaction_governance" name="test_generic_mssql_admission_default_denies_unsafe_state[None-state_storage_required]" time="0.001" /><testcase classname="tests.test_mssql_generic_transaction_governance" name="test_generic_mssql_admission_default_denies_unsafe_state[state1-target_atomic_state_required]" time="0.001" /><testcase classname="tests.test_mssql_generic_transaction_governance" name="test_generic_mssql_admission_default_denies_unsafe_state[state2-external_state_catalog_required]" time="0.001" /><testcase classname="tests.test_mssql_generic_transaction_governance" name="test_declared_mssql_sink_without_frozen_capability_fails_closed" time="0.001" /><testcase classname="tests.test_mssql_generic_transaction_governance" name="test_custom_source_without_checkpoint_capability_fails_before_state_or_source" time="0.001" /><testcase classname="tests.test_mssql_generic_transaction_governance" name="test_generic_mssql_admission_rejects_ambiguous_or_unsafe_checkpoint_before_target_io[legacy-ambiguous]" time="0.001" /><testcase classname="tests.test_mssql_generic_transaction_governance" name="test_generic_mssql_admission_rejects_ambiguous_or_unsafe_checkpoint_before_target_io[single-column-unsafe]" time="0.001" /><testcase classname="tests.test_mssql_generic_transaction_governance" name="test_generic_mssql_admission_rejects_ambiguous_or_unsafe_checkpoint_before_target_io[unknown]" time="0.001" /><testcase classname="tests.test_mssql_generic_transaction_governance" name="test_processor_replay_suppresses_source_hooks_staging_and_dml" time="0.052" /><testcase classname="tests.test_mssql_generic_transaction_governance" name="test_internal_query_without_receiptable_fallback_blocks_before_source" time="0.001" /><testcase classname="tests.test_mssql_generic_transaction_governance" name="test_finalizer_commits_business_dml_and_receipt_once" time="0.001" /><testcase classname="tests.test_mssql_generic_transaction_governance" name="test_finalizer_requires_complete_payload_evidence_before_business_dml" time="0.001" /><testcase classname="tests.test_mssql_generic_transaction_governance" name="test_concurrent_durable_receipt_uses_read_rollback_not_ambiguous_commit" time="0.002" /><testcase classname="tests.test_mssql_generic_transaction_governance" name="test_commit_ack_loss_closes_target_and_accepts_only_fresh_exact_receipt" time="0.001" /><testcase classname="tests.test_mssql_generic_transaction_governance" name="test_finalizer_checks_lease_once_then_holds_owner_fence_through_commit" time="0.001" /><testcase classname="tests.test_mssql_generic_transaction_governance" name="test_schema_and_physical_mutations_execute_inside_fenced_target_transaction" time="0.007" /><testcase classname="tests.test_mssql_generic_transaction_governance" name="test_target_mutation_requires_exact_before_and_after_expectation" time="0.001" /><testcase classname="tests.test_mssql_generic_transaction_governance" name="test_target_mutation_rejects_untrusted_or_multi_statement_sql[ALTER TABLE [DWH].[dbo].[target] ADD [note] int NULL; DROP TABLE [DWH].[dbo].[other]]" time="0.001" /><testcase classname="tests.test_mssql_generic_transaction_governance" name="test_target_mutation_rejects_untrusted_or_multi_statement_sql[ALTER TABLE [DWH].[dbo].[target] ADD [note] int NULL -- hidden]" time="0.002" /><testcase classname="tests.test_mssql_generic_transaction_governance" name="test_target_mutation_rejects_untrusted_or_multi_statement_sql[ALTER TABLE [DWH].[dbo].[other] ADD [note] int NULL]" time="0.002" /><testcase classname="tests.test_mssql_generic_transaction_governance" name="test_target_mutation_rejects_untrusted_or_multi_statement_sql[ALTER TABLE [DWH].[dbo].[target] DROP CONSTRAINT [pk_target]]" time="0.001" /><testcase classname="tests.test_mssql_generic_transaction_governance" name="test_target_mutation_rejects_untrusted_or_multi_statement_sql[ALTER TABLE [DWH].[dbo].[target] ADD [note] int NULL, [extra] int NULL]" time="0.003" /><testcase classname="tests.test_mssql_generic_transaction_governance" name="test_target_mutation_rejects_untrusted_or_multi_statement_sql[ALTER TABLE [DWH].[dbo].[target] ADD [note] int NULL CHECK ([note] &gt; 0)]" time="0.002" /><testcase classname="tests.test_mssql_generic_transaction_governance" name="test_target_mutation_rejects_untrusted_or_multi_statement_sql[ALTER TABLE [DWH].[dbo].[target] ADD [note] int NULL REFERENCES [dbo].[parent] ([id])]" time="0.001" /><testcase classname="tests.test_mssql_generic_transaction_governance" name="test_target_mutation_rejects_untrusted_or_multi_statement_sql[ALTER TABLE [DWH].[dbo].[target] ADD [note] int NOT NULL DEFAULT (0)]" time="0.003" /><testcase classname="tests.test_mssql_generic_transaction_governance" name="test_target_mutation_rejects_untrusted_or_multi_statement_sql[ALTER TABLE [DWH].[dbo].[target] ADD [note] int IDENTITY(1,1) NOT NULL]" time="0.001" /><testcase classname="tests.test_mssql_generic_transaction_governance" name="test_target_mutation_rejects_untrusted_or_multi_statement_sql[CREATE INDEX [ix_note] ON [DWH].[dbo].[target] ([note]) WITH (ONLINE = ON)]" time="0.002" /><testcase classname="tests.test_mssql_generic_transaction_governance" name="test_target_mutation_rejects_untrusted_or_multi_statement_sql[CREATE INDEX [ix_note] ON [DWH].[dbo].[target] ([note]) WHERE 1 = 1]" time="0.002" /><testcase classname="tests.test_mssql_generic_transaction_governance" name="test_target_mutation_rejects_untrusted_or_multi_statement_sql[CREATE INDEX [ix_note] ON [DWH].[dbo].[target] ([note]) REFERENCES [dbo].[parent] ([id])]" time="0.001" /><testcase classname="tests.test_mssql_generic_transaction_governance" name="test_target_mutation_rejects_untrusted_or_multi_statement_sql[ALTER TABLE [DWH].[dbo].[target] ADD [note] int NULL\nDELETE FROM [DWH].[dbo].[target]]" time="0.001" /><testcase classname="tests.test_mssql_generic_transaction_governance" name="test_target_mutation_rejects_untrusted_or_multi_statement_sql[UPDATE [DWH].[dbo].[target] SET [note] = 1]" time="0.001" /><testcase classname="tests.test_mssql_generic_transaction_governance" name="test_target_mutation_rejects_untrusted_or_multi_statement_sql[EXEC(N'ALTER TABLE [DWH].[dbo].[target] ADD [note] int NULL')]" time="0.001" /><testcase classname="tests.test_mssql_generic_transaction_governance" name="test_target_mutation_rejects_untrusted_or_multi_statement_sql[USE [DWH]]" time="0.001" /><testcase classname="tests.test_mssql_generic_transaction_governance" name="test_lock_timeout_is_a_typed_session_policy_action" time="0.002" /><testcase classname="tests.test_mssql_generic_transaction_governance" name="test_target_catalog_before_mismatch_blocks_ddl_and_business_dml" time="0.001" /><testcase classname="tests.test_mssql_generic_transaction_governance" name="test_target_catalog_after_mismatch_rolls_back_before_business_dml_and_receipt" time="0.001" /><testcase classname="tests.test_mssql_generic_transaction_governance" name="test_unknown_commit_never_rolls_back_and_preserves_staging_disposition" time="0.001" /><testcase classname="tests.test_mssql_generic_transaction_governance" name="test_stale_generation_rolls_back_before_business_mutation" time="0.003" /><testcase classname="tests.test_mssql_operation_lease" name="test_lease_from_config_accepts_structural_process_controller" time="0.000" /><testcase classname="tests.test_mssql_operation_lease" name="test_processor_runtime_drives_the_structural_controller_lifecycle" time="0.000" /><testcase classname="tests.test_mssql_operation_lease" name="test_lease_from_config_rejects_invalid_injected_controller" time="0.003" /><testcase classname="tests.test_mssql_operation_lease" name="test_lease_from_config_rejects_non_callable_structural_attributes" time="0.001" /><testcase classname="tests.test_mssql_operation_lease_controller" name="test_lease_from_config_preserves_default_heartbeat_controller" time="0.000" /><testcase classname="tests.test_mssql_operation_lease_controller" name="test_processor_runtime_accepts_structural_ipc_controller" time="0.001" /><testcase classname="tests.test_mssql_operation_lease_controller" name="test_lease_from_config_returns_none_only_when_controller_is_absent" time="0.000" /><testcase classname="tests.test_mssql_operation_lease_controller" name="test_lease_from_config_rejects_incomplete_runtime_controller[invalid0]" time="0.001" /><testcase classname="tests.test_mssql_operation_lease_controller" name="test_lease_from_config_rejects_incomplete_runtime_controller[invalid1]" time="0.001" /><testcase classname="tests.test_mssql_database_authority" name="test_database_authority_set_is_closed_canonical_and_case_alias_aware" time="0.000" /><testcase classname="tests.test_mssql_database_authority" name="test_database_authority_set_rejects_open_or_noncanonical_documents[authorities0-database_authorities_required]" time="0.001" /><testcase classname="tests.test_mssql_database_authority" name="test_database_authority_set_rejects_open_or_noncanonical_documents[authorities1-database_authority_fields_invalid]" time="0.001" /><testcase classname="tests.test_mssql_database_authority" name="test_database_authority_set_rejects_open_or_noncanonical_documents[authorities2-database_authority_id_invalid]" time="0.001" /><testcase classname="tests.test_mssql_database_authority" name="test_database_authority_set_rejects_open_or_noncanonical_documents[authorities3-database_authority_create_token_invalid]" time="0.001" /><testcase classname="tests.test_mssql_database_authority" name="test_database_authority_set_rejects_open_or_noncanonical_documents[authorities4-database_authority_guid_not_canonical]" time="0.001" /><testcase classname="tests.test_mssql_database_authority" name="test_cross_database_staging_requires_its_own_signed_pin" time="0.002" /><testcase classname="tests.test_mssql_database_authority" name="test_verifier_checks_target_staging_state_and_current_sessions" time="0.001" /><testcase classname="tests.test_mssql_database_authority" name="test_verifier_propagates_parent_timeout_to_ephemeral_master_sessions" time="0.001" /><testcase classname="tests.test_mssql_database_authority" name="test_verify_pins_uses_nested_active_timeout_without_widening" time="0.001" /><testcase classname="tests.test_mssql_database_authority" name="test_staging_use_boundary_rechecks_fresh_master_after_early_preflight" time="0.001" /><testcase classname="tests.test_mssql_database_authority" name="test_staging_manager_checks_authority_before_create_sql" time="0.003" /><testcase classname="tests.test_mssql_database_authority" name="test_staging_manager_releases_authority_without_dropping_preserved_table" time="0.002" /><testcase classname="tests.test_mssql_database_authority" name="test_verifier_closes_target_master_when_state_master_creation_fails" time="0.004" /><testcase classname="tests.test_mssql_database_authority" name="test_verifier_rejects_reused_database_id_with_changed_guid" time="0.001" /><testcase classname="tests.test_mssql_database_authority" name="test_verifier_requires_explicit_database_metadata_permission_before_catalog" time="0.001" /><testcase classname="tests.test_mssql_database_authority" name="test_verifier_accepts_sysadmin_when_permission_scalar_is_null" time="0.000" /><testcase classname="tests.test_mssql_database_authority" name="test_verifier_normalizes_permission_query_failure_without_catalog_lookup" time="0.000" /><testcase classname="tests.test_mssql_database_authority" name="test_xmin_route_rejects_same_name_recreate_before_catalog_or_source" time="0.002" /><testcase classname="tests.test_mssql_database_authority" name="test_database_authority_rotation_changes_same_invocation_route_fingerprint" time="0.001" /><testcase classname="tests.test_mssql_database_authority_retry" name="test_retry_policy_accepts_only_closed_transient_sqlstate_allowlist[08001]" time="0.001" /><testcase classname="tests.test_mssql_database_authority_retry" name="test_retry_policy_accepts_only_closed_transient_sqlstate_allowlist[08003]" time="0.000" /><testcase classname="tests.test_mssql_database_authority_retry" name="test_retry_policy_accepts_only_closed_transient_sqlstate_allowlist[08007]" time="0.001" /><testcase classname="tests.test_mssql_database_authority_retry" name="test_retry_policy_accepts_only_closed_transient_sqlstate_allowlist[08S01]" time="0.001" /><testcase classname="tests.test_mssql_database_authority_retry" name="test_retry_policy_accepts_only_closed_transient_sqlstate_allowlist[HYT00]" time="0.001" /><testcase classname="tests.test_mssql_database_authority_retry" name="test_retry_policy_accepts_only_closed_transient_sqlstate_allowlist[HYT01]" time="0.000" /><testcase classname="tests.test_mssql_database_authority_retry" name="test_retry_policy_rejects_auth_config_cancel_unknown_and_ambiguous_states[None]" time="0.000" /><testcase classname="tests.test_mssql_database_authority_retry" name="test_retry_policy_rejects_auth_config_cancel_unknown_and_ambiguous_states[28000]" time="0.000" /><testcase classname="tests.test_mssql_database_authority_retry" name="test_retry_policy_rejects_auth_config_cancel_unknown_and_ambiguous_states[42000]" time="0.000" /><testcase classname="tests.test_mssql_database_authority_retry" name="test_retry_policy_rejects_auth_config_cancel_unknown_and_ambiguous_states[42S02]" time="0.000" /><testcase classname="tests.test_mssql_database_authority_retry" name="test_retry_policy_rejects_auth_config_cancel_unknown_and_ambiguous_states[HY008]" time="0.000" /><testcase classname="tests.test_mssql_database_authority_retry" name="test_retry_policy_rejects_auth_config_cancel_unknown_and_ambiguous_states[08004]" time="0.000" /><testcase classname="tests.test_mssql_database_authority_retry" name="test_retry_policy_never_retries_non_fresh_or_deterministic_stages[target_identity]" time="0.000" /><testcase classname="tests.test_mssql_database_authority_retry" name="test_retry_policy_never_retries_non_fresh_or_deterministic_stages[target_current_database]" time="0.001" /><testcase classname="tests.test_mssql_database_authority_retry" name="test_retry_policy_never_retries_non_fresh_or_deterministic_stages[master_target_topology]" time="0.001" /><testcase classname="tests.test_mssql_database_authority_retry" name="test_retry_policy_never_retries_non_fresh_or_deterministic_stages[target_staging_topology]" time="0.001" /><testcase classname="tests.test_mssql_database_authority_retry" name="test_retry_policy_never_retries_non_fresh_or_deterministic_stages[staging_timeout_scope]" time="0.001" /><testcase classname="tests.test_mssql_database_authority_retry" name="test_retry_policy_never_retries_non_fresh_or_deterministic_stages[master_timeout_scope]" time="0.001" /><testcase classname="tests.test_mssql_database_authority_retry" name="test_sqlstate_extractor_uses_exact_tokens_and_causal_chain_only" time="0.000" /><testcase classname="tests.test_mssql_database_authority_retry" name="test_verifier_attributes_each_fresh_session_failure_stage[staging_factory-None-staging_connector]" time="0.003" /><testcase classname="tests.test_mssql_database_authority_retry" name="test_verifier_attributes_each_fresh_session_failure_stage[master_factory-None-master_connector]" time="0.001" /><testcase classname="tests.test_mssql_database_authority_retry" name="test_verifier_attributes_each_fresh_session_failure_stage[master-identity-master_identity]" time="0.002" /><testcase classname="tests.test_mssql_database_authority_retry" name="test_verifier_attributes_each_fresh_session_failure_stage[staging-identity-staging_identity]" time="0.001" /><testcase classname="tests.test_mssql_database_authority_retry" name="test_verifier_attributes_each_fresh_session_failure_stage[staging-current-staging_current_database]" time="0.001" /><testcase classname="tests.test_mssql_database_authority_retry" name="test_verifier_attributes_each_fresh_session_failure_stage[master-catalog-staging_pin]" time="0.002" /><testcase classname="tests.test_mssql_database_authority_retry" name="test_verifier_retries_with_entirely_fresh_sessions_then_holds_only_successful_lease" time="0.002" /><testcase classname="tests.test_mssql_database_authority_retry" name="test_verifier_exhausts_three_fresh_attempts_with_one_stable_sanitized_error" time="0.003" /><testcase classname="tests.test_mssql_database_authority_retry" name="test_verifier_fails_fast_without_sleep_for_non_retryable_sqlstate[None]" time="0.002" /><testcase classname="tests.test_mssql_database_authority_retry" name="test_verifier_fails_fast_without_sleep_for_non_retryable_sqlstate[28000]" time="0.001" /><testcase classname="tests.test_mssql_database_authority_retry" name="test_verifier_fails_fast_without_sleep_for_non_retryable_sqlstate[42000]" time="0.001" /><testcase classname="tests.test_mssql_database_authority_retry" name="test_verifier_fails_fast_without_sleep_for_non_retryable_sqlstate[42S02]" time="0.001" /><testcase classname="tests.test_mssql_database_authority_retry" name="test_verifier_fails_fast_without_sleep_for_non_retryable_sqlstate[HY008]" time="0.001" /><testcase classname="tests.test_mssql_database_authority_retry" name="test_verifier_fails_fast_without_sleep_for_non_retryable_sqlstate[08004]" time="0.001" /><testcase classname="tests.test_mssql_database_authority_retry" name="test_stale_preopened_target_session_is_attributed_and_never_retried[identity-target_identity]" time="0.001" /><testcase classname="tests.test_mssql_database_authority_retry" name="test_stale_preopened_target_session_is_attributed_and_never_retried[current-target_current_database]" time="0.002" /><testcase classname="tests.test_mssql_database_authority_retry" name="test_verifier_never_retries_pin_mismatch_or_permission_denial" time="0.001" /><testcase classname="tests.test_mssql_database_authority_retry" name="test_verifier_propagates_cancellation_after_closing_fresh_sessions" time="0.001" /><testcase classname="tests.test_mssql_database_authority_retry" name="test_retry_stops_when_a_fresh_session_cannot_be_closed[master-master_cleanup]" time="0.002" /><testcase classname="tests.test_mssql_database_authority_retry" name="test_retry_stops_when_a_fresh_session_cannot_be_closed[staging-staging_cleanup]" time="0.001" /><testcase classname="tests.test_mssql_database_authority_retry" name="test_retry_error_detaches_raw_driver_exception_graph" time="0.000" /><testcase classname="tests.test_mssql_database_authority_retry" name="test_remaining_deadline_caps_master_connect_and_target_query_without_reconnect" time="0.001" /><testcase classname="tests.test_mssql_database_authority_retry" name="test_deadline_stops_after_an_over_budget_blocking_factory_before_any_query" time="0.001" /><testcase classname="tests.test_mssql_database_authority_retry" name="test_retry_deadline_blocks_the_next_attempt_before_sleep" time="0.002" /><testcase classname="tests.test_mssql_database_authority_retry" name="test_retry_deadline_closes_a_success_that_completed_out_of_budget" time="0.001" /><testcase classname="tests.test_mssql_database_authority_retry" name="test_authority_factories_cap_login_timeout_without_widening_lower_value" time="0.002" /><testcase classname="tests.test_mssql_schema_evolution_projection" name="test_non_frozen_schema_evolution_honors_value_guarded_clickhouse_text_overrides" time="0.003" /><testcase classname="tests.test_mssql_schema_evolution_projection" name="test_non_frozen_schema_evolution_rejects_structurally_lossy_override" time="0.001" /><testcase classname="tests.test_mssql_schema_evolution_projection" name="test_non_frozen_schema_evolution_still_blocks_target_drift_from_override" time="0.002" /><testcase classname="tests.test_mssql_schema_evolution_projection" name="test_non_mssql_sink_keeps_source_native_schema_evolution_contract" time="0.001" /><testcase classname="tests.test_mssql_schema_evolution_projection" name="test_schema_evolution_projection_matches_preplanner_for_every_column_attribute" time="0.001" /><testcase classname="tests.test_mssql_schema_evolution_projection" name="test_raw_staging_rejects_overwidth_override_before_native_or_business_mutation" time="0.002" /><testcase classname="tests.test_mssql_strategy_metadata_projection" name="test_mssql_strategy_metadata_is_identical_for_row_file_and_stream[LoadStrategy.SNAPSHOT_DIFF-expected0]" time="0.007" /><testcase classname="tests.test_mssql_strategy_metadata_projection" name="test_mssql_strategy_metadata_is_identical_for_row_file_and_stream[LoadStrategy.SCD2-expected1]" time="0.004" /><testcase classname="tests.test_mssql_strategy_metadata_projection" name="test_fresh_target_preplan_uses_the_same_strategy_metadata_authority[LoadStrategy.SNAPSHOT_DIFF]" time="0.001" /><testcase classname="tests.test_mssql_strategy_metadata_projection" name="test_fresh_target_preplan_uses_the_same_strategy_metadata_authority[LoadStrategy.SCD2]" time="0.004" /><testcase classname="tests.test_mssql_strategy_metadata_projection" name="test_xmin_initial_generates_snapshot_metadata_in_native_staging_without_rewriting_copy_file" time="0.005" /></testsuite></testsuites>