<?xml version="1.0" encoding="utf-8"?><testsuites name="pytest tests"><testsuite name="pytest" errors="0" failures="0" skipped="0" tests="70" time="2.752" timestamp="2026-09-10T22:11:52.909087+03:00" hostname="MacBook-Air-VseInstrumenty.local"><testcase classname="tests.test_mssql_native_chunks_execution" name="test_spawned_encoding_and_imports_overlap_and_recover_without_source[default-path]" time="0.273" /><testcase classname="tests.test_mssql_native_chunks_execution" name="test_spawned_encoding_and_imports_overlap_and_recover_without_source[long-path]" time="0.120" /><testcase classname="tests.test_mssql_native_chunks_execution" name="test_insufficient_ipc_capacity_closes_unpulled_source_without_completion" time="0.005" /><testcase classname="tests.test_mssql_native_chunks_execution" name="test_import_retries_only_retained_identical_bytes" time="0.111" /><testcase classname="tests.test_mssql_native_chunks_execution" name="test_scheduler_reuses_frame_size_with_real_spawned_workers[rows0]" time="0.116" /><testcase classname="tests.test_mssql_native_chunks_execution" name="test_scheduler_reuses_frame_size_with_real_spawned_workers[rows1]" time="0.119" /><testcase classname="tests.test_mssql_native_chunks_execution" name="test_frame_reservation_cannot_override_actual_encoded_bytes[1-encoder_size_authority_changed]" time="0.101" /><testcase classname="tests.test_mssql_native_chunks_execution" name="test_frame_reservation_cannot_override_actual_encoded_bytes[-1-chunk_bytes_exceeded]" time="0.106" /><testcase classname="tests.test_mssql_native_chunks_execution" name="test_spawned_workers_keep_values_from_reused_driver_buffers[False-False]" time="0.132" /><testcase classname="tests.test_mssql_native_chunks_execution" name="test_spawned_workers_keep_values_from_reused_driver_buffers[False-True]" time="0.120" /><testcase classname="tests.test_mssql_native_chunks_execution" name="test_spawned_workers_keep_values_from_reused_driver_buffers[True-False]" time="0.120" /><testcase classname="tests.test_mssql_native_chunks_execution" name="test_spawned_workers_keep_values_from_reused_driver_buffers[True-True]" time="0.118" /><testcase classname="tests.test_mssql_native_chunks_execution" name="test_retry_exhaustion_requires_reextraction" time="0.111" /><testcase classname="tests.test_mssql_native_chunks_execution" name="test_empty_query_has_verified_zero_row_authority" time="0.108" /><testcase classname="tests.test_mssql_native_chunks_execution" name="test_total_cap_rejects_before_import_and_closes_source" time="0.007" /><testcase classname="tests.test_mssql_native_chunks_execution" name="test_complete_stage_tampering_fails_closed" time="0.108" /><testcase classname="tests.test_mssql_native_chunks_execution" name="test_backpressure_and_cancellation_settle_workers_and_close_source" time="0.115" /><testcase classname="tests.test_mssql_native_chunks_execution" name="test_eof_metadata_captured_once_and_persisted_with_stage_complete" time="0.107" /><testcase classname="tests.test_mssql_native_chunks_execution" name="test_preparation_intent_recovery_and_unknown_publication_do_not_discard" time="0.110" /><testcase classname="tests.test_mssql_native_chunks_execution" name="test_capacity_failure_never_creates_stage_complete[max_staging_tables]" time="0.006" /><testcase classname="tests.test_mssql_native_chunks_execution" name="test_capacity_failure_never_creates_stage_complete[stage_allocated_bytes_stop_threshold]" time="0.006" /><testcase classname="tests.test_mssql_native_chunks_execution" name="test_observed_phase_metrics_include_retries_and_never_requested_workers" time="0.106" /><testcase classname="tests.test_mssql_native_chunks_execution" name="test_wire_and_limit_identity_fail_before_source_or_recovery_io" time="0.106" /><testcase classname="tests.test_mssql_native_chunks_execution" name="test_allocation_overshoot_is_durable_without_stage_complete[1]" time="0.118" /><testcase classname="tests.test_mssql_native_chunks_execution" name="test_allocation_overshoot_is_durable_without_stage_complete[2]" time="0.116" /><testcase classname="tests.test_mssql_native_chunks_execution" name="test_source_work_excludes_adapter_and_downstream_suspension" time="0.000" /><testcase classname="tests.test_mssql_native_chunks_execution" name="test_disabled_source_observation_never_reads_clock" time="0.000" /><testcase classname="tests.test_mssql_native_chunks_execution" name="test_failed_worker_encoding_returns_diagnostics_without_masking_error" time="0.001" /><testcase classname="tests.test_mssql_native_sized_frames" name="test_frame_envelope_is_frozen_and_pickle_roundtrips" time="0.000" /><testcase classname="tests.test_mssql_native_sized_frames" name="test_one_shot_source_and_row_count_boundaries[0-expected0]" time="0.000" /><testcase classname="tests.test_mssql_native_sized_frames" name="test_one_shot_source_and_row_count_boundaries[1-expected1]" time="0.000" /><testcase classname="tests.test_mssql_native_sized_frames" name="test_one_shot_source_and_row_count_boundaries[3-expected2]" time="0.000" /><testcase classname="tests.test_mssql_native_sized_frames" name="test_one_shot_source_and_row_count_boundaries[4-expected3]" time="0.000" /><testcase classname="tests.test_mssql_native_sized_frames" name="test_one_shot_source_and_row_count_boundaries[6-expected4]" time="0.000" /><testcase classname="tests.test_mssql_native_sized_frames" name="test_reused_containers_and_binary_buffers_detach_before_sizing[bytearray-False]" time="0.000" /><testcase classname="tests.test_mssql_native_sized_frames" name="test_reused_containers_and_binary_buffers_detach_before_sizing[bytearray-True]" time="0.000" /><testcase classname="tests.test_mssql_native_sized_frames" name="test_reused_containers_and_binary_buffers_detach_before_sizing[memoryview-False]" time="0.000" /><testcase classname="tests.test_mssql_native_sized_frames" name="test_reused_containers_and_binary_buffers_detach_before_sizing[memoryview-True]" time="0.000" /><testcase classname="tests.test_mssql_native_sized_frames" name="test_native_frame_exact_bound[4016-expected0]" time="0.000" /><testcase classname="tests.test_mssql_native_sized_frames" name="test_native_frame_exact_bound[4015-expected1]" time="0.000" /><testcase classname="tests.test_mssql_native_sized_frames" name="test_conservative_ipc_frame_exact_bound[0-0-False]" time="0.000" /><testcase classname="tests.test_mssql_native_sized_frames" name="test_conservative_ipc_frame_exact_bound[0-0-True]" time="0.000" /><testcase classname="tests.test_mssql_native_sized_frames" name="test_conservative_ipc_frame_exact_bound[0-37-False]" time="0.000" /><testcase classname="tests.test_mssql_native_sized_frames" name="test_conservative_ipc_frame_exact_bound[0-37-True]" time="0.000" /><testcase classname="tests.test_mssql_native_sized_frames" name="test_conservative_ipc_frame_exact_bound[1-0-False]" time="0.000" /><testcase classname="tests.test_mssql_native_sized_frames" name="test_conservative_ipc_frame_exact_bound[1-0-True]" time="0.000" /><testcase classname="tests.test_mssql_native_sized_frames" name="test_conservative_ipc_frame_exact_bound[1-37-False]" time="0.001" /><testcase classname="tests.test_mssql_native_sized_frames" name="test_conservative_ipc_frame_exact_bound[1-37-True]" time="0.000" /><testcase classname="tests.test_mssql_native_sized_frames" name="test_single_row_pickle_exact_bound[0]" time="0.000" /><testcase classname="tests.test_mssql_native_sized_frames" name="test_single_row_pickle_exact_bound[37]" time="0.000" /><testcase classname="tests.test_mssql_native_sized_frames" name="test_native_row_exact_bound" time="0.000" /><testcase classname="tests.test_mssql_native_sized_frames" name="test_framing_error_contract[native_frames-int-row0-mssql_native_columns_mismatch]" time="0.000" /><testcase classname="tests.test_mssql_native_sized_frames" name="test_framing_error_contract[native_frames-int-row1-mssql_native_columns_mismatch]" time="0.000" /><testcase classname="tests.test_mssql_native_sized_frames" name="test_framing_error_contract[native_frames-int-row2-mssql_native_unexpected_null]" time="0.000" /><testcase classname="tests.test_mssql_native_sized_frames" name="test_framing_error_contract[native_frames-nvarchar(1)-row3-mssql_native_field_length_exceeded]" time="0.000" /><testcase classname="tests.test_mssql_native_sized_frames" name="test_framing_error_contract[native_frames-varbinary(max)-row4-mssql_native_invalid_value]" time="0.000" /><testcase classname="tests.test_mssql_native_sized_frames" name="test_framing_error_contract[sized_native_frames-int-row0-mssql_native_columns_mismatch]" time="0.000" /><testcase classname="tests.test_mssql_native_sized_frames" name="test_framing_error_contract[sized_native_frames-int-row1-mssql_native_columns_mismatch]" time="0.000" /><testcase classname="tests.test_mssql_native_sized_frames" name="test_framing_error_contract[sized_native_frames-int-row2-mssql_native_unexpected_null]" time="0.000" /><testcase classname="tests.test_mssql_native_sized_frames" name="test_framing_error_contract[sized_native_frames-nvarchar(1)-row3-mssql_native_field_length_exceeded]" time="0.000" /><testcase classname="tests.test_mssql_native_sized_frames" name="test_framing_error_contract[sized_native_frames-varbinary(max)-row4-mssql_native_invalid_value]" time="0.000" /><testcase classname="tests.test_mssql_native_sized_frames" name="test_cancellation_cadence_and_caller_owned_source_closure[native_frames]" time="0.001" /><testcase classname="tests.test_mssql_native_sized_frames" name="test_cancellation_cadence_and_caller_owned_source_closure[sized_native_frames]" time="0.001" /><testcase classname="tests.test_mssql_native_sized_frames" name="test_early_close_preserves_one_row_lookahead_without_consuming_source[native_frames]" time="0.000" /><testcase classname="tests.test_mssql_native_sized_frames" name="test_early_close_preserves_one_row_lookahead_without_consuming_source[sized_native_frames]" time="0.000" /><testcase classname="tests.test_mssql_native_sized_frames" name="test_handoff_eliminates_second_sizing_pass_and_preserves_worker_bytes[0]" time="0.000" /><testcase classname="tests.test_mssql_native_sized_frames" name="test_handoff_eliminates_second_sizing_pass_and_preserves_worker_bytes[1]" time="0.001" /><testcase classname="tests.test_mssql_native_sized_frames" name="test_handoff_eliminates_second_sizing_pass_and_preserves_worker_bytes[11]" time="0.001" /><testcase classname="tests.test_mssql_native_sized_frames" name="test_handoff_keeps_exact_frame_task_and_cumulative_ceilings" time="0.000" /><testcase classname="tests.test_mssql_native_sized_frames" name="test_worker_still_rejects_invalid_fixed_width_values_and_cleans_file" time="0.001" /></testsuite></testsuites>