<?xml version="1.0" encoding="utf-8"?><testsuites name="pytest tests"><testsuite name="pytest" errors="0" failures="0" skipped="0" tests="66" time="16.127" timestamp="2026-09-10T21:50:00.254697+03:00" hostname="MacBook-Air-VseInstrumenty.local"><testcase classname="tests.test_native_delivery_architecture_compatibility" name="test_recorder_keeps_raw_annotations_and_canonical_namespace_resolution" time="0.135" /><testcase classname="tests.test_native_delivery_architecture_compatibility" name="test_prepared_insert_keeps_raw_annotations_and_canonical_namespace_resolution" time="0.000" /><testcase classname="tests.test_native_delivery_architecture_compatibility" name="test_runtime_dataclass_fields_keep_ordinary_reflection" time="0.000" /><testcase classname="tests.test_native_delivery_architecture_compatibility" name="test_switch_supported_exports_keep_canonical_and_pickle_identity" time="0.000" /><testcase classname="tests.test_mssql_native_delivery_observations" name="test_immutable_observation_and_explicit_unavailable_metric" time="0.000" /><testcase classname="tests.test_mssql_native_delivery_observations" name="test_injected_nested_clock_and_separate_delivery_pipeline_spans" time="0.000" /><testcase classname="tests.test_mssql_native_delivery_observations" name="test_overlap_counts_distinct_workers_and_never_combines_clock_domains" time="0.000" /><testcase classname="tests.test_mssql_native_delivery_observations" name="test_overflow_bounds_all_retention_and_invalidates_overlap" time="0.000" /><testcase classname="tests.test_mssql_native_delivery_observations" name="test_failures_cancellations_and_retries_are_separate_work" time="0.000" /><testcase classname="tests.test_mssql_native_delivery_observations" name="test_observer_failure_and_missing_clock_do_not_mask_original_exception" time="0.000" /><testcase classname="tests.test_mssql_native_delivery_observations" name="test_disabled_observer_does_not_read_clock_or_change_results" time="0.000" /><testcase classname="tests.test_mssql_native_delivery_observations" name="test_invalid_observation_is_rejected[changes0]" time="0.000" /><testcase classname="tests.test_mssql_native_delivery_observations" name="test_invalid_observation_is_rejected[changes1]" time="0.000" /><testcase classname="tests.test_mssql_native_delivery_observations" name="test_invalid_observation_is_rejected[changes2]" time="0.000" /><testcase classname="tests.test_mssql_native_delivery_observations" name="test_invalid_observation_is_rejected[changes3]" time="0.000" /><testcase classname="tests.test_mssql_native_delivery_observations" name="test_invalid_observation_is_rejected[changes4]" time="0.000" /><testcase classname="tests.test_mssql_native_delivery_observations" name="test_invalid_observation_is_rejected[changes5]" time="0.000" /><testcase classname="tests.test_mssql_native_delivery_observations" name="test_invalid_observation_is_rejected[changes6]" time="0.000" /><testcase classname="tests.test_mssql_native_delivery_observations" name="test_invalid_observation_is_rejected[changes7]" time="0.000" /><testcase classname="tests.test_mssql_native_delivery_observations" name="test_invalid_observation_is_rejected[changes8]" time="0.000" /><testcase classname="tests.test_mssql_native_delivery_observations" name="test_metric_availability_is_explicit[0-unavailable-missing]" time="0.000" /><testcase classname="tests.test_mssql_native_delivery_observations" name="test_metric_availability_is_explicit[None-unavailable-None]" time="0.000" /><testcase classname="tests.test_mssql_native_delivery_observations" name="test_metric_availability_is_explicit[nan-measured-None]" time="0.000" /><testcase classname="tests.test_mssql_native_delivery_observations" name="test_metric_availability_is_explicit[inf-measured-None]" time="0.000" /><testcase classname="tests.test_mssql_native_delivery_observations" name="test_metric_availability_is_explicit[True-measured-None]" time="0.000" /><testcase classname="tests.test_mssql_native_delivery_observations" name="test_metric_availability_is_explicit[3-measured-missing]" time="0.000" /><testcase classname="tests.test_mssql_native_delivery_observations" name="test_worker_serialization_roundtrip_and_recorder_failure_merge" time="0.000" /><testcase classname="tests.test_mssql_native_delivery_observations" name="test_invalid_recorder_identity_never_emits_values_or_changes_business_result" time="0.000" /><testcase classname="tests.test_mssql_native_delivery_observations" name="test_nested_repeated_duration_stays_unavailable" time="0.000" /><testcase classname="tests.test_mssql_native_delivery_observations" name="test_malformed_duration_report_and_unbounded_clock_are_isolated" time="0.000" /><testcase classname="tests.test_mssql_native_delivery_observations" name="test_oversized_worker_metric_cannot_escape_failure_channel" time="0.000" /><testcase classname="tests.test_mssql_native_metadata_insert" name="test_explicit_order_and_quoted_columns_golden" time="0.000" /><testcase classname="tests.test_mssql_native_metadata_insert" name="test_union_all_empty_and_duplicate_row_semantics_with_local_sql[rows0]" time="0.006" /><testcase classname="tests.test_mssql_native_metadata_insert" name="test_union_all_empty_and_duplicate_row_semantics_with_local_sql[rows1]" time="0.000" /><testcase classname="tests.test_mssql_native_metadata_insert" name="test_union_all_empty_and_duplicate_row_semantics_with_local_sql[rows2]" time="0.000" /><testcase classname="tests.test_mssql_native_metadata_insert" name="test_source_column_identifier_is_quoted_without_interpreting_sql" time="0.000" /><testcase classname="tests.test_mssql_native_metadata_insert" name="test_empty_column_identifier_fails_in_injected_quoter" time="0.000" /><testcase classname="tests.test_mssql_native_metadata_insert_parity" name="test_insert_expressions_match_existing_direct_bcp_update[None-False-False]" time="0.000" /><testcase classname="tests.test_mssql_native_metadata_insert_parity" name="test_insert_expressions_match_existing_direct_bcp_update[None-False-True]" time="0.000" /><testcase classname="tests.test_mssql_native_metadata_insert_parity" name="test_insert_expressions_match_existing_direct_bcp_update[None-True-False]" time="0.000" /><testcase classname="tests.test_mssql_native_metadata_insert_parity" name="test_insert_expressions_match_existing_direct_bcp_update[None-True-True]" time="0.000" /><testcase classname="tests.test_mssql_native_metadata_insert_parity" name="test_insert_expressions_match_existing_direct_bcp_update[unique_key1-False-False]" time="0.000" /><testcase classname="tests.test_mssql_native_metadata_insert_parity" name="test_insert_expressions_match_existing_direct_bcp_update[unique_key1-False-True]" time="0.000" /><testcase classname="tests.test_mssql_native_metadata_insert_parity" name="test_insert_expressions_match_existing_direct_bcp_update[unique_key1-True-False]" time="0.000" /><testcase classname="tests.test_mssql_native_metadata_insert_parity" name="test_insert_expressions_match_existing_direct_bcp_update[unique_key1-True-True]" time="0.000" /><testcase classname="tests.test_mssql_native_metadata_insert_parity" name="test_lifecycle_identity_literals_and_generated_nulls_are_authoritative" time="0.000" /><testcase classname="tests.test_mssql_native_metadata_insert_parity" name="test_wire_row_hash_is_recomputed_even_if_source_supplies_forged_metadata" time="0.000" /><testcase classname="tests.test_mssql_native_delivery_integration" name="test_integrated_fresh_delivery_keeps_four_raw_and_two_prepared_readbacks[rows0]" time="0.153" /><testcase classname="tests.test_mssql_native_delivery_integration" name="test_integrated_fresh_delivery_keeps_four_raw_and_two_prepared_readbacks[rows1]" time="0.145" /><testcase classname="tests.test_mssql_native_delivery_integration" name="test_integrated_tamper_is_rejected_at_each_retained_boundary[tamper0-typed_digest_mismatch]" time="0.122" /><testcase classname="tests.test_mssql_native_delivery_integration" name="test_integrated_tamper_is_rejected_at_each_retained_boundary[tamper1-typed_digest_mismatch]" time="0.111" /><testcase classname="tests.test_mssql_native_delivery_integration" name="test_integrated_tamper_is_rejected_at_each_retained_boundary[tamper2-typed_digest_mismatch]" time="0.114" /><testcase classname="tests.test_mssql_native_delivery_integration" name="test_integrated_tamper_is_rejected_at_each_retained_boundary[tamper3-typed_digest_mismatch]" time="0.131" /><testcase classname="tests.test_mssql_native_delivery_integration" name="test_integrated_tamper_is_rejected_at_each_retained_boundary[tamper4-prepared_digest_mismatch]" time="0.119" /><testcase classname="tests.test_mssql_native_delivery_integration" name="test_integrated_tamper_is_rejected_at_each_retained_boundary[tamper5-prepared_content_changed]" time="0.125" /><testcase classname="tests.test_mssql_native_delivery_integration" name="test_integrated_tamper_is_rejected_at_each_retained_boundary[tamper6-prepared_content_changed]" time="0.124" /><testcase classname="tests.test_mssql_native_delivery_integration" name="test_observed_delivery_reports_actual_boundaries_and_preserves_journal[rows0]" time="0.125" /><testcase classname="tests.test_mssql_native_delivery_integration" name="test_observed_delivery_reports_actual_boundaries_and_preserves_journal[rows1]" time="0.134" /><testcase classname="tests.test_mssql_native_delivery_integration" name="test_real_benchmark_producer_consumer_never_certifies_unapproved_runs[absent]" time="0.243" /><testcase classname="tests.test_mssql_native_delivery_integration" name="test_real_benchmark_producer_consumer_never_certifies_unapproved_runs[hermetic]" time="2.173" /><testcase classname="tests.test_mssql_native_delivery_integration" name="test_real_produced_benchmark_rejects_tampering[retained_bytes]" time="2.238" /><testcase classname="tests.test_mssql_native_delivery_integration" name="test_real_produced_benchmark_rejects_tampering[schema]" time="2.260" /><testcase classname="tests.test_mssql_native_delivery_integration" name="test_real_produced_benchmark_rejects_tampering[binding]" time="2.070" /><testcase classname="tests.test_mssql_native_delivery_integration" name="test_failed_produced_trial_remains_failed_in_offline_comparison[queries]" time="2.171" /><testcase classname="tests.test_mssql_native_delivery_integration" name="test_failed_produced_trial_remains_failed_in_offline_comparison[publications]" time="1.963" /><testcase classname="tests.test_mssql_native_delivery_integration" name="test_real_producer_symlink_envelope_keeps_exported_proof_bundle" time="1.019" /></testsuite></testsuites>