<?xml version="1.0" encoding="utf-8"?><testsuites name="pytest tests"><testsuite name="pytest" errors="0" failures="0" skipped="0" tests="41" time="93.170" timestamp="2026-09-10T22:22:50.640150+03:00" hostname="MacBook-Air-VseInstrumenty.local"><testcase classname="tests.test_architecture_fitness_gate" name="test_repository_dependency_snapshot_is_shared_and_immutable" time="4.193" /><testcase classname="tests.test_architecture_fitness_gate" name="test_architecture_fitness_detects_large_class_without_failing_by_default" time="0.003" /><testcase classname="tests.test_architecture_fitness_gate" name="test_architecture_fitness_can_fail_on_class_responsibility" time="0.001" /><testcase classname="tests.test_architecture_fitness_gate" name="test_architecture_fitness_service_passes_current_repo_defaults" time="11.831" /><testcase classname="tests.test_architecture_fitness_gate" name="test_architecture_fitness_service_uses_repository_clustering_budget_by_default" time="0.002" /><testcase classname="tests.test_architecture_fitness_gate" name="test_architecture_fitness_current_repo_stays_inside_green_clustering_target" time="18.730" /><testcase classname="tests.test_architecture_fitness_gate" name="test_architecture_fitness_current_repo_stays_inside_pre_release_cross_layer_budget" time="19.555" /><testcase classname="tests.test_architecture_fitness_gate" name="test_architecture_fitness_current_repo_has_no_class_responsibility_warnings" time="31.192" /><testcase classname="tests.test_architecture_fitness_gate" name="test_etl_processor_stays_below_target_module_fanout" time="0.000" /><testcase classname="tests.test_architecture_fitness_gate" name="test_nested_load_service_stays_below_target_module_fanout" time="0.000" /><testcase classname="tests.test_architecture_fitness_gate" name="test_mssql_source_strategies_stay_below_target_module_fanout" time="0.001" /><testcase classname="tests.test_architecture_fitness_gate" name="test_mssql_source_strategy_facade_delegates_concrete_implementations" time="0.000" /><testcase classname="tests.test_architecture_fitness_gate" name="test_clickhouse_sink_stays_below_target_module_fanout" time="0.000" /><testcase classname="tests.test_architecture_fitness_gate" name="test_bigquery_sink_stays_below_target_module_fanout" time="0.000" /><testcase classname="tests.test_architecture_fitness_gate" name="test_bigquery_sink_delegates_concrete_strategy_wiring" time="0.001" /><testcase classname="tests.test_architecture_fitness_gate" name="test_postgres_sink_stays_below_target_module_fanout" time="0.000" /><testcase classname="tests.test_architecture_fitness_gate" name="test_postgres_sink_delegates_concrete_strategy_wiring" time="0.001" /><testcase classname="tests.test_architecture_fitness_gate" name="test_strategy_intelligence_package_facade_stays_lazy" time="0.001" /><testcase classname="tests.test_architecture_fitness_gate" name="test_ops_command_handlers_use_catalog_boundary_only" time="0.001" /><testcase classname="tests.test_architecture_fitness_gate" name="test_commands_and_services_do_not_import_concrete_app_context" time="0.166" /><testcase classname="tests.test_architecture_fitness_gate" name="test_commands_and_services_do_not_import_broad_output_facade" time="0.115" /><testcase classname="tests.test_architecture_fitness_gate" name="test_runtime_code_uses_logging_port_instead_of_etl_logging_facade" time="0.730" /><testcase classname="tests.test_architecture_fitness_gate" name="test_runtime_code_uses_domain_logging_ports_instead_of_broad_logging_port" time="0.230" /><testcase classname="tests.test_architecture_fitness_gate" name="test_runtime_code_uses_narrow_row_artifact_modules" time="0.201" /><testcase classname="tests.test_architecture_fitness_gate" name="test_runtime_code_uses_narrow_source_contract_modules" time="0.178" /><testcase classname="tests.test_architecture_fitness_gate" name="test_runtime_code_uses_narrow_sink_contract_modules" time="0.284" /><testcase classname="tests.test_architecture_fitness_gate" name="test_internal_code_imports_load_strategy_from_narrow_contract_module" time="2.248" /><testcase classname="tests.test_architecture_fitness_gate" name="test_etl_processor_delegates_strategy_and_source_state_policy" time="0.001" /><testcase classname="tests.test_architecture_fitness_gate" name="test_command_registry_core_delegates_to_focused_registry_sections" time="0.003" /><testcase classname="tests.test_architecture_fitness_gate" name="test_docs_registry_delegates_to_focused_registry_sections" time="0.000" /><testcase classname="tests.test_architecture_fitness_gate" name="test_ops_catalog_facades_delegate_to_focused_catalog_sections" time="0.000" /><testcase classname="tests.test_architecture_fitness_gate" name="test_core_and_cdc_ops_catalogs_delegate_to_focused_catalog_sections" time="0.006" /><testcase classname="tests.test_architecture_fitness_gate" name="test_readiness_ops_catalog_delegates_to_functional_subcatalog_sections" time="0.063" /><testcase classname="tests.test_architecture_fitness_gate" name="test_nested_certification_readiness_checks_delegate_runtime_mechanics_to_runtime_suite" time="0.002" /><testcase classname="tests.test_architecture_fitness_gate" name="test_cdc_ops_services_delegate_runtime_wiring_to_shared_adapter_boundary" time="0.002" /><testcase classname="tests.test_architecture_fitness_gate" name="test_runtime_bootstrap_delegates_to_focused_bootstrap_sections" time="0.000" /><testcase classname="tests.test_architecture_fitness_gate" name="test_runtime_code_uses_named_implementation_modules_instead_of_impl_suffixes" time="0.094" /><testcase classname="tests.test_architecture_fitness_gate" name="test_internal_code_uses_narrow_error_modules_instead_of_errors_facade" time="1.340" /><testcase classname="tests.test_architecture_fitness_gate" name="test_domain_code_uses_domain_configuration_errors" time="0.616" /><testcase classname="tests.test_architecture_fitness_gate" name="test_legacy_transfer_config_aliases_are_only_documented_in_migration_appendix" time="0.365" /><testcase classname="tests.test_architecture_fitness_gate" name="test_legacy_technical_column_names_are_isolated_to_compatibility_paths" time="0.831" /></testsuite></testsuites>