<?xml version="1.0" encoding="utf-8"?><testsuites name="pytest tests"><testsuite name="pytest" errors="0" failures="0" skipped="0" tests="518" time="68.104" timestamp="2026-09-10T21:57:12.484703+03:00" hostname="MacBook-Air-VseInstrumenty.local"><testcase classname="tests.test_mssql_native_delivery_integration" name="test_integrated_fresh_delivery_keeps_four_raw_and_two_prepared_readbacks[rows0]" time="0.863" /><testcase classname="tests.test_mssql_native_delivery_integration" name="test_integrated_fresh_delivery_keeps_four_raw_and_two_prepared_readbacks[rows1]" time="0.339" /><testcase classname="tests.test_mssql_native_delivery_integration" name="test_integrated_tamper_is_rejected_at_each_retained_boundary[tamper0-typed_digest_mismatch]" time="0.337" /><testcase classname="tests.test_mssql_native_delivery_integration" name="test_integrated_tamper_is_rejected_at_each_retained_boundary[tamper1-typed_digest_mismatch]" time="0.289" /><testcase classname="tests.test_mssql_native_delivery_integration" name="test_integrated_tamper_is_rejected_at_each_retained_boundary[tamper2-typed_digest_mismatch]" time="0.369" /><testcase classname="tests.test_mssql_native_delivery_integration" name="test_integrated_tamper_is_rejected_at_each_retained_boundary[tamper3-typed_digest_mismatch]" time="0.389" /><testcase classname="tests.test_mssql_native_delivery_integration" name="test_integrated_tamper_is_rejected_at_each_retained_boundary[tamper4-prepared_digest_mismatch]" time="0.428" /><testcase classname="tests.test_mssql_native_delivery_integration" name="test_integrated_tamper_is_rejected_at_each_retained_boundary[tamper5-prepared_content_changed]" time="0.402" /><testcase classname="tests.test_mssql_native_delivery_integration" name="test_integrated_tamper_is_rejected_at_each_retained_boundary[tamper6-prepared_content_changed]" time="0.445" /><testcase classname="tests.test_mssql_native_delivery_integration" name="test_observed_delivery_reports_actual_boundaries_and_preserves_journal[rows0]" time="0.299" /><testcase classname="tests.test_mssql_native_delivery_integration" name="test_observed_delivery_reports_actual_boundaries_and_preserves_journal[rows1]" time="0.505" /><testcase classname="tests.test_mssql_native_delivery_integration" name="test_real_benchmark_producer_consumer_never_certifies_unapproved_runs[absent]" time="0.421" /><testcase classname="tests.test_mssql_native_delivery_integration" name="test_real_benchmark_producer_consumer_never_certifies_unapproved_runs[hermetic]" time="3.986" /><testcase classname="tests.test_mssql_native_delivery_integration" name="test_real_produced_benchmark_rejects_tampering[retained_bytes]" time="4.233" /><testcase classname="tests.test_mssql_native_delivery_integration" name="test_real_produced_benchmark_rejects_tampering[schema]" time="3.365" /><testcase classname="tests.test_mssql_native_delivery_integration" name="test_real_produced_benchmark_rejects_tampering[binding]" time="3.504" /><testcase classname="tests.test_mssql_native_delivery_integration" name="test_failed_produced_trial_remains_failed_in_offline_comparison[queries]" time="3.400" /><testcase classname="tests.test_mssql_native_delivery_integration" name="test_failed_produced_trial_remains_failed_in_offline_comparison[publications]" time="3.874" /><testcase classname="tests.test_mssql_native_delivery_integration" name="test_real_producer_symlink_envelope_keeps_exported_proof_bundle" time="1.860" /><testcase classname="tests.test_mssql_native_chunks_execution" name="test_spawned_encoding_and_imports_overlap_and_recover_without_source" time="0.423" /><testcase classname="tests.test_mssql_native_chunks_execution" name="test_import_retries_only_retained_identical_bytes" time="0.514" /><testcase classname="tests.test_mssql_native_chunks_execution" name="test_scheduler_reuses_frame_size_with_real_spawned_workers[rows0]" time="0.340" /><testcase classname="tests.test_mssql_native_chunks_execution" name="test_scheduler_reuses_frame_size_with_real_spawned_workers[rows1]" time="0.278" /><testcase classname="tests.test_mssql_native_chunks_execution" name="test_frame_reservation_cannot_override_actual_encoded_bytes[1-encoder_size_authority_changed]" time="0.294" /><testcase classname="tests.test_mssql_native_chunks_execution" name="test_frame_reservation_cannot_override_actual_encoded_bytes[-1-chunk_bytes_exceeded]" time="0.350" /><testcase classname="tests.test_mssql_native_chunks_execution" name="test_spawned_workers_keep_values_from_reused_driver_buffers[False-False]" time="0.351" /><testcase classname="tests.test_mssql_native_chunks_execution" name="test_spawned_workers_keep_values_from_reused_driver_buffers[False-True]" time="0.330" /><testcase classname="tests.test_mssql_native_chunks_execution" name="test_spawned_workers_keep_values_from_reused_driver_buffers[True-False]" time="0.364" /><testcase classname="tests.test_mssql_native_chunks_execution" name="test_spawned_workers_keep_values_from_reused_driver_buffers[True-True]" time="0.285" /><testcase classname="tests.test_mssql_native_chunks_execution" name="test_retry_exhaustion_requires_reextraction" time="0.268" /><testcase classname="tests.test_mssql_native_chunks_execution" name="test_empty_query_has_verified_zero_row_authority" time="0.240" /><testcase classname="tests.test_mssql_native_chunks_execution" name="test_total_cap_rejects_before_import_and_closes_source" time="0.015" /><testcase classname="tests.test_mssql_native_chunks_execution" name="test_complete_stage_tampering_fails_closed" time="0.295" /><testcase classname="tests.test_mssql_native_chunks_execution" name="test_backpressure_and_cancellation_settle_workers_and_close_source" time="0.246" /><testcase classname="tests.test_mssql_native_chunks_execution" name="test_eof_metadata_captured_once_and_persisted_with_stage_complete" time="0.171" /><testcase classname="tests.test_mssql_native_chunks_execution" name="test_preparation_intent_recovery_and_unknown_publication_do_not_discard" time="0.196" /><testcase classname="tests.test_mssql_native_chunks_execution" name="test_capacity_failure_never_creates_stage_complete[max_staging_tables]" time="0.012" /><testcase classname="tests.test_mssql_native_chunks_execution" name="test_capacity_failure_never_creates_stage_complete[stage_allocated_bytes_stop_threshold]" time="0.012" /><testcase classname="tests.test_mssql_native_chunks_execution" name="test_observed_phase_metrics_include_retries_and_never_requested_workers" time="0.198" /><testcase classname="tests.test_mssql_native_chunks_execution" name="test_wire_and_limit_identity_fail_before_source_or_recovery_io" time="0.274" /><testcase classname="tests.test_mssql_native_chunks_execution" name="test_allocation_overshoot_is_durable_without_stage_complete[1]" time="0.284" /><testcase classname="tests.test_mssql_native_chunks_execution" name="test_allocation_overshoot_is_durable_without_stage_complete[2]" time="0.283" /><testcase classname="tests.test_mssql_native_chunks_execution" name="test_source_work_excludes_adapter_and_downstream_suspension" time="0.000" /><testcase classname="tests.test_mssql_native_chunks_execution" name="test_disabled_source_observation_never_reads_clock" time="0.000" /><testcase classname="tests.test_mssql_native_chunks_execution" name="test_failed_worker_encoding_returns_diagnostics_without_masking_error" time="0.001" /><testcase classname="tests.test_mssql_native_staged_prepare" name="test_real_native_prepare_keeps_duplicates_across_chunks_and_persists_prepared_identity[False-counts0]" time="0.006" /><testcase classname="tests.test_mssql_native_staged_prepare" name="test_real_native_prepare_keeps_duplicates_across_chunks_and_persists_prepared_identity[False-counts1]" time="0.004" /><testcase classname="tests.test_mssql_native_staged_prepare" name="test_real_native_prepare_keeps_duplicates_across_chunks_and_persists_prepared_identity[False-counts2]" time="0.004" /><testcase classname="tests.test_mssql_native_staged_prepare" name="test_real_native_prepare_keeps_duplicates_across_chunks_and_persists_prepared_identity[True-counts0]" time="0.003" /><testcase classname="tests.test_mssql_native_staged_prepare" name="test_real_native_prepare_keeps_duplicates_across_chunks_and_persists_prepared_identity[True-counts1]" time="0.002" /><testcase classname="tests.test_mssql_native_staged_prepare" name="test_real_native_prepare_keeps_duplicates_across_chunks_and_persists_prepared_identity[True-counts2]" time="0.004" /><testcase classname="tests.test_mssql_native_staged_finalizer" name="test_native_service_uses_transaction_receipt_and_fresh_probe[False-False]" time="0.001" /><testcase classname="tests.test_mssql_native_staged_finalizer" name="test_native_service_uses_transaction_receipt_and_fresh_probe[True-True]" time="0.001" /><testcase classname="tests.test_mssql_native_staged_finalizer" name="test_native_service_uses_transaction_receipt_and_fresh_probe[True-False]" time="0.001" /><testcase classname="tests.test_mssql_native_staged_recovery" name="test_json_roundtrip_preserves_typed_receipt_and_mutation_identity" time="0.000" /><testcase classname="tests.test_mssql_native_staged_recovery" name="test_new_operation_cannot_claim_old_prepared_table" time="0.001" /><testcase classname="tests.test_mssql_native_staged_recovery" name="test_published_recovery_uses_exact_target_receipt_without_stage_or_source_reads" time="0.001" /><testcase classname="tests.test_mssql_native_staged_recovery" name="test_changed_committed_payload_cannot_be_reported_as_success" time="0.000" /><testcase classname="tests.test_mssql_native_staged_verification" name="test_allowance_counts_exact_metadata_capacity_and_business_null_framing" time="0.000" /><testcase classname="tests.test_mssql_native_staged_verification" name="test_unbounded_generated_placeholder_cannot_expand_verification_memory" time="0.001" /><testcase classname="tests.test_mssql_native_staged_import" name="test_native_attempt_verifies_duplicates_and_consumed_file_evidence" time="0.003" /><testcase classname="tests.test_mssql_native_staged_import" name="test_disagreeing_authorities_fail_closed[kwargs0-vendor_count]" time="0.002" /><testcase classname="tests.test_mssql_native_staged_import" name="test_disagreeing_authorities_fail_closed[kwargs1-server_count]" time="0.001" /><testcase classname="tests.test_mssql_native_staged_import" name="test_disagreeing_authorities_fail_closed[kwargs2-typed_digest]" time="0.003" /><testcase classname="tests.test_mssql_native_staged_import" name="test_disagreeing_authorities_fail_closed[kwargs3-rejects]" time="0.001" /><testcase classname="tests.test_mssql_native_staged_import" name="test_tampered_file_rejected_before_import" time="0.001" /><testcase classname="tests.test_mssql_native_staged_import" name="test_foreign_receipt_cannot_address_other_stage" time="0.001" /><testcase classname="tests.test_mssql_native_staged_import" name="test_settlement_refuses_foreign_table_with_same_name" time="0.001" /><testcase classname="tests.test_mssql_native_runtime" name="test_order_and_complete_result" time="0.008" /><testcase classname="tests.test_mssql_native_runtime" name="test_published_recovery_never_opens_source_or_runs_quality" time="0.009" /><testcase classname="tests.test_mssql_native_runtime" name="test_evidence_failure_does_not_advance_or_abort_publication" time="0.009" /><testcase classname="tests.test_mssql_native_runtime" name="test_quality_failure_aborts_before_target_mutation" time="0.006" /><testcase classname="tests.test_mssql_native_runtime" name="test_optional_observer_records_actual_runtime_boundaries[False]" time="0.009" /><testcase classname="tests.test_mssql_native_runtime" name="test_optional_observer_records_actual_runtime_boundaries[True]" time="0.009" /><testcase classname="tests.test_mssql_native_runtime" name="test_observer_failure_cannot_change_business_outcome[False]" time="0.010" /><testcase classname="tests.test_mssql_native_runtime" name="test_observer_failure_cannot_change_business_outcome[True]" time="0.007" /><testcase classname="tests.test_mssql_native_runtime" name="test_runtime_observations_identify_the_executing_thread" time="0.011" /><testcase classname="tests.test_mssql_native_composition" name="test_composed_importers_are_independent_and_closed" time="0.001" /><testcase classname="tests.test_mssql_native_composition" name="test_preparation_rejects_reused_target_without_closing_it" time="0.001" /><testcase classname="tests.test_mssql_native_composition" name="test_preparation_rejects_and_closes_wrong_database" time="0.001" /><testcase classname="tests.test_mssql_native_composition" name="test_preparation_reports_cleanup_failure_after_success[-999-None]" time="0.001" /><testcase classname="tests.test_mssql_native_composition" name="test_preparation_reports_cleanup_failure_after_success[0-close_error1]" time="0.001" /><testcase classname="tests.test_mssql_native_composition" name="test_preparation_preserves_primary_error_when_cleanup_also_fails" time="0.000" /><testcase classname="tests.test_runtime_partition_replace_native_contracts" name="test_mssql_explicit_fallback_skips_native_metadata_and_warning" time="0.000" /><testcase classname="tests.test_runtime_partition_replace_native_contracts" name="test_mssql_partition_replace_rejects_uncertified_native_switch_before_io" time="0.000" /><testcase classname="tests.test_runtime_partition_replace_native_contracts" name="test_postgres_partition_replace_uses_declarative_detach_attach_when_bounds_resolve" time="0.000" /><testcase classname="tests.test_runtime_partition_replace_native_contracts" name="test_bigquery_partition_replace_uses_partition_decorator_write_truncate" time="2.403" /><testcase classname="tests.test_runtime_partition_replace_native_contracts" name="test_bigquery_partition_replace_falls_back_for_ingestion_time_partitioning" time="0.000" /><testcase classname="tests.test_mssql_native_integrity_readbacks" name="test_one_iterator_two_encodings_per_row_and_golden_multiset[0]" time="0.000" /><testcase classname="tests.test_mssql_native_integrity_readbacks" name="test_one_iterator_two_encodings_per_row_and_golden_multiset[1]" time="0.000" /><testcase classname="tests.test_mssql_native_integrity_readbacks" name="test_one_iterator_two_encodings_per_row_and_golden_multiset[3]" time="0.000" /><testcase classname="tests.test_mssql_native_integrity_readbacks" name="test_parity_with_legacy_preserves_typed_values_nulls_duplicates_and_order[int--2147483648-cb3b7fb3b569074a4ff3ed2eaa9b0ef23c9c26b96681e3aad22025088c57fb24-c86cf58397744231edfde3b439c743c00f1be364ae232c1fffc05277279164e3]" time="0.002" /><testcase classname="tests.test_mssql_native_integrity_readbacks" name="test_parity_with_legacy_preserves_typed_values_nulls_duplicates_and_order[bigint-9223372036854775807-85cc1040f9278a79dd61edd758521e8d4fd41e6ab46afb32c97b28934a40a0aa-d87f298f9a2fbac11dde47f53a923564bb1be58bdcb8de4c94d6f6b1f3e835ed]" time="0.001" /><testcase classname="tests.test_mssql_native_integrity_readbacks" name="test_parity_with_legacy_preserves_typed_values_nulls_duplicates_and_order[nvarchar(40)-O'Brien \u96ea \U0001f600-0d847956b3ef993ff9878813d6e0ad4a4f14ac3bdd73b0090d38d6b6daaa53aa-11efe97ca76e8b17759a55db467234f1eaefe44c3b1118476cf01ed434c03bfd]" time="0.001" /><testcase classname="tests.test_mssql_native_integrity_readbacks" name="test_parity_with_legacy_preserves_typed_values_nulls_duplicates_and_order[nvarchar(40)--9e310a1cdd3bc92d0a71877b8cb952c24ea5c8ffbae404f8824da191c37c3ea3-35356fb0f2446dd2f0203e99303c656fd391ca9b6783db9d9487520078748f1b]" time="0.001" /><testcase classname="tests.test_mssql_native_integrity_readbacks" name="test_parity_with_legacy_preserves_typed_values_nulls_duplicates_and_order[nvarchar(40)-NULL\x00-151dac96c67016b14c1684d56e69adb48cfef2d7ca6047917751c17bb47dbdcc-1f8a3834a01e20a5b07ea179734cb59a3163e19219845b54a307b20f85690914]" time="0.000" /><testcase classname="tests.test_mssql_native_integrity_readbacks" name="test_parity_with_legacy_preserves_typed_values_nulls_duplicates_and_order[varbinary(40)-\x00\xff'\x00-ef1a7cc32e40fc9f2c38e76f648afd42d4894b3b91a3ed14a0c5940f19e16f6e-0b065c928fd6a7731e81be2df8d85b870e3d1cae402fbe22ea028babbd3b9fe9]" time="0.000" /><testcase classname="tests.test_mssql_native_integrity_readbacks" name="test_parity_with_legacy_preserves_typed_values_nulls_duplicates_and_order[varbinary(40)--9e310a1cdd3bc92d0a71877b8cb952c24ea5c8ffbae404f8824da191c37c3ea3-35356fb0f2446dd2f0203e99303c656fd391ca9b6783db9d9487520078748f1b]" time="0.000" /><testcase classname="tests.test_mssql_native_integrity_readbacks" name="test_parity_with_legacy_preserves_typed_values_nulls_duplicates_and_order[decimal(38,9)-value7-46befe21e07a6df422177bcfb8d99349e0649368a0ae13b423be04acdd2eeb06-8989898ee97c837b829957ec0bcb73e8bca133008d863dc2aa37298190bd242d]" time="0.001" /><testcase classname="tests.test_mssql_native_integrity_readbacks" name="test_parity_with_legacy_preserves_typed_values_nulls_duplicates_and_order[date-value8-2f6dd79b858a8a0704b661283a5c35ee55feb915c94829be8a0efb1f7cbda13f-74517772a37f80adea6b7539c4ebf9c2b99461c60271c59805b3e834e9b34ae6]" time="0.000" /><testcase classname="tests.test_mssql_native_integrity_readbacks" name="test_parity_with_legacy_preserves_typed_values_nulls_duplicates_and_order[time(7)-value9-0c21f9b0386e561c2c7c02e7e3d0088c0f40f87740c24da2b422e287ee673838-ab16a2a90e79066ddaeb675ce941f58d5c30aea392c140290a0aad6b9f46de73]" time="0.000" /><testcase classname="tests.test_mssql_native_integrity_readbacks" name="test_parity_with_legacy_preserves_typed_values_nulls_duplicates_and_order[datetime2(7)-value10-c35da03b7eadf27954db5b717d59d94ac332af7ca30c57093242a5b6169d9f21-2c71c6de0b78fd2cf234069497c90dd224086538b7b532f46ba48e26f19f7a40]" time="0.001" /><testcase classname="tests.test_mssql_native_integrity_readbacks" name="test_parity_with_legacy_preserves_typed_values_nulls_duplicates_and_order[datetimeoffset(7)-value11-734831586f4be7e5e7efa22686f37fcb25e1aff8ef3b1db497e99a59a119759b-2c7dcc3ed9619d437a0fe6b1845056975facc26fa58c22f609d4b5f7c9cfd46b]" time="0.001" /><testcase classname="tests.test_mssql_native_integrity_readbacks" name="test_parity_with_legacy_preserves_typed_values_nulls_duplicates_and_order[uniqueidentifier-value12-9342ade4be9735212bcb7313c878664ce41dab2ece1bbbad05475b2e3b44b86c-145617c61366a59f0e116c7b42fb669e471da49c02c586673b7ed83b944908e1]" time="0.001" /><testcase classname="tests.test_mssql_native_integrity_readbacks" name="test_parity_with_legacy_preserves_typed_values_nulls_duplicates_and_order[float-0.125-20723197bd1dd8169f54571d8ec718dcd7380431d56ffd49dbcc77c2aa671039-0d2697f995db9463b112ec55219c0dea7efe5619e07f0a973bfb1d9c8afdb3dc]" time="0.002" /><testcase classname="tests.test_mssql_native_integrity_readbacks" name="test_finite_allowance_keeps_full_business_budget_and_nullable_framing" time="0.001" /><testcase classname="tests.test_mssql_native_integrity_readbacks" name="test_count_mismatch_retains_classification[0]" time="0.000" /><testcase classname="tests.test_mssql_native_integrity_readbacks" name="test_count_mismatch_retains_classification[2]" time="0.000" /><testcase classname="tests.test_mssql_native_integrity_readbacks" name="test_invalid_rows_fail_closed[row0-mssql_native.unbounded_metadata_changed]" time="0.000" /><testcase classname="tests.test_mssql_native_integrity_readbacks" name="test_invalid_rows_fail_closed[row1-mssql_native_unexpected_null]" time="0.000" /><testcase classname="tests.test_mssql_native_integrity_readbacks" name="test_invalid_rows_fail_closed[row2-mssql_native_invalid_value]" time="0.000" /><testcase classname="tests.test_mssql_native_integrity_readbacks" name="test_invalid_rows_fail_closed[row3-mssql_native_columns_mismatch]" time="0.000" /><testcase classname="tests.test_mssql_native_integrity_readbacks" name="test_invalid_rows_fail_closed[row4-mssql_native_columns_mismatch]" time="0.000" /><testcase classname="tests.test_mssql_native_integrity_readbacks" name="test_invalid_rows_fail_closed[row5-mssql_native_columns_mismatch]" time="0.000" /><testcase classname="tests.test_mssql_native_integrity_readbacks" name="test_invalid_rows_fail_closed[row6-mssql_native_columns_mismatch]" time="0.000" /><testcase classname="tests.test_mssql_native_integrity_readbacks" name="test_incompatible_contracts_fail_before_readback[schema0-verification_column_mismatch]" time="0.000" /><testcase classname="tests.test_mssql_native_integrity_readbacks" name="test_incompatible_contracts_fail_before_readback[schema1-verification_type_mismatch]" time="0.000" /><testcase classname="tests.test_mssql_native_integrity_readbacks" name="test_incompatible_contracts_fail_before_readback[schema2-unowned_verification_column]" time="0.000" /><testcase classname="tests.test_mssql_native_integrity_readbacks" name="test_iterator_failure_is_not_reclassified_or_retried" time="0.000" /><testcase classname="tests.test_mssql_native_integrity_readbacks" name="test_reused_mapping_is_encoded_before_next_pull_and_result_is_frozen" time="0.000" /><testcase classname="tests.test_mssql_native_integrity_readbacks" name="test_full_mapping_order_is_irrelevant_and_finite_metadata_overflow_fails" time="0.000" /><testcase classname="tests.test_mssql_native_integrity_readbacks" name="test_invalid_business_byte_limit_fails_before_iteration[0]" time="0.000" /><testcase classname="tests.test_mssql_native_integrity_readbacks" name="test_invalid_business_byte_limit_fails_before_iteration[-1]" time="0.000" /><testcase classname="tests.test_mssql_native_integrity_readbacks" name="test_invalid_business_byte_limit_fails_before_iteration[True]" time="0.000" /><testcase classname="tests.test_mssql_native_integrity_readbacks" name="test_single_projection_encodes_once_per_row_and_opens_readback_once[0]" time="0.000" /><testcase classname="tests.test_mssql_native_integrity_readbacks" name="test_single_projection_encodes_once_per_row_and_opens_readback_once[1]" time="0.000" /><testcase classname="tests.test_mssql_native_integrity_readbacks" name="test_single_projection_encodes_once_per_row_and_opens_readback_once[3]" time="0.000" /><testcase classname="tests.test_mssql_native_integrity_readbacks" name="test_stage_digest_rejects_invalid_limit_before_quoting_or_eager_sql[False]" time="0.000" /><testcase classname="tests.test_mssql_native_integrity_readbacks" name="test_stage_digest_rejects_invalid_limit_before_quoting_or_eager_sql[True]" time="0.000" /><testcase classname="tests.test_mssql_native_integrity_readbacks" name="test_single_projection_validates_allowance_before_encoder_and_eager_readback" time="0.001" /><testcase classname="tests.test_mssql_native_integrity_readbacks" name="test_single_projection_count_mismatch_keeps_error[0]" time="0.000" /><testcase classname="tests.test_mssql_native_integrity_readbacks" name="test_single_projection_count_mismatch_keeps_error[2]" time="0.000" /><testcase classname="tests.test_mssql_native_integrity_readbacks" name="test_single_projection_propagates_eager_iterator_failure_without_retry" time="0.000" /><testcase classname="tests.test_mssql_native_metadata_insert" name="test_explicit_order_and_quoted_columns_golden" time="0.000" /><testcase classname="tests.test_mssql_native_metadata_insert" name="test_union_all_empty_and_duplicate_row_semantics_with_local_sql[rows0]" time="0.001" /><testcase classname="tests.test_mssql_native_metadata_insert" name="test_union_all_empty_and_duplicate_row_semantics_with_local_sql[rows1]" time="0.000" /><testcase classname="tests.test_mssql_native_metadata_insert" name="test_union_all_empty_and_duplicate_row_semantics_with_local_sql[rows2]" time="0.000" /><testcase classname="tests.test_mssql_native_metadata_insert" name="test_source_column_identifier_is_quoted_without_interpreting_sql" time="0.000" /><testcase classname="tests.test_mssql_native_metadata_insert" name="test_empty_column_identifier_fails_in_injected_quoter" time="0.000" /><testcase classname="tests.test_mssql_native_metadata_insert_parity" name="test_insert_expressions_match_existing_direct_bcp_update[None-False-False]" time="0.000" /><testcase classname="tests.test_mssql_native_metadata_insert_parity" name="test_insert_expressions_match_existing_direct_bcp_update[None-False-True]" time="0.000" /><testcase classname="tests.test_mssql_native_metadata_insert_parity" name="test_insert_expressions_match_existing_direct_bcp_update[None-True-False]" time="0.000" /><testcase classname="tests.test_mssql_native_metadata_insert_parity" name="test_insert_expressions_match_existing_direct_bcp_update[None-True-True]" time="0.000" /><testcase classname="tests.test_mssql_native_metadata_insert_parity" name="test_insert_expressions_match_existing_direct_bcp_update[unique_key1-False-False]" time="0.000" /><testcase classname="tests.test_mssql_native_metadata_insert_parity" name="test_insert_expressions_match_existing_direct_bcp_update[unique_key1-False-True]" time="0.000" /><testcase classname="tests.test_mssql_native_metadata_insert_parity" name="test_insert_expressions_match_existing_direct_bcp_update[unique_key1-True-False]" time="0.000" /><testcase classname="tests.test_mssql_native_metadata_insert_parity" name="test_insert_expressions_match_existing_direct_bcp_update[unique_key1-True-True]" time="0.000" /><testcase classname="tests.test_mssql_native_metadata_insert_parity" name="test_lifecycle_identity_literals_and_generated_nulls_are_authoritative" time="0.000" /><testcase classname="tests.test_mssql_native_metadata_insert_parity" name="test_wire_row_hash_is_recomputed_even_if_source_supplies_forged_metadata" time="0.000" /><testcase classname="tests.test_mssql_native_sized_frames" name="test_frame_envelope_is_frozen_and_pickle_roundtrips" time="0.000" /><testcase classname="tests.test_mssql_native_sized_frames" name="test_one_shot_source_and_row_count_boundaries[0-expected0]" time="0.000" /><testcase classname="tests.test_mssql_native_sized_frames" name="test_one_shot_source_and_row_count_boundaries[1-expected1]" time="0.000" /><testcase classname="tests.test_mssql_native_sized_frames" name="test_one_shot_source_and_row_count_boundaries[3-expected2]" time="0.000" /><testcase classname="tests.test_mssql_native_sized_frames" name="test_one_shot_source_and_row_count_boundaries[4-expected3]" time="0.000" /><testcase classname="tests.test_mssql_native_sized_frames" name="test_one_shot_source_and_row_count_boundaries[6-expected4]" time="0.000" /><testcase classname="tests.test_mssql_native_sized_frames" name="test_reused_containers_and_binary_buffers_detach_before_sizing[bytearray-False]" time="0.000" /><testcase classname="tests.test_mssql_native_sized_frames" name="test_reused_containers_and_binary_buffers_detach_before_sizing[bytearray-True]" time="0.000" /><testcase classname="tests.test_mssql_native_sized_frames" name="test_reused_containers_and_binary_buffers_detach_before_sizing[memoryview-False]" time="0.000" /><testcase classname="tests.test_mssql_native_sized_frames" name="test_reused_containers_and_binary_buffers_detach_before_sizing[memoryview-True]" time="0.000" /><testcase classname="tests.test_mssql_native_sized_frames" name="test_native_frame_exact_bound[4016-expected0]" time="0.000" /><testcase classname="tests.test_mssql_native_sized_frames" name="test_native_frame_exact_bound[4015-expected1]" time="0.000" /><testcase classname="tests.test_mssql_native_sized_frames" name="test_conservative_ipc_frame_exact_bound[0-0-False]" time="0.000" /><testcase classname="tests.test_mssql_native_sized_frames" name="test_conservative_ipc_frame_exact_bound[0-0-True]" time="0.000" /><testcase classname="tests.test_mssql_native_sized_frames" name="test_conservative_ipc_frame_exact_bound[0-37-False]" time="0.000" /><testcase classname="tests.test_mssql_native_sized_frames" name="test_conservative_ipc_frame_exact_bound[0-37-True]" time="0.001" /><testcase classname="tests.test_mssql_native_sized_frames" name="test_conservative_ipc_frame_exact_bound[1-0-False]" time="0.000" /><testcase classname="tests.test_mssql_native_sized_frames" name="test_conservative_ipc_frame_exact_bound[1-0-True]" time="0.000" /><testcase classname="tests.test_mssql_native_sized_frames" name="test_conservative_ipc_frame_exact_bound[1-37-False]" time="0.000" /><testcase classname="tests.test_mssql_native_sized_frames" name="test_conservative_ipc_frame_exact_bound[1-37-True]" time="0.000" /><testcase classname="tests.test_mssql_native_sized_frames" name="test_single_row_pickle_exact_bound[0]" time="0.000" /><testcase classname="tests.test_mssql_native_sized_frames" name="test_single_row_pickle_exact_bound[37]" time="0.000" /><testcase classname="tests.test_mssql_native_sized_frames" name="test_native_row_exact_bound" time="0.000" /><testcase classname="tests.test_mssql_native_sized_frames" name="test_framing_error_contract[native_frames-int-row0-mssql_native_columns_mismatch]" time="0.000" /><testcase classname="tests.test_mssql_native_sized_frames" name="test_framing_error_contract[native_frames-int-row1-mssql_native_columns_mismatch]" time="0.000" /><testcase classname="tests.test_mssql_native_sized_frames" name="test_framing_error_contract[native_frames-int-row2-mssql_native_unexpected_null]" time="0.000" /><testcase classname="tests.test_mssql_native_sized_frames" name="test_framing_error_contract[native_frames-nvarchar(1)-row3-mssql_native_field_length_exceeded]" time="0.000" /><testcase classname="tests.test_mssql_native_sized_frames" name="test_framing_error_contract[native_frames-varbinary(max)-row4-mssql_native_invalid_value]" time="0.000" /><testcase classname="tests.test_mssql_native_sized_frames" name="test_framing_error_contract[sized_native_frames-int-row0-mssql_native_columns_mismatch]" time="0.000" /><testcase classname="tests.test_mssql_native_sized_frames" name="test_framing_error_contract[sized_native_frames-int-row1-mssql_native_columns_mismatch]" time="0.000" /><testcase classname="tests.test_mssql_native_sized_frames" name="test_framing_error_contract[sized_native_frames-int-row2-mssql_native_unexpected_null]" time="0.000" /><testcase classname="tests.test_mssql_native_sized_frames" name="test_framing_error_contract[sized_native_frames-nvarchar(1)-row3-mssql_native_field_length_exceeded]" time="0.000" /><testcase classname="tests.test_mssql_native_sized_frames" name="test_framing_error_contract[sized_native_frames-varbinary(max)-row4-mssql_native_invalid_value]" time="0.000" /><testcase classname="tests.test_mssql_native_sized_frames" name="test_cancellation_cadence_and_caller_owned_source_closure[native_frames]" time="0.002" /><testcase classname="tests.test_mssql_native_sized_frames" name="test_cancellation_cadence_and_caller_owned_source_closure[sized_native_frames]" time="0.002" /><testcase classname="tests.test_mssql_native_sized_frames" name="test_early_close_preserves_one_row_lookahead_without_consuming_source[native_frames]" time="0.000" /><testcase classname="tests.test_mssql_native_sized_frames" name="test_early_close_preserves_one_row_lookahead_without_consuming_source[sized_native_frames]" time="0.000" /><testcase classname="tests.test_mssql_native_sized_frames" name="test_handoff_eliminates_second_sizing_pass_and_preserves_worker_bytes[0]" time="0.001" /><testcase classname="tests.test_mssql_native_sized_frames" name="test_handoff_eliminates_second_sizing_pass_and_preserves_worker_bytes[1]" time="0.001" /><testcase classname="tests.test_mssql_native_sized_frames" name="test_handoff_eliminates_second_sizing_pass_and_preserves_worker_bytes[11]" time="0.002" /><testcase classname="tests.test_mssql_native_sized_frames" name="test_handoff_keeps_exact_frame_task_and_cumulative_ceilings" time="0.001" /><testcase classname="tests.test_mssql_native_sized_frames" name="test_worker_still_rejects_invalid_fixed_width_values_and_cleans_file" time="0.001" /><testcase classname="tests.test_mssql_native_delivery_observations" name="test_immutable_observation_and_explicit_unavailable_metric" time="0.000" /><testcase classname="tests.test_mssql_native_delivery_observations" name="test_injected_nested_clock_and_separate_delivery_pipeline_spans" time="0.000" /><testcase classname="tests.test_mssql_native_delivery_observations" name="test_overlap_counts_distinct_workers_and_never_combines_clock_domains" time="0.000" /><testcase classname="tests.test_mssql_native_delivery_observations" name="test_overflow_bounds_all_retention_and_invalidates_overlap" time="0.002" /><testcase classname="tests.test_mssql_native_delivery_observations" name="test_failures_cancellations_and_retries_are_separate_work" time="0.000" /><testcase classname="tests.test_mssql_native_delivery_observations" name="test_observer_failure_and_missing_clock_do_not_mask_original_exception" time="0.000" /><testcase classname="tests.test_mssql_native_delivery_observations" name="test_disabled_observer_does_not_read_clock_or_change_results" time="0.000" /><testcase classname="tests.test_mssql_native_delivery_observations" name="test_invalid_observation_is_rejected[changes0]" time="0.000" /><testcase classname="tests.test_mssql_native_delivery_observations" name="test_invalid_observation_is_rejected[changes1]" time="0.000" /><testcase classname="tests.test_mssql_native_delivery_observations" name="test_invalid_observation_is_rejected[changes2]" time="0.000" /><testcase classname="tests.test_mssql_native_delivery_observations" name="test_invalid_observation_is_rejected[changes3]" time="0.000" /><testcase classname="tests.test_mssql_native_delivery_observations" name="test_invalid_observation_is_rejected[changes4]" time="0.000" /><testcase classname="tests.test_mssql_native_delivery_observations" name="test_invalid_observation_is_rejected[changes5]" time="0.000" /><testcase classname="tests.test_mssql_native_delivery_observations" name="test_invalid_observation_is_rejected[changes6]" time="0.000" /><testcase classname="tests.test_mssql_native_delivery_observations" name="test_invalid_observation_is_rejected[changes7]" time="0.000" /><testcase classname="tests.test_mssql_native_delivery_observations" name="test_invalid_observation_is_rejected[changes8]" time="0.000" /><testcase classname="tests.test_mssql_native_delivery_observations" name="test_metric_availability_is_explicit[0-unavailable-missing]" time="0.000" /><testcase classname="tests.test_mssql_native_delivery_observations" name="test_metric_availability_is_explicit[None-unavailable-None]" time="0.000" /><testcase classname="tests.test_mssql_native_delivery_observations" name="test_metric_availability_is_explicit[nan-measured-None]" time="0.000" /><testcase classname="tests.test_mssql_native_delivery_observations" name="test_metric_availability_is_explicit[inf-measured-None]" time="0.000" /><testcase classname="tests.test_mssql_native_delivery_observations" name="test_metric_availability_is_explicit[True-measured-None]" time="0.000" /><testcase classname="tests.test_mssql_native_delivery_observations" name="test_metric_availability_is_explicit[3-measured-missing]" time="0.000" /><testcase classname="tests.test_mssql_native_delivery_observations" name="test_worker_serialization_roundtrip_and_recorder_failure_merge" time="0.000" /><testcase classname="tests.test_mssql_native_delivery_observations" name="test_invalid_recorder_identity_never_emits_values_or_changes_business_result" time="0.000" /><testcase classname="tests.test_mssql_native_delivery_observations" name="test_nested_repeated_duration_stays_unavailable" time="0.000" /><testcase classname="tests.test_mssql_native_delivery_observations" name="test_malformed_duration_report_and_unbounded_clock_are_isolated" time="0.000" /><testcase classname="tests.test_mssql_native_delivery_observations" name="test_oversized_worker_metric_cannot_escape_failure_channel" time="0.000" /><testcase classname="tests.test_mssql_native_delivery_benchmark" name="test_hermetic_samples_produce_unverified_report_with_raw_references" time="0.028" /><testcase classname="tests.test_mssql_native_delivery_benchmark" name="test_live_shape_gate_boundaries_are_hermetic_contract_tests[8.5-PASS]" time="0.027" /><testcase classname="tests.test_mssql_native_delivery_benchmark" name="test_live_shape_gate_boundaries_are_hermetic_contract_tests[8.6-FAIL]" time="0.034" /><testcase classname="tests.test_mssql_native_delivery_benchmark" name="test_live_shape_gate_boundaries_are_hermetic_contract_tests[10.6-FAIL]" time="0.033" /><testcase classname="tests.test_mssql_native_delivery_benchmark" name="test_schema_identity_and_drift_rejected[&lt;lambda&gt;0]" time="0.023" /><testcase classname="tests.test_mssql_native_delivery_benchmark" name="test_schema_identity_and_drift_rejected[&lt;lambda&gt;1]" time="0.018" /><testcase classname="tests.test_mssql_native_delivery_benchmark" name="test_schema_identity_and_drift_rejected[&lt;lambda&gt;2]" time="0.025" /><testcase classname="tests.test_mssql_native_delivery_benchmark" name="test_schema_identity_and_drift_rejected[&lt;lambda&gt;3]" time="0.043" /><testcase classname="tests.test_mssql_native_delivery_benchmark" name="test_schema_identity_and_drift_rejected[&lt;lambda&gt;4]" time="0.031" /><testcase classname="tests.test_mssql_native_delivery_benchmark" name="test_schema_identity_and_drift_rejected[&lt;lambda&gt;5]" time="0.032" /><testcase classname="tests.test_mssql_native_delivery_benchmark" name="test_schema_identity_and_drift_rejected[&lt;lambda&gt;6]" time="0.042" /><testcase classname="tests.test_mssql_native_delivery_benchmark" name="test_schema_identity_and_drift_rejected[&lt;lambda&gt;7]" time="0.044" /><testcase classname="tests.test_mssql_native_delivery_benchmark" name="test_schema_identity_and_drift_rejected[&lt;lambda&gt;8]" time="0.019" /><testcase classname="tests.test_mssql_native_delivery_benchmark" name="test_invalid_limit_fields_and_values_keep_consumer_error[&lt;lambda&gt;0]" time="0.022" /><testcase classname="tests.test_mssql_native_delivery_benchmark" name="test_invalid_limit_fields_and_values_keep_consumer_error[&lt;lambda&gt;1]" time="0.019" /><testcase classname="tests.test_mssql_native_delivery_benchmark" name="test_invalid_limit_fields_and_values_keep_consumer_error[&lt;lambda&gt;2]" time="0.024" /><testcase classname="tests.test_mssql_native_delivery_benchmark" name="test_invalid_limit_fields_and_values_keep_consumer_error[&lt;lambda&gt;3]" time="0.023" /><testcase classname="tests.test_mssql_native_delivery_benchmark" name="test_invalid_limit_fields_and_values_keep_consumer_error[&lt;lambda&gt;4]" time="0.024" /><testcase classname="tests.test_mssql_native_delivery_benchmark" name="test_tampered_receipt_bytes_rejected_even_when_supplied_pass" time="0.037" /><testcase classname="tests.test_mssql_native_delivery_benchmark" name="test_ineligible_trials_never_produce_a_ratio[&lt;lambda&gt;-UNVERIFIED0]" time="0.040" /><testcase classname="tests.test_mssql_native_delivery_benchmark" name="test_ineligible_trials_never_produce_a_ratio[&lt;lambda&gt;-UNVERIFIED1]" time="0.032" /><testcase classname="tests.test_mssql_native_delivery_benchmark" name="test_ineligible_trials_never_produce_a_ratio[&lt;lambda&gt;-UNVERIFIED2]" time="0.032" /><testcase classname="tests.test_mssql_native_delivery_benchmark" name="test_ineligible_trials_never_produce_a_ratio[&lt;lambda&gt;-UNVERIFIED3]" time="0.039" /><testcase classname="tests.test_mssql_native_delivery_benchmark" name="test_failed_fidelity_blocks_success_despite_fast_samples" time="0.032" /><testcase classname="tests.test_mssql_native_delivery_benchmark" name="test_receipt_identity_checked_after_valid_hash[&lt;lambda&gt;0]" time="0.023" /><testcase classname="tests.test_mssql_native_delivery_benchmark" name="test_receipt_identity_checked_after_valid_hash[&lt;lambda&gt;1]" time="0.023" /><testcase classname="tests.test_mssql_native_delivery_benchmark" name="test_receipt_identity_checked_after_valid_hash[&lt;lambda&gt;2]" time="0.024" /><testcase classname="tests.test_mssql_native_delivery_benchmark" name="test_receipt_identity_checked_after_valid_hash[&lt;lambda&gt;3]" time="0.024" /><testcase classname="tests.test_mssql_native_delivery_benchmark" name="test_reference_escape_is_rejected[traversal]" time="0.019" /><testcase classname="tests.test_mssql_native_delivery_benchmark" name="test_reference_escape_is_rejected[absolute]" time="0.020" /><testcase classname="tests.test_mssql_native_delivery_benchmark" name="test_reference_escape_is_rejected[symlink]" time="0.018" /><testcase classname="tests.test_mssql_native_delivery_benchmark" name="test_campaign_requires_all_predeclared_cases_and_every_ratio_limit" time="0.174" /><testcase classname="tests.test_mssql_native_delivery_benchmark" name="test_atomic_output_hash_overwrite_and_alias_protection" time="0.168" /><testcase classname="tests.test_mssql_native_delivery_benchmark" name="test_atomic_write_failure_preserves_previous_report_and_cleans_temp" time="0.035" /><testcase classname="tests.test_mssql_native_delivery_benchmark" name="test_atomic_no_clobber_concurrent_publication" time="0.033" /><testcase classname="tests.test_mssql_native_delivery_benchmark" name="test_cli_status_streams_help_and_no_output_on_invalid_input" time="0.071" /><testcase classname="tests.test_mssql_native_delivery_benchmark" name="test_documented_python_and_cli_examples_execute_or_parse" time="0.002" /><testcase classname="tests.test_mssql_native_delivery_benchmark" name="test_output_outside_input_tree_retains_relative_verified_evidence" time="0.080" /><testcase classname="tests.test_mssql_native_delivery_benchmark" name="test_bundled_internal_symlink_reference_keeps_retained_bytes" time="0.070" /><testcase classname="tests.test_mssql_native_delivery_benchmark" name="test_exported_run_alias_preserves_relative_evidence[False-memory]" time="0.057" /><testcase classname="tests.test_mssql_native_delivery_benchmark" name="test_exported_run_alias_preserves_relative_evidence[False-same_tree]" time="0.062" /><testcase classname="tests.test_mssql_native_delivery_benchmark" name="test_exported_run_alias_preserves_relative_evidence[False-bundle]" time="0.068" /><testcase classname="tests.test_mssql_native_delivery_benchmark" name="test_exported_run_alias_preserves_relative_evidence[True-memory]" time="0.055" /><testcase classname="tests.test_mssql_native_delivery_benchmark" name="test_exported_run_alias_preserves_relative_evidence[True-same_tree]" time="0.064" /><testcase classname="tests.test_mssql_native_delivery_benchmark" name="test_exported_run_alias_preserves_relative_evidence[True-bundle]" time="0.099" /><testcase classname="tests.test_mssql_native_delivery_benchmark" name="test_exported_campaign_alias_preserves_relative_runs[memory]" time="0.101" /><testcase classname="tests.test_mssql_native_delivery_benchmark" name="test_exported_campaign_alias_preserves_relative_runs[same_tree]" time="0.059" /><testcase classname="tests.test_mssql_native_delivery_benchmark" name="test_exported_campaign_alias_preserves_relative_runs[bundle]" time="0.072" /><testcase classname="tests.test_mssql_native_delivery_benchmark" name="test_sidecar_reconstructs_real_collector_diagnostic_status[None-PASS]" time="0.031" /><testcase classname="tests.test_mssql_native_delivery_benchmark" name="test_sidecar_reconstructs_real_collector_diagnostic_status[clock-UNVERIFIED]" time="0.033" /><testcase classname="tests.test_mssql_native_delivery_benchmark" name="test_sidecar_reconstructs_real_collector_diagnostic_status[overflow-UNVERIFIED]" time="0.033" /><testcase classname="tests.test_mssql_native_delivery_benchmark" name="test_malformed_or_inconsistent_sidecar_never_authorizes_pass[&lt;lambda&gt;0]" time="0.025" /><testcase classname="tests.test_mssql_native_delivery_benchmark" name="test_malformed_or_inconsistent_sidecar_never_authorizes_pass[&lt;lambda&gt;1]" time="0.023" /><testcase classname="tests.test_mssql_native_delivery_benchmark" name="test_malformed_or_inconsistent_sidecar_never_authorizes_pass[&lt;lambda&gt;2]" time="0.026" /><testcase classname="tests.test_mssql_native_delivery_benchmark" name="test_malformed_or_inconsistent_sidecar_never_authorizes_pass[&lt;lambda&gt;3]" time="0.026" /><testcase classname="tests.test_mssql_native_delivery_benchmark" name="test_malformed_or_inconsistent_sidecar_never_authorizes_pass[&lt;lambda&gt;4]" time="0.028" /><testcase classname="tests.test_mssql_native_delivery_benchmark" name="test_malformed_or_inconsistent_sidecar_never_authorizes_pass[&lt;lambda&gt;5]" time="0.032" /><testcase classname="tests.test_mssql_native_delivery_benchmark" name="test_malformed_or_inconsistent_sidecar_never_authorizes_pass[&lt;lambda&gt;6]" time="0.024" /><testcase classname="tests.test_mssql_native_delivery_benchmark" name="test_malformed_or_inconsistent_sidecar_never_authorizes_pass[&lt;lambda&gt;7]" time="0.031" /><testcase classname="tests.test_mssql_native_delivery_benchmark" name="test_malformed_or_inconsistent_sidecar_never_authorizes_pass[&lt;lambda&gt;8]" time="0.026" /><testcase classname="tests.test_mssql_native_delivery_benchmark" name="test_evidence_assertions_preserve_json_scalar_types" time="0.026" /><testcase classname="tests.test_mssql_native_delivery_benchmark" name="test_cli_argument_errors_do_not_echo_sensitive_unrecognized_values" time="0.001" /><testcase classname="tests.test_mssql_native_delivery_benchmark" name="test_raw_schema_version_boolean_is_not_integer_identity" time="0.023" /><testcase classname="tests.test_mssql_native_delivery_benchmark" name="test_identity_records_do_not_coerce_integer_or_resource_types[&lt;lambda&gt;0]" time="0.015" /><testcase classname="tests.test_mssql_native_delivery_benchmark" name="test_identity_records_do_not_coerce_integer_or_resource_types[&lt;lambda&gt;1]" time="0.019" /><testcase classname="tests.test_mssql_native_delivery_benchmark" name="test_identity_records_do_not_coerce_integer_or_resource_types[&lt;lambda&gt;2]" time="0.030" /><testcase classname="tests.test_mssql_native_delivery_benchmark" name="test_observation_sidecar_version_requires_integer[True]" time="0.028" /><testcase classname="tests.test_mssql_native_delivery_benchmark" name="test_observation_sidecar_version_requires_integer[1.0]" time="0.023" /><testcase classname="tests.test_mssql_native_delivery_benchmark" name="test_envelope_provenance_and_version_accept_frozen_descriptive_strings" time="0.031" /><testcase classname="tests.test_mssql_native_partition_switch" name="test_authored_window_authorizes_partition_even_with_empty_input[0]" time="0.000" /><testcase classname="tests.test_mssql_native_partition_switch" name="test_authored_window_authorizes_partition_even_with_empty_input[3]" time="0.000" /><testcase classname="tests.test_mssql_native_partition_switch" name="test_rejects_non_exact_interval[None-end0]" time="0.000" /><testcase classname="tests.test_mssql_native_partition_switch" name="test_rejects_non_exact_interval[start1-end1]" time="0.000" /><testcase classname="tests.test_mssql_native_partition_switch" name="test_rejects_non_exact_interval[start2-None]" time="0.000" /><testcase classname="tests.test_mssql_native_partition_switch" name="test_rejects_non_exact_interval[start3-end3]" time="0.000" /><testcase classname="tests.test_mssql_native_partition_switch" name="test_rejects_unsafe_content[switch_out_rows-1-switch_out_not_empty]" time="0.000" /><testcase classname="tests.test_mssql_native_partition_switch" name="test_rejects_unsafe_content[prepared_outside_rows-1-prepared_rows_outside_interval]" time="0.000" /><testcase classname="tests.test_mssql_native_partition_switch" name="test_rejects_unsafe_content[prepared_rows--1-metadata_unknown]" time="0.000" /><testcase classname="tests.test_mssql_native_partition_switch" name="test_rejects_ineligible_table[owner_tag-foreign-owner_binding_mismatch]" time="0.000" /><testcase classname="tests.test_mssql_native_partition_switch" name="test_rejects_ineligible_table[layout_digest-different-layout_mismatch]" time="0.000" /><testcase classname="tests.test_mssql_native_partition_switch" name="test_rejects_ineligible_table[range_right-False-unsupported_partition_layout]" time="0.000" /><testcase classname="tests.test_mssql_native_partition_switch" name="test_rejects_ineligible_table[issues-value3-unsupported_dependency]" time="0.000" /><testcase classname="tests.test_mssql_native_partition_switch_recovery" name="test_two_switches_preserve_outside_rows_and_count_replaced_rows[False]" time="0.001" /><testcase classname="tests.test_mssql_native_partition_switch_recovery" name="test_two_switches_preserve_outside_rows_and_count_replaced_rows[True]" time="0.001" /><testcase classname="tests.test_mssql_native_partition_switch_recovery" name="test_transaction_rejection_precedes_locks_and_mutation[state-0]" time="0.001" /><testcase classname="tests.test_mssql_native_partition_switch_recovery" name="test_transaction_rejection_precedes_locks_and_mutation[state--1]" time="0.001" /><testcase classname="tests.test_mssql_native_partition_switch_recovery" name="test_transaction_rejection_precedes_locks_and_mutation[depth-2]" time="0.001" /><testcase classname="tests.test_mssql_native_partition_switch_recovery" name="test_transaction_rejection_precedes_locks_and_mutation[database_id-9]" time="0.001" /><testcase classname="tests.test_mssql_native_partition_switch_recovery" name="test_transaction_rejection_precedes_locks_and_mutation[xact_abort-0]" time="0.001" /><testcase classname="tests.test_mssql_native_partition_switch_recovery" name="test_transaction_rejection_precedes_locks_and_mutation[isolation-2]" time="0.000" /><testcase classname="tests.test_mssql_native_partition_switch_recovery" name="test_transaction_rejection_precedes_locks_and_mutation[session_id-None]" time="0.000" /><testcase classname="tests.test_mssql_native_partition_switch_recovery" name="test_owner_authority_is_mandatory" time="0.000" /><testcase classname="tests.test_mssql_native_partition_switch_recovery" name="test_transaction_observations_preserve_authority_lock_integrity_and_switch_order" time="0.001" /><testcase classname="tests.test_mssql_native_partition_switch_recovery" name="test_original_failure_propagates_for_complete_caller_rollback[1]" time="0.001" /><testcase classname="tests.test_mssql_native_partition_switch_recovery" name="test_original_failure_propagates_for_complete_caller_rollback[2]" time="0.001" /><testcase classname="tests.test_mssql_native_partition_switch_recovery" name="test_existing_finalizer_settles_switch_handler_commit_without_replay[False-False]" time="0.001" /><testcase classname="tests.test_mssql_native_partition_switch_recovery" name="test_existing_finalizer_settles_switch_handler_commit_without_replay[True-True]" time="0.001" /><testcase classname="tests.test_mssql_native_partition_switch_recovery" name="test_existing_finalizer_settles_switch_handler_commit_without_replay[True-False]" time="0.001" /><testcase classname="tests.test_mssql_native_partition_switch_recovery" name="test_existing_finalizer_rolls_back_if_second_switch_fails" time="0.001" /><testcase classname="tests.test_mssql_native_partition_switch_recovery" name="test_receipt_first_resume_after_switch_emptied_prepared[False]" time="0.001" /><testcase classname="tests.test_mssql_native_partition_switch_recovery" name="test_receipt_first_resume_after_switch_emptied_prepared[True]" time="0.001" /><testcase classname="tests.test_mssql_native_partition_switch_recovery" name="test_same_count_value_tampering_is_reverified_under_held_locks" time="0.001" /><testcase classname="tests.test_mssql_native_partition_switch_recovery" name="test_prepared_null_and_outside_boundaries_rejected_with_real_row_double[None]" time="0.001" /><testcase classname="tests.test_mssql_native_partition_switch_recovery" name="test_prepared_null_and_outside_boundaries_rejected_with_real_row_double[day1]" time="0.000" /><testcase classname="tests.test_mssql_native_partition_switch_recovery" name="test_prepared_null_and_outside_boundaries_rejected_with_real_row_double[day2]" time="0.000" /><testcase classname="tests.test_mssql_native_partition_switch_catalog" name="test_transaction_state_is_uncached_shape_only_observation_without_constructor_io" time="0.000" /><testcase classname="tests.test_mssql_native_partition_switch_catalog" name="test_transaction_state_rejects_unknown_row_shape[empty]" time="0.000" /><testcase classname="tests.test_mssql_native_partition_switch_catalog" name="test_transaction_state_rejects_unknown_row_shape[multiple]" time="0.000" /><testcase classname="tests.test_mssql_native_partition_switch_catalog" name="test_transaction_state_rejects_unknown_row_shape[missing]" time="0.000" /><testcase classname="tests.test_mssql_native_partition_switch_catalog" name="test_transaction_state_rejects_unknown_row_shape[extra]" time="0.000" /><testcase classname="tests.test_mssql_native_partition_switch_catalog" name="test_transaction_state_propagates_query_failure_without_retry" time="0.000" /><testcase classname="tests.test_mssql_native_partition_switch_catalog" name="test_adapter_fingerprints_distinguish_layout_from_object_identity" time="0.001" /><testcase classname="tests.test_mssql_native_partition_switch_catalog" name="test_missing_metadata_never_defaults_to_compatible[columns]" time="0.000" /><testcase classname="tests.test_mssql_native_partition_switch_catalog" name="test_missing_metadata_never_defaults_to_compatible[indexes]" time="0.000" /><testcase classname="tests.test_mssql_native_partition_switch_catalog" name="test_missing_metadata_never_defaults_to_compatible[functions]" time="0.000" /><testcase classname="tests.test_mssql_native_partition_switch_catalog" name="test_missing_metadata_never_defaults_to_compatible[partitions]" time="0.000" /><testcase classname="tests.test_mssql_native_partition_switch_catalog" name="test_missing_metadata_never_defaults_to_compatible[owner_tag]" time="0.000" /><testcase classname="tests.test_mssql_native_partition_switch_catalog" name="test_missing_metadata_never_defaults_to_compatible[is_tracked_by_cdc]" time="0.000" /><testcase classname="tests.test_mssql_native_partition_switch_catalog" name="test_missing_metadata_never_defaults_to_compatible[incoming_fks]" time="0.000" /><testcase classname="tests.test_mssql_native_partition_switch_catalog" name="test_unsupported_table_dependencies[temporal_type]" time="0.000" /><testcase classname="tests.test_mssql_native_partition_switch_catalog" name="test_unsupported_table_dependencies[is_tracked_by_cdc]" time="0.000" /><testcase classname="tests.test_mssql_native_partition_switch_catalog" name="test_unsupported_table_dependencies[is_replicated]" time="0.001" /><testcase classname="tests.test_mssql_native_partition_switch_catalog" name="test_unsupported_table_dependencies[ledger_type]" time="0.001" /><testcase classname="tests.test_mssql_native_partition_switch_catalog" name="test_unsupported_table_dependencies[is_external]" time="0.001" /><testcase classname="tests.test_mssql_native_partition_switch_catalog" name="test_unsupported_table_dependencies[is_memory_optimized]" time="0.000" /><testcase classname="tests.test_mssql_native_partition_switch_catalog" name="test_unsupported_external_dependencies[incoming_fks]" time="0.001" /><testcase classname="tests.test_mssql_native_partition_switch_catalog" name="test_unsupported_external_dependencies[bound_dependencies]" time="0.001" /><testcase classname="tests.test_mssql_native_partition_switch_catalog" name="test_unsupported_external_dependencies[security_predicates]" time="0.001" /><testcase classname="tests.test_mssql_native_partition_switch_catalog" name="test_unsupported_external_dependencies[change_tracking]" time="0.000" /><testcase classname="tests.test_mssql_native_partition_switch_catalog" name="test_server_visibility_and_database_are_required_before_table_reads[major-17-unsupported_server]" time="0.000" /><testcase classname="tests.test_mssql_native_partition_switch_catalog" name="test_server_visibility_and_database_are_required_before_table_reads[visible-None-metadata_visibility_required]" time="0.000" /><testcase classname="tests.test_mssql_native_partition_switch_catalog" name="test_server_visibility_and_database_are_required_before_table_reads[name-other-database_binding_mismatch]" time="0.001" /><testcase classname="tests.test_mssql_native_partition_switch_catalog" name="test_malformed_catalog[None]" time="0.000" /><testcase classname="tests.test_mssql_native_partition_switch_catalog" name="test_malformed_catalog[{}]" time="0.000" /><testcase classname="tests.test_mssql_native_partition_switch_catalog" name="test_malformed_catalog[[]]" time="0.000" /><testcase classname="tests.test_mssql_native_partition_switch_catalog" name="test_malformed_catalog[[{},{}]]" time="0.000" /><testcase classname="tests.test_mssql_native_partition_switch_catalog" name="test_malformed_catalog[null]" time="0.000" /><testcase classname="tests.test_mssql_native_partition_switch_catalog" name="test_malformed_catalog[broken]" time="0.000" /><testcase classname="tests.test_mssql_native_partition_switch_catalog" name="test_every_physical_shape_difference_fails_closed[columns-is_nullable-True]" time="0.000" /><testcase classname="tests.test_mssql_native_partition_switch_catalog" name="test_every_physical_shape_difference_fails_closed[columns-scale-7]" time="0.000" /><testcase classname="tests.test_mssql_native_partition_switch_catalog" name="test_every_physical_shape_difference_fails_closed[columns-collation_name-changed]" time="0.001" /><testcase classname="tests.test_mssql_native_partition_switch_catalog" name="test_every_physical_shape_difference_fails_closed[columns-max_length-4]" time="0.000" /><testcase classname="tests.test_mssql_native_partition_switch_catalog" name="test_every_physical_shape_difference_fails_closed[columns-type_name-xml]" time="0.000" /><testcase classname="tests.test_mssql_native_partition_switch_catalog" name="test_every_physical_shape_difference_fails_closed[indexes-is_disabled-True]" time="0.000" /><testcase classname="tests.test_mssql_native_partition_switch_catalog" name="test_every_physical_shape_difference_fails_closed[indexes-data_space_id-6]" time="0.000" /><testcase classname="tests.test_mssql_native_partition_switch_catalog" name="test_every_physical_shape_difference_fails_closed[indexes-is_unique-True]" time="0.001" /><testcase classname="tests.test_mssql_native_partition_switch_catalog" name="test_every_physical_shape_difference_fails_closed[indexes-type-5]" time="0.001" /><testcase classname="tests.test_mssql_native_partition_switch_catalog" name="test_every_physical_shape_difference_fails_closed[partitions-filegroup_id-8]" time="0.001" /><testcase classname="tests.test_mssql_native_partition_switch_catalog" name="test_every_physical_shape_difference_fails_closed[partitions-data_compression-2]" time="0.001" /><testcase classname="tests.test_mssql_native_partition_switch_catalog" name="test_every_physical_shape_difference_fails_closed[partitions-xml_compression-1]" time="0.000" /><testcase classname="tests.test_mssql_native_partition_switch_catalog" name="test_every_physical_shape_difference_fails_closed[functions-range_right-False]" time="0.001" /><testcase classname="tests.test_mssql_native_partition_switch_catalog" name="test_object_and_invocation_binding_precede_data_reads[object_id-999]" time="0.001" /><testcase classname="tests.test_mssql_native_partition_switch_catalog" name="test_object_and_invocation_binding_precede_data_reads[created_at-recreated]" time="0.000" /><testcase classname="tests.test_mssql_native_partition_switch_catalog" name="test_object_and_invocation_binding_precede_data_reads[owner_tag-foreign]" time="0.000" /><testcase classname="tests.test_mssql_native_partition_switch_catalog" name="test_drift_under_transaction_rejects_before_switch[catalog]" time="0.001" /><testcase classname="tests.test_mssql_native_partition_switch_catalog" name="test_drift_under_transaction_rejects_before_switch[owner]" time="0.001" /><testcase classname="tests.test_mssql_native_partition_switch_catalog" name="test_drift_under_transaction_rejects_before_switch[boundary]" time="0.001" /><testcase classname="tests.test_mssql_native_partition_switch_catalog" name="test_drift_under_transaction_rejects_before_switch[nonempty]" time="0.001" /><testcase classname="tests.test_mssql_native_partition_switch_catalog" name="test_drift_under_transaction_rejects_before_switch[outside]" time="0.001" /><testcase classname="tests.test_mssql_native_partition_switch_catalog" name="test_drift_under_transaction_rejects_before_switch[prepared_count]" time="0.001" /><testcase classname="tests.test_mssql_native_partition_switch_catalog" name="test_forged_partition_number_cannot_change_mutation_scope" time="0.001" /><testcase classname="tests.test_mssql_native_partition_switch_catalog" name="test_snapshot_is_detached_from_mutable_driver_records" time="0.001" /><testcase classname="tests.test_mssql_native_partition_switch_catalog" name="test_ddl_trigger_visibility_and_exclusion_before_any_table_read[server_visible-None-metadata_visibility_required]" time="0.000" /><testcase classname="tests.test_mssql_native_partition_switch_catalog" name="test_ddl_trigger_visibility_and_exclusion_before_any_table_read[database_triggers-1-unsupported_dependency]" time="0.000" /><testcase classname="tests.test_mssql_native_partition_switch_catalog" name="test_ddl_trigger_visibility_and_exclusion_before_any_table_read[server_triggers-1-unsupported_dependency]" time="0.000" /><testcase classname="tests.test_mssql_native_partition_switch_catalog" name="test_ddl_trigger_visibility_and_exclusion_before_any_table_read[server_triggers-None-metadata_unknown]" time="0.000" /><testcase classname="tests.test_mssql_native_partition_switch_catalog" name="test_standalone_bound_rules_and_defaults_are_not_hidden_by_empty_children[default_object_id]" time="0.000" /><testcase classname="tests.test_mssql_native_partition_switch_catalog" name="test_standalone_bound_rules_and_defaults_are_not_hidden_by_empty_children[rule_object_id]" time="0.000" /><testcase classname="tests.test_mssql_native_partition_switch_catalog" name="test_fulltext_index_is_explicitly_excluded" time="0.000" /><testcase classname="tests.test_mssql_native_partition_switch_catalog" name="test_aligned_clustered_rowstore_index_names_may_differ" time="0.000" /><testcase classname="tests.test_mssql_native_partition_switch_catalog" name="test_datetime2_utc_precision_preserves_exact_boundary" time="0.000" /><testcase classname="tests.test_mssql_native_partition_switch_catalog" name="test_boundary_unknown_never_converts_to_valid_partition[None]" time="0.000" /><testcase classname="tests.test_mssql_native_partition_switch_catalog" name="test_boundary_unknown_never_converts_to_valid_partition[not-a-date]" time="0.000" /><testcase classname="tests.test_mssql_native_partition_switch_catalog" name="test_boundary_unknown_never_converts_to_valid_partition[2026-01-01T00:00:00Z]" time="0.000" /><testcase classname="tests.test_native_delivery_live_benchmark" name="test_profiles_are_deterministic_and_bind_the_seed[narrow]" time="0.000" /><testcase classname="tests.test_native_delivery_live_benchmark" name="test_profiles_are_deterministic_and_bind_the_seed[wide]" time="0.003" /><testcase classname="tests.test_native_delivery_live_benchmark" name="test_profiles_are_deterministic_and_bind_the_seed[unicode]" time="0.000" /><testcase classname="tests.test_native_delivery_live_benchmark" name="test_profiles_are_deterministic_and_bind_the_seed[decimal]" time="0.000" /><testcase classname="tests.test_native_delivery_live_benchmark" name="test_profiles_are_deterministic_and_bind_the_seed[null]" time="0.000" /><testcase classname="tests.test_native_delivery_live_benchmark" name="test_profiles_are_deterministic_and_bind_the_seed[binary]" time="0.000" /><testcase classname="tests.test_native_delivery_live_benchmark" name="test_profiles_are_deterministic_and_bind_the_seed[skewed]" time="0.000" /><testcase classname="tests.test_native_delivery_live_benchmark" name="test_exact_multiset_preserves_types_null_empty_binary_and_duplicates" time="0.000" /><testcase classname="tests.test_native_delivery_live_benchmark" name="test_dataset_rejects_invalid_rows[-1]" time="0.000" /><testcase classname="tests.test_native_delivery_live_benchmark" name="test_dataset_rejects_invalid_rows[True]" time="0.000" /><testcase classname="tests.test_native_delivery_live_benchmark" name="test_dataset_rejects_invalid_rows[1.2]" time="0.000" /><testcase classname="tests.test_native_delivery_live_benchmark" name="test_atomic_artifacts_refuse_overwrite_and_detect_tampering" time="0.003" /><testcase classname="tests.test_native_delivery_live_benchmark" name="test_artifact_paths_cannot_escape[../escape]" time="0.001" /><testcase classname="tests.test_native_delivery_live_benchmark" name="test_artifact_paths_cannot_escape[/tmp/escape]" time="0.001" /><testcase classname="tests.test_native_delivery_live_benchmark" name="test_serialization_failure_preserves_existing_output" time="0.001" /><testcase classname="tests.test_native_delivery_live_benchmark" name="test_hermetic_envelope_matches_frozen_fields_without_live_authority" time="1.377" /><testcase classname="tests.test_native_delivery_live_benchmark" name="test_comparison_rejects_identity_and_layout_drift[workload]" time="0.000" /><testcase classname="tests.test_native_delivery_live_benchmark" name="test_comparison_rejects_identity_and_layout_drift[configuration]" time="0.000" /><testcase classname="tests.test_native_delivery_live_benchmark" name="test_comparison_rejects_identity_and_layout_drift[environment]" time="0.000" /><testcase classname="tests.test_native_delivery_live_benchmark" name="test_comparison_rejects_identity_and_layout_drift[route]" time="0.000" /><testcase classname="tests.test_native_delivery_live_benchmark" name="test_parser_rejects_contract_and_binding_corruption[version]" time="1.380" /><testcase classname="tests.test_native_delivery_live_benchmark" name="test_parser_rejects_contract_and_binding_corruption[receipt_identity]" time="1.290" /><testcase classname="tests.test_native_delivery_live_benchmark" name="test_parser_rejects_contract_and_binding_corruption[missing_check]" time="1.161" /><testcase classname="tests.test_native_delivery_live_benchmark" name="test_parser_rejects_contract_and_binding_corruption[duplicate_sample]" time="1.343" /><testcase classname="tests.test_native_delivery_live_benchmark" name="test_metrics_keep_zero_separate_from_absence[metric0]" time="0.000" /><testcase classname="tests.test_native_delivery_live_benchmark" name="test_metrics_keep_zero_separate_from_absence[metric1]" time="0.000" /><testcase classname="tests.test_native_delivery_live_benchmark" name="test_metrics_reject_nonfinite_boolean_negative_values[nan]" time="0.000" /><testcase classname="tests.test_native_delivery_live_benchmark" name="test_metrics_reject_nonfinite_boolean_negative_values[inf]" time="0.000" /><testcase classname="tests.test_native_delivery_live_benchmark" name="test_metrics_reject_nonfinite_boolean_negative_values[True]" time="0.000" /><testcase classname="tests.test_native_delivery_live_benchmark" name="test_metrics_reject_nonfinite_boolean_negative_values[-1]" time="0.000" /><testcase classname="tests.test_native_delivery_live_benchmark" name="test_configuration_uses_exact_canonical_limits[&lt;lambda&gt;-exact_limits_required0]" time="0.000" /><testcase classname="tests.test_native_delivery_live_benchmark" name="test_configuration_uses_exact_canonical_limits[&lt;lambda&gt;-exact_limits_required1]" time="0.000" /><testcase classname="tests.test_native_delivery_live_benchmark" name="test_configuration_uses_exact_canonical_limits[&lt;lambda&gt;-mssql_native.max_row_bytes_exceeds_chunk]" time="0.000" /><testcase classname="tests.test_native_delivery_live_benchmark" name="test_configuration_uses_exact_canonical_limits[&lt;lambda&gt;-mssql_native.invalid_limit:parallelism]" time="0.000" /><testcase classname="tests.test_native_delivery_live_benchmark" name="test_configuration_uses_exact_canonical_limits[&lt;lambda&gt;-mssql_native.invalid_limit:max_pending]" time="0.000" /><testcase classname="tests.test_native_delivery_live_benchmark" name="test_configuration_uses_exact_canonical_limits[&lt;lambda&gt;-mssql_native.invalid_limit:max_rows]" time="0.000" /><testcase classname="tests.test_native_delivery_live_benchmark" name="test_shared_limits_normalization_preserves_configuration_bytes_and_detaches_input" time="0.000" /><testcase classname="tests.test_native_delivery_live_benchmark" name="test_absence_writes_skip_without_factory_import[False]" time="0.094" /><testcase classname="tests.test_native_delivery_live_benchmark" name="test_absence_writes_skip_without_factory_import[True]" time="0.097" /><testcase classname="tests.test_native_delivery_live_benchmark" name="test_output_failure_happens_before_live_factory" time="0.001" /><testcase classname="tests.test_native_delivery_live_benchmark" name="test_symlinked_artifact_is_rejected" time="0.001" /><testcase classname="tests.test_native_delivery_live_benchmark" name="test_unsafe_environment_is_rejected_and_not_echoed" time="0.085" /><testcase classname="tests.test_native_delivery_live_benchmark" name="test_source_reopening_and_duplicate_publication_fail_recovery" time="0.001" /><testcase classname="tests.test_native_delivery_live_benchmark" name="test_failed_fidelity_prevents_timed_trials" time="0.374" /><testcase classname="tests.test_native_delivery_live_benchmark" name="test_clock_measures_visibility_before_pipeline" time="0.000" /><testcase classname="tests.test_native_delivery_live_benchmark" name="test_wide_profile_has_200_columns" time="0.000" /><testcase classname="tests.test_native_delivery_live_benchmark" name="test_maintenance_retains_unknown_resources[cleanup-False-UNVERIFIED]" time="0.001" /><testcase classname="tests.test_native_delivery_live_benchmark" name="test_maintenance_retains_unknown_resources[cleanup-True-PASS]" time="0.001" /><testcase classname="tests.test_native_delivery_live_benchmark" name="test_maintenance_retains_unknown_resources[recover-False-UNVERIFIED]" time="0.001" /><testcase classname="tests.test_native_delivery_live_benchmark" name="test_maintenance_retains_unknown_resources[recover-True-PASS]" time="0.001" /><testcase classname="tests.test_native_delivery_live_benchmark" name="test_failing_atomic_replace_keeps_previous_envelope_and_receipts" time="0.002" /><testcase classname="tests.test_native_delivery_live_benchmark" name="test_wrong_loaded_baseline_is_rejected" time="0.039" /><testcase classname="tests.test_native_delivery_live_benchmark" name="test_help_and_import_do_not_discover_services" time="0.004" /><testcase classname="tests.test_native_delivery_live_benchmark" name="test_lost_ack_must_really_fire_and_probe_receipt[event]" time="0.001" /><testcase classname="tests.test_native_delivery_live_benchmark" name="test_lost_ack_must_really_fire_and_probe_receipt[probe]" time="0.001" /><testcase classname="tests.test_native_delivery_live_benchmark" name="test_noop_recovery_of_known_rollback_cannot_pass" time="0.001" /><testcase classname="tests.test_native_delivery_live_benchmark" name="test_inspector_rejects_description_tampering[limits]" time="1.175" /><testcase classname="tests.test_native_delivery_live_benchmark" name="test_inspector_rejects_description_tampering[versions]" time="1.030" /><testcase classname="tests.test_native_delivery_live_benchmark" name="test_inspector_rejects_description_tampering[rows]" time="0.936" /><testcase classname="tests.test_native_delivery_live_benchmark" name="test_failed_trial_records_observed_target_count" time="0.898" /><testcase classname="tests.test_native_delivery_live_benchmark" name="test_fixed_v1_contract_fixture_remains_valid_and_unverified" time="0.003" /><testcase classname="tests.test_native_delivery_live_benchmark" name="test_unknown_commit_replay_must_preserve_target" time="0.001" /><testcase classname="tests.test_native_delivery_live_benchmark" name="test_maintenance_rejects_repeat_publication" time="0.001" /><testcase classname="tests.test_native_delivery_live_benchmark" name="test_producer_drift_fails_even_when_subject_is_unchanged" time="0.168" /><testcase classname="tests.test_native_delivery_live_benchmark" name="test_live_fixture_exceptions_are_redacted_without_chaining" time="0.001" /><testcase classname="tests.test_native_delivery_live_benchmark" name="test_json_assertions_do_not_coerce_booleans[True-1]" time="0.000" /><testcase classname="tests.test_native_delivery_live_benchmark" name="test_json_assertions_do_not_coerce_booleans[False-0]" time="0.000" /><testcase classname="tests.test_native_delivery_live_benchmark" name="test_json_assertions_do_not_coerce_booleans[expected2-observed2]" time="0.000" /><testcase classname="tests.test_native_delivery_live_benchmark" name="test_live_factory_setup_failure_has_no_driver_exception_chain" time="0.001" /><testcase classname="tests.test_native_delivery_live_benchmark" name="test_capture_freezes_reused_row_dictionaries" time="0.000" /><testcase classname="tests.test_native_delivery_live_benchmark" name="test_outside_window_snapshots_cannot_be_rewritten_in_place[publish]" time="0.421" /><testcase classname="tests.test_native_delivery_live_benchmark" name="test_outside_window_snapshots_cannot_be_rewritten_in_place[unknown_recovery]" time="0.354" /><testcase classname="tests.test_native_delivery_live_benchmark" name="test_full_refresh_unknown_commit_may_replace_all_old_rows" time="0.001" /><testcase classname="tests.test_native_delivery_live_recovery_boundaries" name="test_recovery_cannot_hide_an_invalid_initial_boundary[unknown_commit-partial_rows-receipt_first_recovery-partition_replace]" time="0.001" /><testcase classname="tests.test_native_delivery_live_recovery_boundaries" name="test_recovery_cannot_hide_an_invalid_initial_boundary[unknown_commit-partial_rows-receipt_first_recovery-full_refresh]" time="0.001" /><testcase classname="tests.test_native_delivery_live_recovery_boundaries" name="test_recovery_cannot_hide_an_invalid_initial_boundary[unknown_commit-complete-receipt_first_recovery-partition_replace]" time="0.001" /><testcase classname="tests.test_native_delivery_live_recovery_boundaries" name="test_recovery_cannot_hide_an_invalid_initial_boundary[unknown_commit-complete-receipt_first_recovery-full_refresh]" time="0.001" /><testcase classname="tests.test_native_delivery_live_recovery_boundaries" name="test_recovery_cannot_hide_an_invalid_initial_boundary[unknown_commit-publications-receipt_first_recovery-partition_replace]" time="0.001" /><testcase classname="tests.test_native_delivery_live_recovery_boundaries" name="test_recovery_cannot_hide_an_invalid_initial_boundary[unknown_commit-publications-receipt_first_recovery-full_refresh]" time="0.001" /><testcase classname="tests.test_native_delivery_live_recovery_boundaries" name="test_recovery_cannot_hide_an_invalid_initial_boundary[before_commit-complete-rollback-partition_replace]" time="0.001" /><testcase classname="tests.test_native_delivery_live_recovery_boundaries" name="test_recovery_cannot_hide_an_invalid_initial_boundary[before_commit-complete-rollback-full_refresh]" time="0.001" /><testcase classname="tests.test_native_delivery_live_recovery_boundaries" name="test_recovery_cannot_hide_an_invalid_initial_boundary[after_eof-complete-source_free_resume-partition_replace]" time="0.001" /><testcase classname="tests.test_native_delivery_live_recovery_boundaries" name="test_recovery_cannot_hide_an_invalid_initial_boundary[after_eof-complete-source_free_resume-full_refresh]" time="0.001" /><testcase classname="tests.test_native_delivery_live_recovery_boundaries" name="test_recovery_cannot_hide_an_invalid_initial_boundary[after_eof-outside-source_free_resume-partition_replace]" time="0.001" /><testcase classname="tests.test_native_delivery_live_recovery_boundaries" name="test_recovery_cannot_hide_an_invalid_initial_boundary[after_eof-outside-source_free_resume-full_refresh]" time="0.001" /><testcase classname="tests.test_native_delivery_live_recovery_boundaries" name="test_recovery_cannot_hide_an_invalid_initial_boundary[after_eof-publications-source_free_resume-partition_replace]" time="0.001" /><testcase classname="tests.test_native_delivery_live_recovery_boundaries" name="test_recovery_cannot_hide_an_invalid_initial_boundary[after_eof-publications-source_free_resume-full_refresh]" time="0.001" /><testcase classname="tests.test_native_delivery_live_recovery_boundaries" name="test_recovery_cannot_hide_an_invalid_initial_boundary[lost_ack-partial_rows-receipt_first_recovery-partition_replace]" time="0.001" /><testcase classname="tests.test_native_delivery_live_recovery_boundaries" name="test_recovery_cannot_hide_an_invalid_initial_boundary[lost_ack-partial_rows-receipt_first_recovery-full_refresh]" time="0.001" /><testcase classname="tests.test_native_delivery_live_recovery_boundaries" name="test_recovery_cannot_hide_an_invalid_initial_boundary[lost_ack-outside-receipt_first_recovery-partition_replace]" time="0.001" /><testcase classname="tests.test_native_delivery_live_recovery_boundaries" name="test_recovery_cannot_hide_an_invalid_initial_boundary[lost_ack-outside-receipt_first_recovery-full_refresh]" time="0.001" /><testcase classname="tests.test_native_delivery_live_recovery_boundaries" name="test_ordinary_delivery_requires_one_source_query_and_one_publication[queries-0-type-fidelity]" time="0.354" /><testcase classname="tests.test_native_delivery_live_recovery_boundaries" name="test_ordinary_delivery_requires_one_source_query_and_one_publication[queries-0-trial-]" time="1.134" /><testcase classname="tests.test_native_delivery_live_recovery_boundaries" name="test_ordinary_delivery_requires_one_source_query_and_one_publication[queries-2-type-fidelity]" time="0.331" /><testcase classname="tests.test_native_delivery_live_recovery_boundaries" name="test_ordinary_delivery_requires_one_source_query_and_one_publication[queries-2-trial-]" time="1.095" /><testcase classname="tests.test_native_delivery_live_recovery_boundaries" name="test_ordinary_delivery_requires_one_source_query_and_one_publication[publications-0-type-fidelity]" time="0.440" /><testcase classname="tests.test_native_delivery_live_recovery_boundaries" name="test_ordinary_delivery_requires_one_source_query_and_one_publication[publications-0-trial-]" time="1.384" /><testcase classname="tests.test_native_delivery_live_recovery_boundaries" name="test_ordinary_delivery_requires_one_source_query_and_one_publication[publications-2-type-fidelity]" time="0.387" /><testcase classname="tests.test_native_delivery_live_recovery_boundaries" name="test_ordinary_delivery_requires_one_source_query_and_one_publication[publications-2-trial-]" time="1.187" /><testcase classname="tests.test_native_delivery_live_recovery_boundaries" name="test_unknown_outcome_accepts_atomic_state_without_claiming_commit_authority[old-False]" time="0.001" /><testcase classname="tests.test_native_delivery_live_recovery_boundaries" name="test_unknown_outcome_accepts_atomic_state_without_claiming_commit_authority[new-False]" time="0.001" /><testcase classname="tests.test_native_delivery_live_recovery_boundaries" name="test_unknown_outcome_accepts_atomic_state_without_claiming_commit_authority[new-True]" time="0.001" /><testcase classname="tests.test_native_delivery_live_recovery_boundaries" name="test_known_commit_may_finish_pipeline_during_receipt_first_recovery" time="0.001" /><testcase classname="tests.test_native_delivery_live_recovery_boundaries" name="test_recovery_observations_accept_single_use_row_iterators" time="0.001" /><testcase classname="tests.test_native_delivery_live_recovery_boundaries" name="test_recovery_cannot_hide_initial_metadata_or_receipt_damage[before_commit-rollback-metadata_observed]" time="0.001" /><testcase classname="tests.test_native_delivery_live_recovery_boundaries" name="test_recovery_cannot_hide_initial_metadata_or_receipt_damage[before_commit-rollback-receipt_observed]" time="0.001" /><testcase classname="tests.test_native_delivery_live_recovery_boundaries" name="test_recovery_cannot_hide_initial_metadata_or_receipt_damage[after_eof-source_free_resume-metadata_observed]" time="0.001" /><testcase classname="tests.test_native_delivery_live_recovery_boundaries" name="test_recovery_cannot_hide_initial_metadata_or_receipt_damage[after_eof-source_free_resume-receipt_observed]" time="0.001" /><testcase classname="tests.test_native_delivery_live_recovery_boundaries" name="test_recovery_cannot_hide_initial_metadata_or_receipt_damage[lost_ack-receipt_first_recovery-metadata_observed]" time="0.001" /><testcase classname="tests.test_native_delivery_live_recovery_boundaries" name="test_recovery_cannot_hide_initial_metadata_or_receipt_damage[lost_ack-receipt_first_recovery-receipt_observed]" time="0.001" /><testcase classname="tests.test_native_delivery_live_recovery_boundaries" name="test_recovery_cannot_hide_initial_metadata_or_receipt_damage[unknown_commit-receipt_first_recovery-metadata_observed]" time="0.001" /><testcase classname="tests.test_native_delivery_live_recovery_boundaries" name="test_recovery_cannot_hide_initial_metadata_or_receipt_damage[unknown_commit-receipt_first_recovery-receipt_observed]" time="0.001" /><testcase classname="tests.test_native_delivery_live_recovery_boundaries" name="test_unknown_outcome_without_metadata_authority_is_unverified" time="0.001" /><testcase classname="tests.test_native_delivery_live_recovery_boundaries" name="test_fresh_invocation_cannot_reset_existing_progress[queries-1]" time="0.242" /><testcase classname="tests.test_native_delivery_live_recovery_boundaries" name="test_fresh_invocation_cannot_reset_existing_progress[publications-1]" time="0.257" /><testcase classname="tests.test_native_delivery_live_recovery_boundaries" name="test_fresh_invocation_cannot_reset_existing_progress[complete-True]" time="0.244" /><testcase classname="tests.test_native_delivery_live_recovery_boundaries" name="test_unknown_old_target_cannot_gain_an_operation_receipt[partition_replace]" time="0.002" /><testcase classname="tests.test_native_delivery_live_recovery_boundaries" name="test_unknown_old_target_cannot_gain_an_operation_receipt[full_refresh]" time="0.001" /><testcase classname="tests.test_native_delivery_live_recovery_boundaries" name="test_retained_failure_preserves_metadata_mismatch[before_commit-rollback]" time="0.472" /><testcase classname="tests.test_native_delivery_live_recovery_boundaries" name="test_retained_failure_preserves_metadata_mismatch[after_eof-source_free_resume]" time="0.355" /><testcase classname="tests.test_native_delivery_live_recovery_boundaries" name="test_retained_failure_preserves_metadata_mismatch[lost_ack-receipt_first_recovery]" time="0.347" /><testcase classname="tests.test_native_delivery_live_recovery_boundaries" name="test_retained_failure_preserves_metadata_mismatch[unknown_commit-receipt_first_recovery]" time="0.352" /><testcase classname="tests.test_native_delivery_architecture_compatibility" name="test_recorder_keeps_raw_annotations_and_canonical_namespace_resolution" time="0.000" /><testcase classname="tests.test_native_delivery_architecture_compatibility" name="test_prepared_insert_keeps_raw_annotations_and_canonical_namespace_resolution" time="0.000" /><testcase classname="tests.test_native_delivery_architecture_compatibility" name="test_runtime_dataclass_fields_keep_ordinary_reflection" time="0.000" /><testcase classname="tests.test_native_delivery_architecture_compatibility" name="test_switch_supported_exports_keep_canonical_and_pickle_identity" time="0.001" /></testsuite></testsuites>