<?xml version="1.0" encoding="utf-8"?><testsuites name="pytest tests"><testsuite name="pytest" errors="0" failures="0" skipped="0" tests="45" time="0.303" timestamp="2026-09-10T21:47:28.514566+03:00" hostname="MacBook-Air-VseInstrumenty.local"><testcase classname="tests.test_mssql_native_integrity_readbacks" name="test_one_iterator_two_encodings_per_row_and_golden_multiset[0]" time="0.140" /><testcase classname="tests.test_mssql_native_integrity_readbacks" name="test_one_iterator_two_encodings_per_row_and_golden_multiset[1]" time="0.000" /><testcase classname="tests.test_mssql_native_integrity_readbacks" name="test_one_iterator_two_encodings_per_row_and_golden_multiset[3]" time="0.000" /><testcase classname="tests.test_mssql_native_integrity_readbacks" name="test_parity_with_legacy_preserves_typed_values_nulls_duplicates_and_order[int--2147483648-cb3b7fb3b569074a4ff3ed2eaa9b0ef23c9c26b96681e3aad22025088c57fb24-c86cf58397744231edfde3b439c743c00f1be364ae232c1fffc05277279164e3]" time="0.003" /><testcase classname="tests.test_mssql_native_integrity_readbacks" name="test_parity_with_legacy_preserves_typed_values_nulls_duplicates_and_order[bigint-9223372036854775807-85cc1040f9278a79dd61edd758521e8d4fd41e6ab46afb32c97b28934a40a0aa-d87f298f9a2fbac11dde47f53a923564bb1be58bdcb8de4c94d6f6b1f3e835ed]" time="0.000" /><testcase classname="tests.test_mssql_native_integrity_readbacks" name="test_parity_with_legacy_preserves_typed_values_nulls_duplicates_and_order[nvarchar(40)-O'Brien \u96ea \U0001f600-0d847956b3ef993ff9878813d6e0ad4a4f14ac3bdd73b0090d38d6b6daaa53aa-11efe97ca76e8b17759a55db467234f1eaefe44c3b1118476cf01ed434c03bfd]" time="0.000" /><testcase classname="tests.test_mssql_native_integrity_readbacks" name="test_parity_with_legacy_preserves_typed_values_nulls_duplicates_and_order[nvarchar(40)--9e310a1cdd3bc92d0a71877b8cb952c24ea5c8ffbae404f8824da191c37c3ea3-35356fb0f2446dd2f0203e99303c656fd391ca9b6783db9d9487520078748f1b]" time="0.000" /><testcase classname="tests.test_mssql_native_integrity_readbacks" name="test_parity_with_legacy_preserves_typed_values_nulls_duplicates_and_order[nvarchar(40)-NULL\x00-151dac96c67016b14c1684d56e69adb48cfef2d7ca6047917751c17bb47dbdcc-1f8a3834a01e20a5b07ea179734cb59a3163e19219845b54a307b20f85690914]" time="0.000" /><testcase classname="tests.test_mssql_native_integrity_readbacks" name="test_parity_with_legacy_preserves_typed_values_nulls_duplicates_and_order[varbinary(40)-\x00\xff'\x00-ef1a7cc32e40fc9f2c38e76f648afd42d4894b3b91a3ed14a0c5940f19e16f6e-0b065c928fd6a7731e81be2df8d85b870e3d1cae402fbe22ea028babbd3b9fe9]" time="0.000" /><testcase classname="tests.test_mssql_native_integrity_readbacks" name="test_parity_with_legacy_preserves_typed_values_nulls_duplicates_and_order[varbinary(40)--9e310a1cdd3bc92d0a71877b8cb952c24ea5c8ffbae404f8824da191c37c3ea3-35356fb0f2446dd2f0203e99303c656fd391ca9b6783db9d9487520078748f1b]" time="0.000" /><testcase classname="tests.test_mssql_native_integrity_readbacks" name="test_parity_with_legacy_preserves_typed_values_nulls_duplicates_and_order[decimal(38,9)-value7-46befe21e07a6df422177bcfb8d99349e0649368a0ae13b423be04acdd2eeb06-8989898ee97c837b829957ec0bcb73e8bca133008d863dc2aa37298190bd242d]" time="0.000" /><testcase classname="tests.test_mssql_native_integrity_readbacks" name="test_parity_with_legacy_preserves_typed_values_nulls_duplicates_and_order[date-value8-2f6dd79b858a8a0704b661283a5c35ee55feb915c94829be8a0efb1f7cbda13f-74517772a37f80adea6b7539c4ebf9c2b99461c60271c59805b3e834e9b34ae6]" time="0.000" /><testcase classname="tests.test_mssql_native_integrity_readbacks" name="test_parity_with_legacy_preserves_typed_values_nulls_duplicates_and_order[time(7)-value9-0c21f9b0386e561c2c7c02e7e3d0088c0f40f87740c24da2b422e287ee673838-ab16a2a90e79066ddaeb675ce941f58d5c30aea392c140290a0aad6b9f46de73]" time="0.000" /><testcase classname="tests.test_mssql_native_integrity_readbacks" name="test_parity_with_legacy_preserves_typed_values_nulls_duplicates_and_order[datetime2(7)-value10-c35da03b7eadf27954db5b717d59d94ac332af7ca30c57093242a5b6169d9f21-2c71c6de0b78fd2cf234069497c90dd224086538b7b532f46ba48e26f19f7a40]" time="0.000" /><testcase classname="tests.test_mssql_native_integrity_readbacks" name="test_parity_with_legacy_preserves_typed_values_nulls_duplicates_and_order[datetimeoffset(7)-value11-734831586f4be7e5e7efa22686f37fcb25e1aff8ef3b1db497e99a59a119759b-2c7dcc3ed9619d437a0fe6b1845056975facc26fa58c22f609d4b5f7c9cfd46b]" time="0.000" /><testcase classname="tests.test_mssql_native_integrity_readbacks" name="test_parity_with_legacy_preserves_typed_values_nulls_duplicates_and_order[uniqueidentifier-value12-9342ade4be9735212bcb7313c878664ce41dab2ece1bbbad05475b2e3b44b86c-145617c61366a59f0e116c7b42fb669e471da49c02c586673b7ed83b944908e1]" time="0.000" /><testcase classname="tests.test_mssql_native_integrity_readbacks" name="test_parity_with_legacy_preserves_typed_values_nulls_duplicates_and_order[float-0.125-20723197bd1dd8169f54571d8ec718dcd7380431d56ffd49dbcc77c2aa671039-0d2697f995db9463b112ec55219c0dea7efe5619e07f0a973bfb1d9c8afdb3dc]" time="0.000" /><testcase classname="tests.test_mssql_native_integrity_readbacks" name="test_finite_allowance_keeps_full_business_budget_and_nullable_framing" time="0.000" /><testcase classname="tests.test_mssql_native_integrity_readbacks" name="test_count_mismatch_retains_classification[0]" time="0.000" /><testcase classname="tests.test_mssql_native_integrity_readbacks" name="test_count_mismatch_retains_classification[2]" time="0.000" /><testcase classname="tests.test_mssql_native_integrity_readbacks" name="test_invalid_rows_fail_closed[row0-mssql_native.unbounded_metadata_changed]" time="0.000" /><testcase classname="tests.test_mssql_native_integrity_readbacks" name="test_invalid_rows_fail_closed[row1-mssql_native_unexpected_null]" time="0.000" /><testcase classname="tests.test_mssql_native_integrity_readbacks" name="test_invalid_rows_fail_closed[row2-mssql_native_invalid_value]" time="0.000" /><testcase classname="tests.test_mssql_native_integrity_readbacks" name="test_invalid_rows_fail_closed[row3-mssql_native_columns_mismatch]" time="0.000" /><testcase classname="tests.test_mssql_native_integrity_readbacks" name="test_invalid_rows_fail_closed[row4-mssql_native_columns_mismatch]" time="0.000" /><testcase classname="tests.test_mssql_native_integrity_readbacks" name="test_invalid_rows_fail_closed[row5-mssql_native_columns_mismatch]" time="0.000" /><testcase classname="tests.test_mssql_native_integrity_readbacks" name="test_invalid_rows_fail_closed[row6-mssql_native_columns_mismatch]" time="0.000" /><testcase classname="tests.test_mssql_native_integrity_readbacks" name="test_incompatible_contracts_fail_before_readback[schema0-verification_column_mismatch]" time="0.000" /><testcase classname="tests.test_mssql_native_integrity_readbacks" name="test_incompatible_contracts_fail_before_readback[schema1-verification_type_mismatch]" time="0.000" /><testcase classname="tests.test_mssql_native_integrity_readbacks" name="test_incompatible_contracts_fail_before_readback[schema2-unowned_verification_column]" time="0.000" /><testcase classname="tests.test_mssql_native_integrity_readbacks" name="test_iterator_failure_is_not_reclassified_or_retried" time="0.000" /><testcase classname="tests.test_mssql_native_integrity_readbacks" name="test_reused_mapping_is_encoded_before_next_pull_and_result_is_frozen" time="0.000" /><testcase classname="tests.test_mssql_native_integrity_readbacks" name="test_full_mapping_order_is_irrelevant_and_finite_metadata_overflow_fails" time="0.000" /><testcase classname="tests.test_mssql_native_integrity_readbacks" name="test_invalid_business_byte_limit_fails_before_iteration[0]" time="0.000" /><testcase classname="tests.test_mssql_native_integrity_readbacks" name="test_invalid_business_byte_limit_fails_before_iteration[-1]" time="0.000" /><testcase classname="tests.test_mssql_native_integrity_readbacks" name="test_invalid_business_byte_limit_fails_before_iteration[True]" time="0.000" /><testcase classname="tests.test_mssql_native_integrity_readbacks" name="test_single_projection_encodes_once_per_row_and_opens_readback_once[0]" time="0.000" /><testcase classname="tests.test_mssql_native_integrity_readbacks" name="test_single_projection_encodes_once_per_row_and_opens_readback_once[1]" time="0.000" /><testcase classname="tests.test_mssql_native_integrity_readbacks" name="test_single_projection_encodes_once_per_row_and_opens_readback_once[3]" time="0.000" /><testcase classname="tests.test_mssql_native_integrity_readbacks" name="test_stage_digest_rejects_invalid_limit_before_quoting_or_eager_sql[False]" time="0.000" /><testcase classname="tests.test_mssql_native_integrity_readbacks" name="test_stage_digest_rejects_invalid_limit_before_quoting_or_eager_sql[True]" time="0.000" /><testcase classname="tests.test_mssql_native_integrity_readbacks" name="test_single_projection_validates_allowance_before_encoder_and_eager_readback" time="0.000" /><testcase classname="tests.test_mssql_native_integrity_readbacks" name="test_single_projection_count_mismatch_keeps_error[0]" time="0.000" /><testcase classname="tests.test_mssql_native_integrity_readbacks" name="test_single_projection_count_mismatch_keeps_error[2]" time="0.000" /><testcase classname="tests.test_mssql_native_integrity_readbacks" name="test_single_projection_propagates_eager_iterator_failure_without_retry" time="0.000" /></testsuite></testsuites>