<?xml version="1.0" encoding="utf-8"?><testsuites name="pytest tests"><testsuite name="pytest" errors="0" failures="0" skipped="0" tests="93" time="17.443" timestamp="2026-09-10T23:01:38.083816+03:00" hostname="MacBook-Air-VseInstrumenty.local"><testcase classname="tests.test_dbt_inline_publishing" name="test_reader_supports_manifest_v10_to_v12" time="0.283" /><testcase classname="tests.test_dbt_inline_publishing" name="test_demo_compiles_explicit_and_auto_strategy" time="1.425" /><testcase classname="tests.test_dbt_inline_publishing" name="test_demo_real_parse_validates_and_can_publish_the_generated_manifest" time="8.739" /><testcase classname="tests.test_dbt_inline_publishing" name="test_graph_policy_scopes_logical_targets_per_workflow" time="0.140" /><testcase classname="tests.test_dbt_inline_publishing" name="test_cross_workflow_publish_dependency_fails_before_compile" time="0.177" /><testcase classname="tests.test_dbt_inline_publishing" name="test_eager_relationship_test_cannot_read_a_foreign_workflow_model" time="0.157" /><testcase classname="tests.test_dbt_inline_publishing" name="test_shared_non_publish_model_fails_project_level_preview" time="0.197" /><testcase classname="tests.test_dbt_inline_publishing" name="test_unsupported_physical_constraints_fail_during_check[column-constraints0]" time="0.136" /><testcase classname="tests.test_dbt_inline_publishing" name="test_unsupported_physical_constraints_fail_during_check[model-constraints1]" time="0.127" /><testcase classname="tests.test_dbt_inline_publishing" name="test_stateful_strategy_requires_platform_owned_state_policy" time="0.183" /><testcase classname="tests.test_dbt_inline_publishing" name="test_explicit_strategy_is_blocked_when_profile_does_not_allow_it" time="0.165" /><testcase classname="tests.test_dbt_inline_publishing" name="test_authorized_full_refresh_freezes_platform_byte_budget" time="0.141" /><testcase classname="tests.test_dbt_inline_publishing" name="test_compiler_resolves_replicated_clickhouse_design" time="0.128" /><testcase classname="tests.test_dbt_inline_publishing" name="test_secret_like_meta_is_blocked" time="0.167" /><testcase classname="tests.test_dbt_inline_publishing" name="test_missing_contract_is_production_blocker" time="0.143" /><testcase classname="tests.test_dbt_inline_publishing" name="test_conflicting_workflow_parallelism_is_blocked" time="0.125" /><testcase classname="tests.test_dbt_inline_publishing" name="test_zero_enabled_models_fails_closed_unless_explicitly_allowed" time="0.223" /><testcase classname="tests.test_dbt_inline_publishing" name="test_unknown_model_selector_fails_without_compiling_other_models" time="0.090" /><testcase classname="tests.test_dbt_inline_publishing" name="test_ambiguous_short_model_selector_requires_exact_identity" time="0.089" /><testcase classname="tests.test_dbt_inline_publishing" name="test_unsafe_workflow_id_fails_before_artifact_writes[../prod]" time="0.108" /><testcase classname="tests.test_dbt_inline_publishing" name="test_unsafe_workflow_id_fails_before_artifact_writes[sales/daily]" time="0.100" /><testcase classname="tests.test_dbt_inline_publishing" name="test_unsafe_workflow_id_fails_before_artifact_writes[SalesDaily]" time="0.092" /><testcase classname="tests.test_dbt_inline_publishing" name="test_unsafe_workflow_id_fails_before_artifact_writes[-daily]" time="0.113" /><testcase classname="tests.test_dbt_inline_publishing" name="test_unsafe_workflow_id_fails_before_artifact_writes[aaaaaaaaaaaaaaaaaaaaaaaaaaaaaaaaaaaaaaaaaaaaaaaaaaaaaaaaaaaaaaaaa]" time="0.086" /><testcase classname="tests.test_dbt_inline_publishing" name="test_auto_strategy_uses_next_capability_supported_candidate" time="0.088" /><testcase classname="tests.test_dbt_inline_publishing" name="test_publish_enabled_requires_a_json_boolean[true]" time="0.093" /><testcase classname="tests.test_dbt_inline_publishing" name="test_publish_enabled_requires_a_json_boolean[1]" time="0.109" /><testcase classname="tests.test_dbt_inline_publishing" name="test_publish_enabled_requires_a_json_boolean[0]" time="0.092" /><testcase classname="tests.test_dbt_inline_publishing" name="test_publish_enabled_requires_a_json_boolean[None]" time="0.092" /><testcase classname="tests.test_dbt_inline_publishing" name="test_publish_scalars_do_not_coerce_json_values[lineage-enabled-false]" time="0.102" /><testcase classname="tests.test_dbt_inline_publishing" name="test_publish_scalars_do_not_coerce_json_values[lineage-enabled-1]" time="0.085" /><testcase classname="tests.test_dbt_inline_publishing" name="test_publish_scalars_do_not_coerce_json_values[strategy-window_days-45]" time="0.088" /><testcase classname="tests.test_dbt_inline_publishing" name="test_publish_scalars_do_not_coerce_json_values[strategy-window_days-1.5]" time="0.103" /><testcase classname="tests.test_dbt_inline_publishing" name="test_publish_scalars_do_not_coerce_json_values[strategy-window_days-True]" time="0.143" /><testcase classname="tests.test_dbt_inline_publishing" name="test_publish_scalars_do_not_coerce_json_values[execution-max_parallelism-2]" time="0.127" /><testcase classname="tests.test_dbt_inline_publishing" name="test_publish_scalars_do_not_coerce_json_values[execution-max_parallelism-2.0]" time="0.125" /><testcase classname="tests.test_dbt_inline_publishing" name="test_publish_scalars_do_not_coerce_json_values[execution-max_parallelism-False]" time="0.146" /><testcase classname="tests.test_dbt_inline_publishing" name="test_publish_authoring_is_closed_and_rejects_raw_physical_overrides[publish-unexpected-True]" time="0.113" /><testcase classname="tests.test_dbt_inline_publishing" name="test_publish_authoring_is_closed_and_rejects_raw_physical_overrides[target-database-DWH]" time="0.110" /><testcase classname="tests.test_dbt_inline_publishing" name="test_publish_authoring_is_closed_and_rejects_raw_physical_overrides[strategy-window-45]" time="0.105" /><testcase classname="tests.test_dbt_inline_publishing" name="test_publish_authoring_is_closed_and_rejects_raw_physical_overrides[physical_design-engine-MergeTree()]" time="0.139" /><testcase classname="tests.test_dbt_inline_publishing" name="test_publish_authoring_is_closed_and_rejects_raw_physical_overrides[physical_design-partition_by-toYYYYMM(date_id)]" time="0.112" /><testcase classname="tests.test_dbt_inline_publishing" name="test_publish_authoring_is_closed_and_rejects_raw_physical_overrides[execution-queue-default]" time="0.104" /><testcase classname="tests.test_dbt_inline_publishing" name="test_publish_authoring_is_closed_and_rejects_raw_physical_overrides[quality-threshold-0.99]" time="0.132" /><testcase classname="tests.test_dbt_inline_publishing" name="test_publish_authoring_is_closed_and_rejects_raw_physical_overrides[lineage-backend-custom]" time="0.102" /><testcase classname="tests.test_dbt_inline_publishing" name="test_profile_registry_does_not_coerce_scalars[path0-false]" time="0.007" /><testcase classname="tests.test_dbt_inline_publishing" name="test_profile_registry_does_not_coerce_scalars[path1-1]" time="0.006" /><testcase classname="tests.test_dbt_inline_publishing" name="test_profile_registry_does_not_coerce_scalars[path2-4]" time="0.007" /><testcase classname="tests.test_dbt_inline_publishing" name="test_profile_registry_does_not_coerce_scalars[path3-true]" time="0.006" /><testcase classname="tests.test_dbt_inline_publishing" name="test_profile_registry_does_not_coerce_scalars[path4-2.5]" time="0.006" /><testcase classname="tests.test_dbt_inline_publishing" name="test_profile_registry_does_not_coerce_scalars[path5-1]" time="0.007" /><testcase classname="tests.test_dbt_inline_publishing" name="test_profile_registry_does_not_coerce_scalars[path6-true]" time="0.006" /><testcase classname="tests.test_dbt_inline_publishing" name="test_profile_registry_does_not_coerce_scalars[path7-incremental_merge]" time="0.007" /><testcase classname="tests.test_dbt_inline_publishing" name="test_profile_registry_does_not_coerce_scalars[path8-pricing]" time="0.006" /><testcase classname="tests.test_dbt_inline_publishing" name="test_profile_registry_rejects_unknown_fields[path0]" time="0.006" /><testcase classname="tests.test_dbt_inline_publishing" name="test_profile_registry_rejects_unknown_fields[path1]" time="0.007" /><testcase classname="tests.test_dbt_inline_publishing" name="test_profile_registry_rejects_unknown_fields[path2]" time="0.006" /><testcase classname="tests.test_dbt_inline_publishing" name="test_profile_registry_rejects_unknown_fields[path3]" time="0.006" /><testcase classname="tests.test_dbt_inline_publishing" name="test_profile_registry_rejects_unknown_fields[path4]" time="0.006" /><testcase classname="tests.test_dbt_inline_publishing" name="test_profile_registry_rejects_unknown_fields[path5]" time="0.006" /><testcase classname="tests.test_dbt_inline_publishing" name="test_profile_registry_rejects_unknown_fields[path6]" time="0.006" /><testcase classname="tests.test_dbt_inline_publishing" name="test_profile_registry_rejects_unknown_fields[path7]" time="0.006" /><testcase classname="tests.test_dbt_inline_publishing" name="test_profile_registry_rejects_unknown_fields[path8]" time="0.006" /><testcase classname="tests.test_dbt_inline_publishing" name="test_profile_registry_rejects_unknown_fields[path9]" time="0.006" /><testcase classname="tests.test_dbt_inline_publishing" name="test_profile_registry_rejects_unknown_fields[path10]" time="0.006" /><testcase classname="tests.test_dbt_inline_publishing" name="test_profile_registry_accepts_strict_allowed_strategies" time="0.006" /><testcase classname="tests.test_dbt_inline_publishing" name="test_profile_registry_defaults_to_non_destructive_strategy_policy" time="0.003" /><testcase classname="tests.test_dbt_inline_publishing" name="test_profile_registry_reads_exact_certification_dimensions" time="0.003" /><testcase classname="tests.test_dbt_inline_publishing" name="test_route_capability_selects_one_exact_certification_variant" time="0.000" /><testcase classname="tests.test_dbt_inline_publishing" name="test_route_capability_rejects_certification_for_other_runtime_variant" time="0.000" /><testcase classname="tests.test_dbt_inline_publishing" name="test_route_capability_rejects_duplicate_exact_variants" time="0.000" /><testcase classname="tests.test_dbt_inline_publishing" name="test_preview_can_read_deprecated_physical_overrides_with_warning" time="0.087" /><testcase classname="tests.test_dbt_inline_publishing" name="test_certified_compile_rejects_raw_physical_overrides" time="0.116" /><testcase classname="tests.test_dbt_inline_publishing" name="test_profile_registry_rejects_invalid_allowed_strategies[strategies0]" time="0.008" /><testcase classname="tests.test_dbt_inline_publishing" name="test_profile_registry_rejects_invalid_allowed_strategies[strategies1]" time="0.006" /><testcase classname="tests.test_dbt_inline_publishing" name="test_profile_registry_rejects_invalid_allowed_strategies[strategies2]" time="0.007" /><testcase classname="tests.test_dbt_inline_publishing" name="test_profile_registry_rejects_unsafe_full_refresh_policy[allowed0-None]" time="0.007" /><testcase classname="tests.test_dbt_inline_publishing" name="test_profile_registry_rejects_unsafe_full_refresh_policy[allowed1-full_refresh1]" time="0.007" /><testcase classname="tests.test_dbt_inline_publishing" name="test_profile_registry_rejects_unsafe_full_refresh_policy[allowed2-full_refresh2]" time="0.008" /><testcase classname="tests.test_dbt_inline_publishing" name="test_profile_registry_rejects_unsafe_full_refresh_policy[allowed3-full_refresh3]" time="0.007" /><testcase classname="tests.test_dbt_inline_publishing" name="test_profile_registry_rejects_unsafe_full_refresh_policy[allowed4-full_refresh4]" time="0.007" /><testcase classname="tests.test_dbt_inline_publishing" name="test_profile_registry_accepts_bounded_full_refresh_grant" time="0.007" /><testcase classname="tests.test_dbt_inline_publishing" name="test_profile_registry_requires_atomic_partition_capability[False]" time="0.007" /><testcase classname="tests.test_dbt_inline_publishing" name="test_profile_registry_requires_atomic_partition_capability[true]" time="0.007" /><testcase classname="tests.test_dbt_inline_publishing" name="test_profile_registry_requires_atomic_partition_capability[1]" time="0.007" /><testcase classname="tests.test_dbt_inline_publishing" name="test_dbt_contract_enforced_requires_a_json_boolean" time="0.142" /><testcase classname="tests.test_dbt_inline_publishing" name="test_workload_id_does_not_duplicate_existing_workflow_prefix" time="0.114" /><testcase classname="tests.test_dbt_inline_publishing" name="test_writer_emits_runtime_manifests_packs_dag_and_evidence" time="0.212" /><testcase classname="tests.test_dbt_inline_publishing" name="test_writer_keeps_transfers_as_parallel_siblings" time="0.201" /><testcase classname="tests.test_dbt_inline_publishing" name="test_optional_macro_is_dictionary_only" time="0.000" /><testcase classname="tests.test_dbt_inline_publishing" name="test_profile_registry_contains_no_plaintext_credentials" time="0.002" /><testcase classname="tests.test_dbt_inline_publishing" name="test_unsupported_or_uncontracted_model_fails_closed[ephemeral]" time="0.096" /><testcase classname="tests.test_dbt_inline_publishing" name="test_unsupported_or_uncontracted_model_fails_closed[view]" time="0.109" /></testsuite></testsuites>