<?xml version="1.0" encoding="utf-8"?><testsuites name="pytest tests"><testsuite name="pytest" errors="0" failures="0" skipped="0" tests="4" time="0.260" timestamp="2026-09-10T21:49:44.924269+03:00" hostname="MacBook-Air-VseInstrumenty.local"><testcase classname="tests.test_native_delivery_architecture_compatibility" name="test_recorder_keeps_raw_annotations_and_canonical_namespace_resolution" time="0.136" /><testcase classname="tests.test_native_delivery_architecture_compatibility" name="test_prepared_insert_keeps_raw_annotations_and_canonical_namespace_resolution" time="0.000" /><testcase classname="tests.test_native_delivery_architecture_compatibility" name="test_runtime_dataclass_fields_keep_ordinary_reflection" time="0.000" /><testcase classname="tests.test_native_delivery_architecture_compatibility" name="test_switch_supported_exports_keep_canonical_and_pickle_identity" time="0.000" /></testsuite></testsuites>