<?xml version="1.0" encoding="utf-8"?><testsuites name="pytest tests"><testsuite name="pytest" errors="0" failures="0" skipped="0" tests="56" time="28.775" timestamp="2026-09-11T03:10:26.496997+03:00" hostname="MacBook-Air-VseInstrumenty.local"><testcase classname="tests.test_native_delivery_architecture_compatibility" name="test_postgres_authority_keeps_raw_connection_annotation_and_canonical_resolution" time="2.511" /><testcase classname="tests.test_native_delivery_architecture_compatibility" name="test_recorder_keeps_raw_annotations_and_canonical_namespace_resolution" time="0.001" /><testcase classname="tests.test_native_delivery_architecture_compatibility" name="test_prepared_insert_keeps_raw_annotations_and_canonical_namespace_resolution" time="0.001" /><testcase classname="tests.test_native_delivery_architecture_compatibility" name="test_runtime_dataclass_fields_keep_ordinary_reflection" time="0.002" /><testcase classname="tests.test_native_delivery_architecture_compatibility" name="test_switch_supported_exports_keep_canonical_and_pickle_identity" time="0.000" /><testcase classname="tests.test_postgres_source_authority" name="test_selected_digest_binds_only_one_route_relation" time="0.004" /><testcase classname="tests.test_postgres_source_authority" name="test_version_one_selected_digest_remains_byte_compatible" time="0.000" /><testcase classname="tests.test_postgres_source_authority" name="test_catalog_profile_has_distinct_truthful_route_identity" time="0.000" /><testcase classname="tests.test_postgres_source_authority" name="test_ascii_case_alias_selects_one_exact_canonical_pin" time="0.000" /><testcase classname="tests.test_postgres_source_authority" name="test_ascii_case_alias_never_folds_unicode[Events-events-True]" time="0.006" /><testcase classname="tests.test_postgres_source_authority" name="test_ascii_case_alias_never_folds_unicode[\xc9vents-\xc9vents-True]" time="0.001" /><testcase classname="tests.test_postgres_source_authority" name="test_ascii_case_alias_never_folds_unicode[\xc9vents-\xe9vents-False]" time="0.000" /><testcase classname="tests.test_postgres_source_authority" name="test_ascii_case_alias_never_folds_unicode[\u4e8b\u4ef6-\u4e8b\u4ef6-True]" time="0.001" /><testcase classname="tests.test_postgres_source_authority" name="test_ascii_case_alias_never_folds_unicode[\u4e8b\u4ef6A-\u4e8b\u4ef6a-True]" time="0.001" /><testcase classname="tests.test_postgres_source_authority" name="test_registry_rejects_duplicate_ascii_fold_relation_keys" time="0.001" /><testcase classname="tests.test_postgres_source_authority" name="test_generated_connection_registry_schema_accepts_closed_source_authority" time="0.890" /><testcase classname="tests.test_postgres_source_authority" name="test_authority_document_is_closed_and_typed[&lt;lambda&gt;-postgres_source_authority_fields_invalid]" time="0.001" /><testcase classname="tests.test_postgres_source_authority" name="test_authority_document_is_closed_and_typed[&lt;lambda&gt;-postgres_source_authority_version_unsupported]" time="0.001" /><testcase classname="tests.test_postgres_source_authority" name="test_authority_document_is_closed_and_typed[&lt;lambda&gt;-postgres_source_system_identifier_invalid]" time="0.001" /><testcase classname="tests.test_postgres_source_authority" name="test_authority_document_is_closed_and_typed[&lt;lambda&gt;-postgres_source_timeline_id_invalid]" time="0.001" /><testcase classname="tests.test_postgres_source_authority" name="test_authority_document_is_closed_and_typed[&lt;lambda&gt;-postgres_source_database_fields_invalid]" time="0.001" /><testcase classname="tests.test_postgres_source_authority" name="test_authority_document_is_closed_and_typed[&lt;lambda&gt;-source_relation_oid_invalid]" time="0.002" /><testcase classname="tests.test_postgres_source_authority" name="test_authority_document_is_closed_and_typed[&lt;lambda&gt;-source_relation_authority_key_not_canonical]" time="0.001" /><testcase classname="tests.test_postgres_source_authority" name="test_missing_route_relation_fails_without_learning" time="0.001" /><testcase classname="tests.test_postgres_source_authority" name="test_catalog_profile_is_closed_and_cannot_carry_unverified_physical_pins" time="0.001" /><testcase classname="tests.test_postgres_source_authority" name="test_catalog_profile_rejects_unknown_verification_profile" time="0.001" /><testcase classname="tests.test_postgres_source_authority" name="test_rr_verifier_proves_exact_identity_and_canonicalizes_ascii_alias" time="0.002" /><testcase classname="tests.test_postgres_source_authority" name="test_catalog_profile_never_queries_cluster_control_or_statistics" time="0.001" /><testcase classname="tests.test_postgres_source_authority" name="test_catalog_profile_rejects_each_declared_identity_drift[database_oid-999-database_identity_mismatch]" time="0.001" /><testcase classname="tests.test_postgres_source_authority" name="test_catalog_profile_rejects_each_declared_identity_drift[effective_principal_oid-999-effective_principal_identity_mismatch]" time="0.001" /><testcase classname="tests.test_postgres_source_authority" name="test_catalog_profile_rejects_each_declared_identity_drift[session_principal_oid-999-session_principal_identity_mismatch]" time="0.001" /><testcase classname="tests.test_postgres_source_authority" name="test_catalog_profile_rejects_each_declared_identity_drift[in_recovery-False-topology_role_mismatch]" time="0.001" /><testcase classname="tests.test_postgres_source_authority" name="test_rr_verifier_rechecks_oid_after_relation_lock" time="0.001" /><testcase classname="tests.test_postgres_source_authority" name="test_rr_verifier_rejects_each_identity_drift[system_identifier-999-system_identifier_mismatch]" time="0.002" /><testcase classname="tests.test_postgres_source_authority" name="test_rr_verifier_rejects_each_identity_drift[timeline_id-2-timeline_id_mismatch]" time="0.002" /><testcase classname="tests.test_postgres_source_authority" name="test_rr_verifier_rejects_each_identity_drift[database_oid-999-database_identity_mismatch]" time="0.001" /><testcase classname="tests.test_postgres_source_authority" name="test_rr_verifier_rejects_each_identity_drift[effective_principal_oid-999-effective_principal_identity_mismatch]" time="0.001" /><testcase classname="tests.test_postgres_source_authority" name="test_rr_verifier_rejects_each_identity_drift[session_principal_oid-999-session_principal_identity_mismatch]" time="0.001" /><testcase classname="tests.test_postgres_source_authority" name="test_rr_verifier_rejects_each_identity_drift[in_recovery-True-topology_role_mismatch]" time="0.001" /><testcase classname="tests.test_postgres_source_authority" name="test_rr_verifier_rejects_relation_oid_recreate" time="0.000" /><testcase classname="tests.test_postgres_source_authority" name="test_rr_verifier_rejects_ascii_fold_catalog_decoy" time="0.001" /><testcase classname="tests.test_postgres_source_authority" name="test_standby_timeline_uses_control_checkpoint_without_stats_visibility" time="0.001" /><testcase classname="tests.test_postgres_source_authority" name="test_standby_timeline_rejects_unavailable_control_checkpoint[checkpoint_rows0]" time="0.001" /><testcase classname="tests.test_postgres_source_authority" name="test_standby_timeline_rejects_unavailable_control_checkpoint[checkpoint_rows1]" time="0.016" /><testcase classname="tests.test_postgres_source_authority" name="test_rr_verifier_types_only_postgres_permission_denial" time="0.001" /><testcase classname="tests.test_native_delivery_upstream_provenance" name="test_reviewed_import_accepts_only_exact_patch_blob_or_pinned_resolution" time="1.897" /><testcase classname="tests.test_native_delivery_upstream_provenance" name="test_merge_cannot_bypass_import_delta_verification" time="0.855" /><testcase classname="tests.test_native_delivery_upstream_provenance" name="test_import_rejects_altered_foreign_blob_unexpected_path_and_unapproved_resolution[foreign]" time="1.840" /><testcase classname="tests.test_native_delivery_upstream_provenance" name="test_import_rejects_altered_foreign_blob_unexpected_path_and_unapproved_resolution[unexpected]" time="1.188" /><testcase classname="tests.test_native_delivery_upstream_provenance" name="test_import_rejects_altered_foreign_blob_unexpected_path_and_unapproved_resolution[resolution]" time="1.392" /><testcase classname="tests.test_native_delivery_upstream_provenance" name="test_final_preservation_checks_upstream_only_mode_and_blob" time="1.454" /><testcase classname="tests.test_native_delivery_upstream_provenance" name="test_final_preservation_rejects_mode_only_change" time="1.146" /><testcase classname="tests.test_native_delivery_upstream_provenance" name="test_transfer_proves_whole_tree_parent_and_source_provenance[None]" time="1.699" /><testcase classname="tests.test_native_delivery_upstream_provenance" name="test_transfer_proves_whole_tree_parent_and_source_provenance[tree]" time="2.037" /><testcase classname="tests.test_native_delivery_upstream_provenance" name="test_transfer_proves_whole_tree_parent_and_source_provenance[parent]" time="2.744" /><testcase classname="tests.test_native_delivery_upstream_provenance" name="test_transfer_proves_whole_tree_parent_and_source_provenance[provenance]" time="2.151" /></testsuite></testsuites>