<?xml version="1.0" encoding="utf-8"?><testsuites name="pytest tests"><testsuite name="pytest" errors="0" failures="0" skipped="0" tests="73" time="177.157" timestamp="2026-09-11T03:16:41.827463+03:00" hostname="MacBook-Air-VseInstrumenty.local"><testcase classname="tests.test_architecture_fitness_gate" name="test_repository_dependency_snapshot_is_shared_and_immutable" time="25.048" /><testcase classname="tests.test_architecture_fitness_gate" name="test_architecture_fitness_detects_large_class_without_failing_by_default" time="0.009" /><testcase classname="tests.test_architecture_fitness_gate" name="test_architecture_fitness_can_fail_on_class_responsibility" time="0.004" /><testcase classname="tests.test_architecture_fitness_gate" name="test_architecture_fitness_service_passes_current_repo_defaults" time="42.109" /><testcase classname="tests.test_architecture_fitness_gate" name="test_architecture_fitness_service_uses_repository_clustering_budget_by_default" time="0.003" /><testcase classname="tests.test_architecture_fitness_gate" name="test_architecture_fitness_current_repo_stays_inside_green_clustering_target" time="42.090" /><testcase classname="tests.test_architecture_fitness_gate" name="test_architecture_fitness_current_repo_stays_inside_pre_release_cross_layer_budget" time="31.468" /><testcase classname="tests.test_architecture_fitness_gate" name="test_architecture_fitness_current_repo_has_no_class_responsibility_warnings" time="27.031" /><testcase classname="tests.test_architecture_fitness_gate" name="test_etl_processor_stays_below_target_module_fanout" time="0.000" /><testcase classname="tests.test_architecture_fitness_gate" name="test_nested_load_service_stays_below_target_module_fanout" time="0.000" /><testcase classname="tests.test_architecture_fitness_gate" name="test_mssql_source_strategies_stay_below_target_module_fanout" time="0.000" /><testcase classname="tests.test_architecture_fitness_gate" name="test_mssql_source_strategy_facade_delegates_concrete_implementations" time="0.001" /><testcase classname="tests.test_architecture_fitness_gate" name="test_clickhouse_sink_stays_below_target_module_fanout" time="0.000" /><testcase classname="tests.test_architecture_fitness_gate" name="test_bigquery_sink_stays_below_target_module_fanout" time="0.000" /><testcase classname="tests.test_architecture_fitness_gate" name="test_bigquery_sink_delegates_concrete_strategy_wiring" time="0.001" /><testcase classname="tests.test_architecture_fitness_gate" name="test_postgres_sink_stays_below_target_module_fanout" time="0.000" /><testcase classname="tests.test_architecture_fitness_gate" name="test_postgres_sink_delegates_concrete_strategy_wiring" time="0.000" /><testcase classname="tests.test_architecture_fitness_gate" name="test_strategy_intelligence_package_facade_stays_lazy" time="0.000" /><testcase classname="tests.test_architecture_fitness_gate" name="test_ops_command_handlers_use_catalog_boundary_only" time="0.001" /><testcase classname="tests.test_architecture_fitness_gate" name="test_commands_and_services_do_not_import_concrete_app_context" time="0.098" /><testcase classname="tests.test_architecture_fitness_gate" name="test_commands_and_services_do_not_import_broad_output_facade" time="0.064" /><testcase classname="tests.test_architecture_fitness_gate" name="test_runtime_code_uses_logging_port_instead_of_etl_logging_facade" time="0.181" /><testcase classname="tests.test_architecture_fitness_gate" name="test_runtime_code_uses_domain_logging_ports_instead_of_broad_logging_port" time="0.155" /><testcase classname="tests.test_architecture_fitness_gate" name="test_runtime_code_uses_narrow_row_artifact_modules" time="0.187" /><testcase classname="tests.test_architecture_fitness_gate" name="test_runtime_code_uses_narrow_source_contract_modules" time="0.203" /><testcase classname="tests.test_architecture_fitness_gate" name="test_runtime_code_uses_narrow_sink_contract_modules" time="0.153" /><testcase classname="tests.test_architecture_fitness_gate" name="test_internal_code_imports_load_strategy_from_narrow_contract_module" time="0.724" /><testcase classname="tests.test_architecture_fitness_gate" name="test_etl_processor_delegates_strategy_and_source_state_policy" time="0.002" /><testcase classname="tests.test_architecture_fitness_gate" name="test_command_registry_core_delegates_to_focused_registry_sections" time="0.001" /><testcase classname="tests.test_architecture_fitness_gate" name="test_docs_registry_delegates_to_focused_registry_sections" time="0.000" /><testcase classname="tests.test_architecture_fitness_gate" name="test_ops_catalog_facades_delegate_to_focused_catalog_sections" time="0.000" /><testcase classname="tests.test_architecture_fitness_gate" name="test_core_and_cdc_ops_catalogs_delegate_to_focused_catalog_sections" time="0.000" /><testcase classname="tests.test_architecture_fitness_gate" name="test_readiness_ops_catalog_delegates_to_functional_subcatalog_sections" time="0.002" /><testcase classname="tests.test_architecture_fitness_gate" name="test_nested_certification_readiness_checks_delegate_runtime_mechanics_to_runtime_suite" time="0.001" /><testcase classname="tests.test_architecture_fitness_gate" name="test_cdc_ops_services_delegate_runtime_wiring_to_shared_adapter_boundary" time="0.000" /><testcase classname="tests.test_architecture_fitness_gate" name="test_runtime_bootstrap_delegates_to_focused_bootstrap_sections" time="0.001" /><testcase classname="tests.test_architecture_fitness_gate" name="test_runtime_code_uses_named_implementation_modules_instead_of_impl_suffixes" time="0.068" /><testcase classname="tests.test_architecture_fitness_gate" name="test_internal_code_uses_narrow_error_modules_instead_of_errors_facade" time="0.491" /><testcase classname="tests.test_architecture_fitness_gate" name="test_domain_code_uses_domain_configuration_errors" time="0.396" /><testcase classname="tests.test_architecture_fitness_gate" name="test_legacy_transfer_config_aliases_are_only_documented_in_migration_appendix" time="0.364" /><testcase classname="tests.test_architecture_fitness_gate" name="test_legacy_technical_column_names_are_isolated_to_compatibility_paths" time="0.873" /><testcase classname="tests.test_docs_language_contracts" name="test_docs_markdown_files_do_not_contain_cyrillic_text" time="0.650" /><testcase classname="tests.test_docs_language_contracts" name="test_airflow_provider_python_examples_use_deployment_scoped_cached_refs" time="0.001" /><testcase classname="tests.test_docs_language_contracts" name="test_airflow_scheduler_loader_examples_fail_closed_without_external_io" time="0.004" /><testcase classname="tests.test_docs_language_contracts" name="test_airflow_provider_cache_migration_guide_covers_safe_upgrade_and_rollback" time="0.000" /><testcase classname="tests.test_docs_language_contracts" name="test_airflow_self_service_architecture_docs_are_in_mkdocs_nav" time="0.001" /><testcase classname="tests.test_docs_language_contracts" name="test_route_certification_docs_separate_connector_and_route_claims" time="0.000" /><testcase classname="tests.test_docs_language_contracts" name="test_first_airflow_dag_docs_have_copy_paste_golden_path" time="0.000" /><testcase classname="tests.test_docs_language_contracts" name="test_first_airflow_dag_labels_optional_platform_gated_sample" time="0.000" /><testcase classname="tests.test_docs_language_contracts" name="test_airflow_docs_distinguish_preview_rehearsal_canary_and_certification_lanes" time="0.003" /><testcase classname="tests.test_docs_language_contracts" name="test_first_airflow_dag_docs_state_truthful_fifth_command_boundary" time="0.002" /><testcase classname="tests.test_docs_language_contracts" name="test_airflow_docs_keep_preview_v1_separate_from_executable_v2" time="0.002" /><testcase classname="tests.test_docs_language_contracts" name="test_first_airflow_dag_labels_json_as_abridged_and_links_generated_reference" time="0.000" /><testcase classname="tests.test_docs_language_contracts" name="test_self_service_evidence_docs_match_unverified_exit_contract" time="0.000" /><testcase classname="tests.test_docs_language_contracts" name="test_source_sink_guides_use_canonical_run_and_quality_contracts" time="0.077" /><testcase classname="tests.test_docs_language_contracts" name="test_managed_ux_uses_canonical_runtime_quality_gates" time="0.001" /><testcase classname="tests.test_docs_language_contracts" name="test_acceptance_examples_use_top_level_quality_policy" time="0.078" /><testcase classname="tests.test_docs_language_contracts" name="test_route_lifecycle_docs_distinguish_staged_and_legacy_finalization" time="0.078" /><testcase classname="tests.test_docs_language_contracts" name="test_clickhouse_to_mssql_does_not_recommend_unimplemented_not_null_gate" time="0.000" /><testcase classname="tests.test_docs_language_contracts" name="test_load_governance_documents_quality_failure_and_recovery_contract" time="0.001" /><testcase classname="tests.test_docs_language_contracts" name="test_first_airflow_dag_diagnostics_link_out_without_legacy_manifest_detour" time="0.000" /><testcase classname="tests.test_docs_language_contracts" name="test_airflow_cache_publish_runbook_is_exact_and_scope_bound" time="0.001" /><testcase classname="tests.test_docs_language_contracts" name="test_airflow_cache_protected_ci_publish_example_matches_cli_contract" time="2.365" /><testcase classname="tests.test_docs_language_contracts" name="test_airflow_pipeline_glossary_defines_core_nouns" time="0.001" /><testcase classname="tests.test_docs_language_contracts" name="test_airflow_ux_p2_route_framing_contracts" time="0.001" /><testcase classname="tests.test_docs_language_contracts" name="test_first_airflow_dag_what_to_commit_guides_beginners" time="0.001" /><testcase classname="tests.test_docs_language_contracts" name="test_advanced_airflow_pages_carry_beginner_disclaimer" time="0.001" /><testcase classname="tests.test_docs_language_contracts" name="test_mkdocs_nav_discloses_airflow_advanced_away_from_beginners" time="0.001" /><testcase classname="tests.test_docs_language_contracts" name="test_domain_first_ci_compares_before_promoting_candidate_baseline" time="0.001" /><testcase classname="tests.test_docs_language_contracts" name="test_wide_cert_guides_expose_self_service_golden_path" time="0.003" /><testcase classname="tests.test_docs_language_contracts" name="test_wide_cert_landing_batch_examples_exist" time="0.054" /><testcase classname="tests.test_docs_language_contracts" name="test_examples_gallery_lists_mysql_wide_cert_routes" time="0.000" /><testcase classname="tests.test_docs_language_contracts" name="test_examples_gallery_lists_mssql_wide_cert_routes" time="0.001" /></testsuite></testsuites>