<?xml version="1.0" encoding="utf-8"?><testsuites name="pytest tests"><testsuite name="pytest" errors="0" failures="0" skipped="0" tests="251" time="119.459" timestamp="2026-09-11T02:58:57.118079+03:00" hostname="MacBook-Air-VseInstrumenty.local"><testcase classname="tests.test_native_delivery_baseline_compatibility" name="test_absolute_current_harness_executes_real_baseline_and_retains_honest_identity" time="7.773" /><testcase classname="tests.test_native_delivery_baseline_compatibility" name="test_baseline_without_approval_writes_skip_without_loading_factory" time="0.465" /><testcase classname="tests.test_native_delivery_baseline_compatibility" name="test_baseline_invalid_limits_fail_before_factory_or_artifacts[limits0]" time="0.226" /><testcase classname="tests.test_native_delivery_baseline_compatibility" name="test_baseline_invalid_limits_fail_before_factory_or_artifacts[limits1]" time="0.213" /><testcase classname="tests.test_native_delivery_baseline_compatibility" name="test_baseline_invalid_limits_fail_before_factory_or_artifacts[limits2]" time="0.203" /><testcase classname="tests.test_native_delivery_baseline_compatibility" name="test_baseline_invalid_limits_fail_before_factory_or_artifacts[limits3]" time="0.270" /><testcase classname="tests.test_native_delivery_live_entrypoints" name="test_live_entrypoint_accepts_complete_pass_or_explicit_dirty_development[bounded-None]" time="0.003" /><testcase classname="tests.test_native_delivery_live_entrypoints" name="test_live_entrypoint_accepts_complete_pass_or_explicit_dirty_development[bounded-subject]" time="0.002" /><testcase classname="tests.test_native_delivery_live_entrypoints" name="test_live_entrypoint_accepts_complete_pass_or_explicit_dirty_development[bounded-producer]" time="0.001" /><testcase classname="tests.test_native_delivery_live_entrypoints" name="test_live_entrypoint_accepts_complete_pass_or_explicit_dirty_development[switch-None]" time="0.001" /><testcase classname="tests.test_native_delivery_live_entrypoints" name="test_live_entrypoint_accepts_complete_pass_or_explicit_dirty_development[switch-subject]" time="0.001" /><testcase classname="tests.test_native_delivery_live_entrypoints" name="test_live_entrypoint_accepts_complete_pass_or_explicit_dirty_development[switch-producer]" time="0.001" /><testcase classname="tests.test_native_delivery_live_entrypoints" name="test_live_entrypoint_rejects_final_failure_absence_or_clean_unverified[bounded-FAIL]" time="0.002" /><testcase classname="tests.test_native_delivery_live_entrypoints" name="test_live_entrypoint_rejects_final_failure_absence_or_clean_unverified[bounded-SKIP]" time="0.002" /><testcase classname="tests.test_native_delivery_live_entrypoints" name="test_live_entrypoint_rejects_final_failure_absence_or_clean_unverified[bounded-UNVERIFIED]" time="0.003" /><testcase classname="tests.test_native_delivery_live_entrypoints" name="test_live_entrypoint_rejects_final_failure_absence_or_clean_unverified[bounded-unknown]" time="0.002" /><testcase classname="tests.test_native_delivery_live_entrypoints" name="test_live_entrypoint_rejects_final_failure_absence_or_clean_unverified[bounded-None]" time="0.002" /><testcase classname="tests.test_native_delivery_live_entrypoints" name="test_live_entrypoint_rejects_final_failure_absence_or_clean_unverified[switch-FAIL]" time="0.001" /><testcase classname="tests.test_native_delivery_live_entrypoints" name="test_live_entrypoint_rejects_final_failure_absence_or_clean_unverified[switch-SKIP]" time="0.001" /><testcase classname="tests.test_native_delivery_live_entrypoints" name="test_live_entrypoint_rejects_final_failure_absence_or_clean_unverified[switch-UNVERIFIED]" time="0.001" /><testcase classname="tests.test_native_delivery_live_entrypoints" name="test_live_entrypoint_rejects_final_failure_absence_or_clean_unverified[switch-unknown]" time="0.001" /><testcase classname="tests.test_native_delivery_live_entrypoints" name="test_live_entrypoint_rejects_final_failure_absence_or_clean_unverified[switch-None]" time="0.001" /><testcase classname="tests.test_native_delivery_live_entrypoints" name="test_live_entrypoint_requires_boolean_dirty_evidence[bounded-1]" time="0.002" /><testcase classname="tests.test_native_delivery_live_entrypoints" name="test_live_entrypoint_requires_boolean_dirty_evidence[bounded-true]" time="0.001" /><testcase classname="tests.test_native_delivery_live_entrypoints" name="test_live_entrypoint_requires_boolean_dirty_evidence[bounded-dirty2]" time="0.005" /><testcase classname="tests.test_native_delivery_live_entrypoints" name="test_live_entrypoint_requires_boolean_dirty_evidence[bounded-None]" time="0.003" /><testcase classname="tests.test_native_delivery_live_entrypoints" name="test_live_entrypoint_requires_boolean_dirty_evidence[switch-1]" time="0.002" /><testcase classname="tests.test_native_delivery_live_entrypoints" name="test_live_entrypoint_requires_boolean_dirty_evidence[switch-true]" time="0.003" /><testcase classname="tests.test_native_delivery_live_entrypoints" name="test_live_entrypoint_requires_boolean_dirty_evidence[switch-dirty2]" time="0.003" /><testcase classname="tests.test_native_delivery_live_entrypoints" name="test_live_entrypoint_requires_boolean_dirty_evidence[switch-None]" time="0.003" /><testcase classname="tests.test_native_delivery_live_entrypoints" name="test_live_entrypoint_requires_every_component_proof[bounded-fidelity_receipt-PASS]" time="0.001" /><testcase classname="tests.test_native_delivery_live_entrypoints" name="test_live_entrypoint_requires_every_component_proof[bounded-fidelity_receipt-UNVERIFIED]" time="0.002" /><testcase classname="tests.test_native_delivery_live_entrypoints" name="test_live_entrypoint_requires_every_component_proof[bounded-recovery_receipt-PASS]" time="0.002" /><testcase classname="tests.test_native_delivery_live_entrypoints" name="test_live_entrypoint_requires_every_component_proof[bounded-recovery_receipt-UNVERIFIED]" time="0.002" /><testcase classname="tests.test_native_delivery_live_entrypoints" name="test_live_entrypoint_requires_every_component_proof[bounded-missing_receipt-PASS]" time="0.003" /><testcase classname="tests.test_native_delivery_live_entrypoints" name="test_live_entrypoint_requires_every_component_proof[bounded-missing_receipt-UNVERIFIED]" time="0.003" /><testcase classname="tests.test_native_delivery_live_entrypoints" name="test_live_entrypoint_requires_every_component_proof[bounded-empty-PASS]" time="0.002" /><testcase classname="tests.test_native_delivery_live_entrypoints" name="test_live_entrypoint_requires_every_component_proof[bounded-empty-UNVERIFIED]" time="0.001" /><testcase classname="tests.test_native_delivery_live_entrypoints" name="test_live_entrypoint_requires_every_component_proof[bounded-partial-PASS]" time="0.003" /><testcase classname="tests.test_native_delivery_live_entrypoints" name="test_live_entrypoint_requires_every_component_proof[bounded-partial-UNVERIFIED]" time="0.003" /><testcase classname="tests.test_native_delivery_live_entrypoints" name="test_live_entrypoint_requires_every_component_proof[bounded-failed_sample-PASS]" time="0.003" /><testcase classname="tests.test_native_delivery_live_entrypoints" name="test_live_entrypoint_requires_every_component_proof[bounded-failed_sample-UNVERIFIED]" time="0.003" /><testcase classname="tests.test_native_delivery_live_entrypoints" name="test_live_entrypoint_requires_every_component_proof[switch-fidelity_receipt-PASS]" time="0.002" /><testcase classname="tests.test_native_delivery_live_entrypoints" name="test_live_entrypoint_requires_every_component_proof[switch-fidelity_receipt-UNVERIFIED]" time="0.003" /><testcase classname="tests.test_native_delivery_live_entrypoints" name="test_live_entrypoint_requires_every_component_proof[switch-recovery_receipt-PASS]" time="0.003" /><testcase classname="tests.test_native_delivery_live_entrypoints" name="test_live_entrypoint_requires_every_component_proof[switch-recovery_receipt-UNVERIFIED]" time="0.004" /><testcase classname="tests.test_native_delivery_live_entrypoints" name="test_live_entrypoint_requires_every_component_proof[switch-missing_receipt-PASS]" time="0.002" /><testcase classname="tests.test_native_delivery_live_entrypoints" name="test_live_entrypoint_requires_every_component_proof[switch-missing_receipt-UNVERIFIED]" time="0.004" /><testcase classname="tests.test_native_delivery_live_entrypoints" name="test_live_entrypoint_requires_every_component_proof[switch-empty-PASS]" time="0.003" /><testcase classname="tests.test_native_delivery_live_entrypoints" name="test_live_entrypoint_requires_every_component_proof[switch-empty-UNVERIFIED]" time="0.008" /><testcase classname="tests.test_native_delivery_live_entrypoints" name="test_live_entrypoint_requires_every_component_proof[switch-partial-PASS]" time="0.003" /><testcase classname="tests.test_native_delivery_live_entrypoints" name="test_live_entrypoint_requires_every_component_proof[switch-partial-UNVERIFIED]" time="0.002" /><testcase classname="tests.test_native_delivery_live_entrypoints" name="test_live_entrypoint_requires_every_component_proof[switch-failed_sample-PASS]" time="0.002" /><testcase classname="tests.test_native_delivery_live_entrypoints" name="test_live_entrypoint_requires_every_component_proof[switch-failed_sample-UNVERIFIED]" time="0.004" /><testcase classname="tests.test_native_delivery_live_entrypoints" name="test_hermetic_execution_cannot_obtain_live_allowance[bounded-PASS]" time="0.006" /><testcase classname="tests.test_native_delivery_live_entrypoints" name="test_hermetic_execution_cannot_obtain_live_allowance[bounded-UNVERIFIED]" time="0.005" /><testcase classname="tests.test_native_delivery_live_entrypoints" name="test_hermetic_execution_cannot_obtain_live_allowance[switch-PASS]" time="0.002" /><testcase classname="tests.test_native_delivery_live_entrypoints" name="test_hermetic_execution_cannot_obtain_live_allowance[switch-UNVERIFIED]" time="0.003" /><testcase classname="tests.test_native_delivery_live_entrypoints" name="test_actual_producer_late_identity_failure_is_rejected_by_live_entrypoint[bounded]" time="6.350" /><testcase classname="tests.test_native_delivery_live_entrypoints" name="test_actual_producer_late_identity_failure_is_rejected_by_live_entrypoint[switch]" time="3.437" /><testcase classname="tests.test_native_delivery_live_benchmark" name="test_profiles_are_deterministic_and_bind_the_seed[narrow]" time="0.001" /><testcase classname="tests.test_native_delivery_live_benchmark" name="test_profiles_are_deterministic_and_bind_the_seed[wide]" time="0.005" /><testcase classname="tests.test_native_delivery_live_benchmark" name="test_profiles_are_deterministic_and_bind_the_seed[unicode]" time="0.000" /><testcase classname="tests.test_native_delivery_live_benchmark" name="test_profiles_are_deterministic_and_bind_the_seed[decimal]" time="0.001" /><testcase classname="tests.test_native_delivery_live_benchmark" name="test_profiles_are_deterministic_and_bind_the_seed[null]" time="0.000" /><testcase classname="tests.test_native_delivery_live_benchmark" name="test_profiles_are_deterministic_and_bind_the_seed[binary]" time="0.001" /><testcase classname="tests.test_native_delivery_live_benchmark" name="test_profiles_are_deterministic_and_bind_the_seed[skewed]" time="0.000" /><testcase classname="tests.test_native_delivery_live_benchmark" name="test_exact_multiset_preserves_types_null_empty_binary_and_duplicates" time="0.000" /><testcase classname="tests.test_native_delivery_live_benchmark" name="test_dataset_rejects_invalid_rows[-1]" time="0.000" /><testcase classname="tests.test_native_delivery_live_benchmark" name="test_dataset_rejects_invalid_rows[True]" time="0.000" /><testcase classname="tests.test_native_delivery_live_benchmark" name="test_dataset_rejects_invalid_rows[1.2]" time="0.000" /><testcase classname="tests.test_native_delivery_live_benchmark" name="test_atomic_artifacts_refuse_overwrite_and_detect_tampering" time="0.003" /><testcase classname="tests.test_native_delivery_live_benchmark" name="test_artifact_paths_cannot_escape[../escape]" time="0.001" /><testcase classname="tests.test_native_delivery_live_benchmark" name="test_artifact_paths_cannot_escape[/tmp/escape]" time="0.001" /><testcase classname="tests.test_native_delivery_live_benchmark" name="test_serialization_failure_preserves_existing_output" time="0.001" /><testcase classname="tests.test_native_delivery_live_benchmark" name="test_hermetic_envelope_matches_frozen_fields_without_live_authority" time="2.757" /><testcase classname="tests.test_native_delivery_live_benchmark" name="test_comparison_rejects_identity_and_layout_drift[workload]" time="0.001" /><testcase classname="tests.test_native_delivery_live_benchmark" name="test_comparison_rejects_identity_and_layout_drift[configuration]" time="0.000" /><testcase classname="tests.test_native_delivery_live_benchmark" name="test_comparison_rejects_identity_and_layout_drift[environment]" time="0.000" /><testcase classname="tests.test_native_delivery_live_benchmark" name="test_comparison_rejects_identity_and_layout_drift[route]" time="0.000" /><testcase classname="tests.test_native_delivery_live_benchmark" name="test_parser_rejects_contract_and_binding_corruption[version]" time="2.989" /><testcase classname="tests.test_native_delivery_live_benchmark" name="test_parser_rejects_contract_and_binding_corruption[receipt_identity]" time="2.730" /><testcase classname="tests.test_native_delivery_live_benchmark" name="test_parser_rejects_contract_and_binding_corruption[missing_check]" time="2.716" /><testcase classname="tests.test_native_delivery_live_benchmark" name="test_parser_rejects_contract_and_binding_corruption[duplicate_sample]" time="2.574" /><testcase classname="tests.test_native_delivery_live_benchmark" name="test_metrics_keep_zero_separate_from_absence[metric0]" time="0.001" /><testcase classname="tests.test_native_delivery_live_benchmark" name="test_metrics_keep_zero_separate_from_absence[metric1]" time="0.000" /><testcase classname="tests.test_native_delivery_live_benchmark" name="test_metrics_reject_nonfinite_boolean_negative_values[nan]" time="0.000" /><testcase classname="tests.test_native_delivery_live_benchmark" name="test_metrics_reject_nonfinite_boolean_negative_values[inf]" time="0.000" /><testcase classname="tests.test_native_delivery_live_benchmark" name="test_metrics_reject_nonfinite_boolean_negative_values[True]" time="0.000" /><testcase classname="tests.test_native_delivery_live_benchmark" name="test_metrics_reject_nonfinite_boolean_negative_values[-1]" time="0.000" /><testcase classname="tests.test_native_delivery_live_benchmark" name="test_configuration_uses_exact_canonical_limits[&lt;lambda&gt;-exact_limits_required0]" time="0.000" /><testcase classname="tests.test_native_delivery_live_benchmark" name="test_configuration_uses_exact_canonical_limits[&lt;lambda&gt;-exact_limits_required1]" time="0.000" /><testcase classname="tests.test_native_delivery_live_benchmark" name="test_configuration_uses_exact_canonical_limits[&lt;lambda&gt;-mssql_native.max_row_bytes_exceeds_chunk]" time="0.000" /><testcase classname="tests.test_native_delivery_live_benchmark" name="test_configuration_uses_exact_canonical_limits[&lt;lambda&gt;-mssql_native.invalid_limit:parallelism]" time="0.000" /><testcase classname="tests.test_native_delivery_live_benchmark" name="test_configuration_uses_exact_canonical_limits[&lt;lambda&gt;-mssql_native.invalid_limit:max_pending]" time="0.001" /><testcase classname="tests.test_native_delivery_live_benchmark" name="test_configuration_uses_exact_canonical_limits[&lt;lambda&gt;-mssql_native.invalid_limit:max_rows]" time="0.001" /><testcase classname="tests.test_native_delivery_live_benchmark" name="test_shared_limits_normalization_preserves_configuration_bytes_and_detaches_input" time="0.000" /><testcase classname="tests.test_native_delivery_live_benchmark" name="test_absence_writes_skip_without_factory_import[False]" time="0.224" /><testcase classname="tests.test_native_delivery_live_benchmark" name="test_absence_writes_skip_without_factory_import[True]" time="0.210" /><testcase classname="tests.test_native_delivery_live_benchmark" name="test_output_failure_happens_before_live_factory" time="0.003" /><testcase classname="tests.test_native_delivery_live_benchmark" name="test_symlinked_artifact_is_rejected" time="0.002" /><testcase classname="tests.test_native_delivery_live_benchmark" name="test_unsafe_environment_is_rejected_and_not_echoed" time="0.227" /><testcase classname="tests.test_native_delivery_live_benchmark" name="test_source_reopening_and_duplicate_publication_fail_recovery" time="0.003" /><testcase classname="tests.test_native_delivery_live_benchmark" name="test_failed_fidelity_prevents_timed_trials" time="0.834" /><testcase classname="tests.test_native_delivery_live_benchmark" name="test_clock_measures_visibility_before_pipeline" time="0.000" /><testcase classname="tests.test_native_delivery_live_benchmark" name="test_wide_profile_has_200_columns" time="0.000" /><testcase classname="tests.test_native_delivery_live_benchmark" name="test_maintenance_retains_unknown_resources[cleanup-False-UNVERIFIED]" time="0.002" /><testcase classname="tests.test_native_delivery_live_benchmark" name="test_maintenance_retains_unknown_resources[cleanup-True-PASS]" time="0.002" /><testcase classname="tests.test_native_delivery_live_benchmark" name="test_maintenance_retains_unknown_resources[recover-False-UNVERIFIED]" time="0.003" /><testcase classname="tests.test_native_delivery_live_benchmark" name="test_maintenance_retains_unknown_resources[recover-True-PASS]" time="0.002" /><testcase classname="tests.test_native_delivery_live_benchmark" name="test_failing_atomic_replace_keeps_previous_envelope_and_receipts" time="0.005" /><testcase classname="tests.test_native_delivery_live_benchmark" name="test_wrong_loaded_baseline_is_rejected" time="0.102" /><testcase classname="tests.test_native_delivery_live_benchmark" name="test_help_and_import_do_not_discover_services" time="0.006" /><testcase classname="tests.test_native_delivery_live_benchmark" name="test_lost_ack_must_really_fire_and_probe_receipt[event]" time="0.003" /><testcase classname="tests.test_native_delivery_live_benchmark" name="test_lost_ack_must_really_fire_and_probe_receipt[probe]" time="0.002" /><testcase classname="tests.test_native_delivery_live_benchmark" name="test_noop_recovery_of_known_rollback_cannot_pass" time="0.002" /><testcase classname="tests.test_native_delivery_live_benchmark" name="test_inspector_rejects_description_tampering[limits]" time="2.225" /><testcase classname="tests.test_native_delivery_live_benchmark" name="test_inspector_rejects_description_tampering[versions]" time="4.403" /><testcase classname="tests.test_native_delivery_live_benchmark" name="test_inspector_rejects_description_tampering[rows]" time="6.026" /><testcase classname="tests.test_native_delivery_live_benchmark" name="test_failed_trial_records_observed_target_count" time="4.645" /><testcase classname="tests.test_native_delivery_live_benchmark" name="test_fixed_v1_contract_fixture_remains_valid_and_unverified" time="0.010" /><testcase classname="tests.test_native_delivery_live_benchmark" name="test_unknown_commit_replay_must_preserve_target" time="0.003" /><testcase classname="tests.test_native_delivery_live_benchmark" name="test_maintenance_rejects_repeat_publication" time="0.003" /><testcase classname="tests.test_native_delivery_live_benchmark" name="test_producer_drift_fails_even_when_subject_is_unchanged" time="0.847" /><testcase classname="tests.test_native_delivery_live_benchmark" name="test_live_fixture_exceptions_are_redacted_without_chaining" time="0.001" /><testcase classname="tests.test_native_delivery_live_benchmark" name="test_json_assertions_do_not_coerce_booleans[True-1]" time="0.001" /><testcase classname="tests.test_native_delivery_live_benchmark" name="test_json_assertions_do_not_coerce_booleans[False-0]" time="0.000" /><testcase classname="tests.test_native_delivery_live_benchmark" name="test_json_assertions_do_not_coerce_booleans[expected2-observed2]" time="0.000" /><testcase classname="tests.test_native_delivery_live_benchmark" name="test_live_factory_setup_failure_has_no_driver_exception_chain" time="0.002" /><testcase classname="tests.test_native_delivery_live_benchmark" name="test_capture_freezes_reused_row_dictionaries" time="0.000" /><testcase classname="tests.test_native_delivery_live_benchmark" name="test_outside_window_snapshots_cannot_be_rewritten_in_place[publish]" time="1.523" /><testcase classname="tests.test_native_delivery_live_benchmark" name="test_outside_window_snapshots_cannot_be_rewritten_in_place[unknown_recovery]" time="1.606" /><testcase classname="tests.test_native_delivery_live_benchmark" name="test_full_refresh_unknown_commit_may_replace_all_old_rows" time="0.007" /><testcase classname="tests.test_native_delivery_live_recovery_boundaries" name="test_recovery_cannot_hide_an_invalid_initial_boundary[unknown_commit-partial_rows-receipt_first_recovery-partition_replace]" time="0.004" /><testcase classname="tests.test_native_delivery_live_recovery_boundaries" name="test_recovery_cannot_hide_an_invalid_initial_boundary[unknown_commit-partial_rows-receipt_first_recovery-full_refresh]" time="0.010" /><testcase classname="tests.test_native_delivery_live_recovery_boundaries" name="test_recovery_cannot_hide_an_invalid_initial_boundary[unknown_commit-complete-receipt_first_recovery-partition_replace]" time="0.003" /><testcase classname="tests.test_native_delivery_live_recovery_boundaries" name="test_recovery_cannot_hide_an_invalid_initial_boundary[unknown_commit-complete-receipt_first_recovery-full_refresh]" time="0.003" /><testcase classname="tests.test_native_delivery_live_recovery_boundaries" name="test_recovery_cannot_hide_an_invalid_initial_boundary[unknown_commit-publications-receipt_first_recovery-partition_replace]" time="0.004" /><testcase classname="tests.test_native_delivery_live_recovery_boundaries" name="test_recovery_cannot_hide_an_invalid_initial_boundary[unknown_commit-publications-receipt_first_recovery-full_refresh]" time="0.004" /><testcase classname="tests.test_native_delivery_live_recovery_boundaries" name="test_recovery_cannot_hide_an_invalid_initial_boundary[before_commit-complete-rollback-partition_replace]" time="0.003" /><testcase classname="tests.test_native_delivery_live_recovery_boundaries" name="test_recovery_cannot_hide_an_invalid_initial_boundary[before_commit-complete-rollback-full_refresh]" time="0.007" /><testcase classname="tests.test_native_delivery_live_recovery_boundaries" name="test_recovery_cannot_hide_an_invalid_initial_boundary[after_eof-complete-source_free_resume-partition_replace]" time="0.007" /><testcase classname="tests.test_native_delivery_live_recovery_boundaries" name="test_recovery_cannot_hide_an_invalid_initial_boundary[after_eof-complete-source_free_resume-full_refresh]" time="0.005" /><testcase classname="tests.test_native_delivery_live_recovery_boundaries" name="test_recovery_cannot_hide_an_invalid_initial_boundary[after_eof-outside-source_free_resume-partition_replace]" time="0.006" /><testcase classname="tests.test_native_delivery_live_recovery_boundaries" name="test_recovery_cannot_hide_an_invalid_initial_boundary[after_eof-outside-source_free_resume-full_refresh]" time="0.006" /><testcase classname="tests.test_native_delivery_live_recovery_boundaries" name="test_recovery_cannot_hide_an_invalid_initial_boundary[after_eof-publications-source_free_resume-partition_replace]" time="0.006" /><testcase classname="tests.test_native_delivery_live_recovery_boundaries" name="test_recovery_cannot_hide_an_invalid_initial_boundary[after_eof-publications-source_free_resume-full_refresh]" time="0.008" /><testcase classname="tests.test_native_delivery_live_recovery_boundaries" name="test_recovery_cannot_hide_an_invalid_initial_boundary[lost_ack-partial_rows-receipt_first_recovery-partition_replace]" time="0.005" /><testcase classname="tests.test_native_delivery_live_recovery_boundaries" name="test_recovery_cannot_hide_an_invalid_initial_boundary[lost_ack-partial_rows-receipt_first_recovery-full_refresh]" time="0.006" /><testcase classname="tests.test_native_delivery_live_recovery_boundaries" name="test_recovery_cannot_hide_an_invalid_initial_boundary[lost_ack-outside-receipt_first_recovery-partition_replace]" time="0.006" /><testcase classname="tests.test_native_delivery_live_recovery_boundaries" name="test_recovery_cannot_hide_an_invalid_initial_boundary[lost_ack-outside-receipt_first_recovery-full_refresh]" time="0.006" /><testcase classname="tests.test_native_delivery_live_recovery_boundaries" name="test_ordinary_delivery_requires_one_source_query_and_one_publication[queries-0-type-fidelity]" time="1.683" /><testcase classname="tests.test_native_delivery_live_recovery_boundaries" name="test_ordinary_delivery_requires_one_source_query_and_one_publication[queries-0-trial-]" time="6.781" /><testcase classname="tests.test_native_delivery_live_recovery_boundaries" name="test_ordinary_delivery_requires_one_source_query_and_one_publication[queries-2-type-fidelity]" time="1.354" /><testcase classname="tests.test_native_delivery_live_recovery_boundaries" name="test_ordinary_delivery_requires_one_source_query_and_one_publication[queries-2-trial-]" time="4.137" /><testcase classname="tests.test_native_delivery_live_recovery_boundaries" name="test_ordinary_delivery_requires_one_source_query_and_one_publication[publications-0-type-fidelity]" time="1.171" /><testcase classname="tests.test_native_delivery_live_recovery_boundaries" name="test_ordinary_delivery_requires_one_source_query_and_one_publication[publications-0-trial-]" time="4.145" /><testcase classname="tests.test_native_delivery_live_recovery_boundaries" name="test_ordinary_delivery_requires_one_source_query_and_one_publication[publications-2-type-fidelity]" time="1.424" /><testcase classname="tests.test_native_delivery_live_recovery_boundaries" name="test_ordinary_delivery_requires_one_source_query_and_one_publication[publications-2-trial-]" time="4.638" /><testcase classname="tests.test_native_delivery_live_recovery_boundaries" name="test_unknown_outcome_accepts_atomic_state_without_claiming_commit_authority[old-False]" time="0.005" /><testcase classname="tests.test_native_delivery_live_recovery_boundaries" name="test_unknown_outcome_accepts_atomic_state_without_claiming_commit_authority[new-False]" time="0.007" /><testcase classname="tests.test_native_delivery_live_recovery_boundaries" name="test_unknown_outcome_accepts_atomic_state_without_claiming_commit_authority[new-True]" time="0.004" /><testcase classname="tests.test_native_delivery_live_recovery_boundaries" name="test_known_commit_may_finish_pipeline_during_receipt_first_recovery" time="0.004" /><testcase classname="tests.test_native_delivery_live_recovery_boundaries" name="test_recovery_observations_accept_single_use_row_iterators" time="0.004" /><testcase classname="tests.test_native_delivery_live_recovery_boundaries" name="test_recovery_cannot_hide_initial_metadata_or_receipt_damage[before_commit-rollback-metadata_observed]" time="0.006" /><testcase classname="tests.test_native_delivery_live_recovery_boundaries" name="test_recovery_cannot_hide_initial_metadata_or_receipt_damage[before_commit-rollback-receipt_observed]" time="0.008" /><testcase classname="tests.test_native_delivery_live_recovery_boundaries" name="test_recovery_cannot_hide_initial_metadata_or_receipt_damage[after_eof-source_free_resume-metadata_observed]" time="0.007" /><testcase classname="tests.test_native_delivery_live_recovery_boundaries" name="test_recovery_cannot_hide_initial_metadata_or_receipt_damage[after_eof-source_free_resume-receipt_observed]" time="0.004" /><testcase classname="tests.test_native_delivery_live_recovery_boundaries" name="test_recovery_cannot_hide_initial_metadata_or_receipt_damage[lost_ack-receipt_first_recovery-metadata_observed]" time="0.005" /><testcase classname="tests.test_native_delivery_live_recovery_boundaries" name="test_recovery_cannot_hide_initial_metadata_or_receipt_damage[lost_ack-receipt_first_recovery-receipt_observed]" time="0.006" /><testcase classname="tests.test_native_delivery_live_recovery_boundaries" name="test_recovery_cannot_hide_initial_metadata_or_receipt_damage[unknown_commit-receipt_first_recovery-metadata_observed]" time="0.007" /><testcase classname="tests.test_native_delivery_live_recovery_boundaries" name="test_recovery_cannot_hide_initial_metadata_or_receipt_damage[unknown_commit-receipt_first_recovery-receipt_observed]" time="0.005" /><testcase classname="tests.test_native_delivery_live_recovery_boundaries" name="test_unknown_outcome_without_metadata_authority_is_unverified" time="0.004" /><testcase classname="tests.test_native_delivery_live_recovery_boundaries" name="test_fresh_invocation_cannot_reset_existing_progress[queries-1]" time="1.219" /><testcase classname="tests.test_native_delivery_live_recovery_boundaries" name="test_fresh_invocation_cannot_reset_existing_progress[publications-1]" time="1.556" /><testcase classname="tests.test_native_delivery_live_recovery_boundaries" name="test_fresh_invocation_cannot_reset_existing_progress[complete-True]" time="1.613" /><testcase classname="tests.test_native_delivery_live_recovery_boundaries" name="test_unknown_old_target_cannot_gain_an_operation_receipt[partition_replace]" time="0.006" /><testcase classname="tests.test_native_delivery_live_recovery_boundaries" name="test_unknown_old_target_cannot_gain_an_operation_receipt[full_refresh]" time="0.004" /><testcase classname="tests.test_native_delivery_live_recovery_boundaries" name="test_retained_failure_preserves_metadata_mismatch[before_commit-rollback]" time="2.316" /><testcase classname="tests.test_native_delivery_live_recovery_boundaries" name="test_retained_failure_preserves_metadata_mismatch[after_eof-source_free_resume]" time="2.596" /><testcase classname="tests.test_native_delivery_live_recovery_boundaries" name="test_retained_failure_preserves_metadata_mismatch[lost_ack-receipt_first_recovery]" time="2.245" /><testcase classname="tests.test_native_delivery_live_recovery_boundaries" name="test_retained_failure_preserves_metadata_mismatch[unknown_commit-receipt_first_recovery]" time="2.896" /><testcase classname="tests.test_mssql_native_delivery_benchmark" name="test_hermetic_samples_produce_unverified_report_with_raw_references" time="0.139" /><testcase classname="tests.test_mssql_native_delivery_benchmark" name="test_live_shape_gate_boundaries_are_hermetic_contract_tests[8.5-PASS]" time="0.367" /><testcase classname="tests.test_mssql_native_delivery_benchmark" name="test_live_shape_gate_boundaries_are_hermetic_contract_tests[8.6-FAIL]" time="0.128" /><testcase classname="tests.test_mssql_native_delivery_benchmark" name="test_live_shape_gate_boundaries_are_hermetic_contract_tests[10.6-FAIL]" time="0.434" /><testcase classname="tests.test_mssql_native_delivery_benchmark" name="test_schema_identity_and_drift_rejected[&lt;lambda&gt;0]" time="0.075" /><testcase classname="tests.test_mssql_native_delivery_benchmark" name="test_schema_identity_and_drift_rejected[&lt;lambda&gt;1]" time="0.159" /><testcase classname="tests.test_mssql_native_delivery_benchmark" name="test_schema_identity_and_drift_rejected[&lt;lambda&gt;2]" time="0.430" /><testcase classname="tests.test_mssql_native_delivery_benchmark" name="test_schema_identity_and_drift_rejected[&lt;lambda&gt;3]" time="0.283" /><testcase classname="tests.test_mssql_native_delivery_benchmark" name="test_schema_identity_and_drift_rejected[&lt;lambda&gt;4]" time="0.120" /><testcase classname="tests.test_mssql_native_delivery_benchmark" name="test_schema_identity_and_drift_rejected[&lt;lambda&gt;5]" time="0.106" /><testcase classname="tests.test_mssql_native_delivery_benchmark" name="test_schema_identity_and_drift_rejected[&lt;lambda&gt;6]" time="0.063" /><testcase classname="tests.test_mssql_native_delivery_benchmark" name="test_schema_identity_and_drift_rejected[&lt;lambda&gt;7]" time="0.115" /><testcase classname="tests.test_mssql_native_delivery_benchmark" name="test_schema_identity_and_drift_rejected[&lt;lambda&gt;8]" time="0.057" /><testcase classname="tests.test_mssql_native_delivery_benchmark" name="test_invalid_limit_fields_and_values_keep_consumer_error[&lt;lambda&gt;0]" time="0.063" /><testcase classname="tests.test_mssql_native_delivery_benchmark" name="test_invalid_limit_fields_and_values_keep_consumer_error[&lt;lambda&gt;1]" time="0.056" /><testcase classname="tests.test_mssql_native_delivery_benchmark" name="test_invalid_limit_fields_and_values_keep_consumer_error[&lt;lambda&gt;2]" time="0.058" /><testcase classname="tests.test_mssql_native_delivery_benchmark" name="test_invalid_limit_fields_and_values_keep_consumer_error[&lt;lambda&gt;3]" time="0.066" /><testcase classname="tests.test_mssql_native_delivery_benchmark" name="test_invalid_limit_fields_and_values_keep_consumer_error[&lt;lambda&gt;4]" time="0.059" /><testcase classname="tests.test_mssql_native_delivery_benchmark" name="test_tampered_receipt_bytes_rejected_even_when_supplied_pass" time="0.088" /><testcase classname="tests.test_mssql_native_delivery_benchmark" name="test_ineligible_trials_never_produce_a_ratio[&lt;lambda&gt;-UNVERIFIED0]" time="0.103" /><testcase classname="tests.test_mssql_native_delivery_benchmark" name="test_ineligible_trials_never_produce_a_ratio[&lt;lambda&gt;-UNVERIFIED1]" time="0.226" /><testcase classname="tests.test_mssql_native_delivery_benchmark" name="test_ineligible_trials_never_produce_a_ratio[&lt;lambda&gt;-UNVERIFIED2]" time="0.203" /><testcase classname="tests.test_mssql_native_delivery_benchmark" name="test_ineligible_trials_never_produce_a_ratio[&lt;lambda&gt;-UNVERIFIED3]" time="0.135" /><testcase classname="tests.test_mssql_native_delivery_benchmark" name="test_failed_fidelity_blocks_success_despite_fast_samples" time="0.186" /><testcase classname="tests.test_mssql_native_delivery_benchmark" name="test_receipt_identity_checked_after_valid_hash[&lt;lambda&gt;0]" time="0.270" /><testcase classname="tests.test_mssql_native_delivery_benchmark" name="test_receipt_identity_checked_after_valid_hash[&lt;lambda&gt;1]" time="0.136" /><testcase classname="tests.test_mssql_native_delivery_benchmark" name="test_receipt_identity_checked_after_valid_hash[&lt;lambda&gt;2]" time="0.140" /><testcase classname="tests.test_mssql_native_delivery_benchmark" name="test_receipt_identity_checked_after_valid_hash[&lt;lambda&gt;3]" time="0.123" /><testcase classname="tests.test_mssql_native_delivery_benchmark" name="test_reference_escape_is_rejected[traversal]" time="0.062" /><testcase classname="tests.test_mssql_native_delivery_benchmark" name="test_reference_escape_is_rejected[absolute]" time="0.061" /><testcase classname="tests.test_mssql_native_delivery_benchmark" name="test_reference_escape_is_rejected[symlink]" time="0.065" /><testcase classname="tests.test_mssql_native_delivery_benchmark" name="test_campaign_requires_all_predeclared_cases_and_every_ratio_limit" time="0.572" /><testcase classname="tests.test_mssql_native_delivery_benchmark" name="test_atomic_output_hash_overwrite_and_alias_protection" time="0.489" /><testcase classname="tests.test_mssql_native_delivery_benchmark" name="test_atomic_write_failure_preserves_previous_report_and_cleans_temp" time="0.121" /><testcase classname="tests.test_mssql_native_delivery_benchmark" name="test_atomic_no_clobber_concurrent_publication" time="0.108" /><testcase classname="tests.test_mssql_native_delivery_benchmark" name="test_cli_status_streams_help_and_no_output_on_invalid_input" time="0.244" /><testcase classname="tests.test_mssql_native_delivery_benchmark" name="test_documented_python_and_cli_examples_execute_or_parse" time="0.006" /><testcase classname="tests.test_mssql_native_delivery_benchmark" name="test_output_outside_input_tree_retains_relative_verified_evidence" time="0.321" /><testcase classname="tests.test_mssql_native_delivery_benchmark" name="test_bundled_internal_symlink_reference_keeps_retained_bytes" time="0.239" /><testcase classname="tests.test_mssql_native_delivery_benchmark" name="test_exported_run_alias_preserves_relative_evidence[False-memory]" time="0.273" /><testcase classname="tests.test_mssql_native_delivery_benchmark" name="test_exported_run_alias_preserves_relative_evidence[False-same_tree]" time="0.215" /><testcase classname="tests.test_mssql_native_delivery_benchmark" name="test_exported_run_alias_preserves_relative_evidence[False-bundle]" time="0.234" /><testcase classname="tests.test_mssql_native_delivery_benchmark" name="test_exported_run_alias_preserves_relative_evidence[True-memory]" time="0.225" /><testcase classname="tests.test_mssql_native_delivery_benchmark" name="test_exported_run_alias_preserves_relative_evidence[True-same_tree]" time="0.241" /><testcase classname="tests.test_mssql_native_delivery_benchmark" name="test_exported_run_alias_preserves_relative_evidence[True-bundle]" time="0.240" /><testcase classname="tests.test_mssql_native_delivery_benchmark" name="test_exported_campaign_alias_preserves_relative_runs[memory]" time="0.221" /><testcase classname="tests.test_mssql_native_delivery_benchmark" name="test_exported_campaign_alias_preserves_relative_runs[same_tree]" time="0.222" /><testcase classname="tests.test_mssql_native_delivery_benchmark" name="test_exported_campaign_alias_preserves_relative_runs[bundle]" time="0.288" /><testcase classname="tests.test_mssql_native_delivery_benchmark" name="test_sidecar_reconstructs_real_collector_diagnostic_status[None-PASS]" time="0.114" /><testcase classname="tests.test_mssql_native_delivery_benchmark" name="test_sidecar_reconstructs_real_collector_diagnostic_status[clock-UNVERIFIED]" time="0.127" /><testcase classname="tests.test_mssql_native_delivery_benchmark" name="test_sidecar_reconstructs_real_collector_diagnostic_status[overflow-UNVERIFIED]" time="0.116" /><testcase classname="tests.test_mssql_native_delivery_benchmark" name="test_malformed_or_inconsistent_sidecar_never_authorizes_pass[&lt;lambda&gt;0]" time="0.101" /><testcase classname="tests.test_mssql_native_delivery_benchmark" name="test_malformed_or_inconsistent_sidecar_never_authorizes_pass[&lt;lambda&gt;1]" time="0.083" /><testcase classname="tests.test_mssql_native_delivery_benchmark" name="test_malformed_or_inconsistent_sidecar_never_authorizes_pass[&lt;lambda&gt;2]" time="0.091" /><testcase classname="tests.test_mssql_native_delivery_benchmark" name="test_malformed_or_inconsistent_sidecar_never_authorizes_pass[&lt;lambda&gt;3]" time="0.086" /><testcase classname="tests.test_mssql_native_delivery_benchmark" name="test_malformed_or_inconsistent_sidecar_never_authorizes_pass[&lt;lambda&gt;4]" time="0.088" /><testcase classname="tests.test_mssql_native_delivery_benchmark" name="test_malformed_or_inconsistent_sidecar_never_authorizes_pass[&lt;lambda&gt;5]" time="0.092" /><testcase classname="tests.test_mssql_native_delivery_benchmark" name="test_malformed_or_inconsistent_sidecar_never_authorizes_pass[&lt;lambda&gt;6]" time="0.093" /><testcase classname="tests.test_mssql_native_delivery_benchmark" name="test_malformed_or_inconsistent_sidecar_never_authorizes_pass[&lt;lambda&gt;7]" time="0.106" /><testcase classname="tests.test_mssql_native_delivery_benchmark" name="test_malformed_or_inconsistent_sidecar_never_authorizes_pass[&lt;lambda&gt;8]" time="0.100" /><testcase classname="tests.test_mssql_native_delivery_benchmark" name="test_evidence_assertions_preserve_json_scalar_types" time="0.086" /><testcase classname="tests.test_mssql_native_delivery_benchmark" name="test_cli_argument_errors_do_not_echo_sensitive_unrecognized_values" time="0.002" /><testcase classname="tests.test_mssql_native_delivery_benchmark" name="test_raw_schema_version_boolean_is_not_integer_identity" time="0.076" /><testcase classname="tests.test_mssql_native_delivery_benchmark" name="test_identity_records_do_not_coerce_integer_or_resource_types[&lt;lambda&gt;0]" time="0.050" /><testcase classname="tests.test_mssql_native_delivery_benchmark" name="test_identity_records_do_not_coerce_integer_or_resource_types[&lt;lambda&gt;1]" time="0.053" /><testcase classname="tests.test_mssql_native_delivery_benchmark" name="test_identity_records_do_not_coerce_integer_or_resource_types[&lt;lambda&gt;2]" time="0.089" /><testcase classname="tests.test_mssql_native_delivery_benchmark" name="test_observation_sidecar_version_requires_integer[True]" time="0.074" /><testcase classname="tests.test_mssql_native_delivery_benchmark" name="test_observation_sidecar_version_requires_integer[1.0]" time="0.066" /><testcase classname="tests.test_mssql_native_delivery_benchmark" name="test_envelope_provenance_and_version_accept_frozen_descriptive_strings" time="0.089" /></testsuite></testsuites>