<?xml version="1.0" encoding="utf-8"?><testsuites name="pytest tests"><testsuite name="pytest" errors="0" failures="0" skipped="0" tests="7" time="15.465" timestamp="2026-09-11T03:03:31.709802+03:00" hostname="MacBook-Air-VseInstrumenty.local"><testcase classname="tests.test_native_delivery_upstream_provenance" name="test_reviewed_import_accepts_only_exact_patch_blob_or_pinned_resolution" time="2.368" /><testcase classname="tests.test_native_delivery_upstream_provenance" name="test_merge_cannot_bypass_import_delta_verification" time="1.704" /><testcase classname="tests.test_native_delivery_upstream_provenance" name="test_import_rejects_altered_foreign_blob_unexpected_path_and_unapproved_resolution[foreign]" time="2.630" /><testcase classname="tests.test_native_delivery_upstream_provenance" name="test_import_rejects_altered_foreign_blob_unexpected_path_and_unapproved_resolution[unexpected]" time="2.126" /><testcase classname="tests.test_native_delivery_upstream_provenance" name="test_import_rejects_altered_foreign_blob_unexpected_path_and_unapproved_resolution[resolution]" time="1.997" /><testcase classname="tests.test_native_delivery_upstream_provenance" name="test_final_preservation_checks_upstream_only_mode_and_blob" time="1.372" /><testcase classname="tests.test_native_delivery_upstream_provenance" name="test_final_preservation_rejects_mode_only_change" time="2.598" /></testsuite></testsuites>